<?xml version="1.0" encoding="UTF-8"?>
<coverage generated="1567158057266" clover="3.2.0">
  <project timestamp="1567158057266" name="All files">
    <metrics statements="1128" coveredstatements="896" conditionals="385" coveredconditionals="256" methods="186" coveredmethods="136" elements="1699" coveredelements="1288" complexity="0" loc="1128" ncloc="1128" packages="25" files="53" classes="53">
      <package name="components.Autocomplete">
        <metrics statements="32" coveredstatements="30" conditionals="31" coveredconditionals="24" methods="3" coveredmethods="3"/>
        <file name="index.vue" path="/home/spineor/Downloads/aelis4-web/vue-client/src/components/Autocomplete/index.vue">
          <metrics statements="32" coveredstatements="30" conditionals="31" coveredconditionals="24" methods="3" coveredmethods="3"/>
          <line num="26" count="7" type="stmt"/>
          <line num="27" count="7" type="stmt"/>
          <line num="32" count="16" type="stmt"/>
          <line num="125" count="2" type="cond" truecount="1" falsecount="1"/>
          <line num="126" count="0" type="stmt"/>
          <line num="132" count="2" type="cond" truecount="4" falsecount="1"/>
          <line num="133" count="2" type="stmt"/>
          <line num="134" count="2" type="cond" truecount="5" falsecount="0"/>
          <line num="135" count="1" type="stmt"/>
          <line num="137" count="1" type="stmt"/>
          <line num="138" count="1" type="cond" truecount="1" falsecount="1"/>
          <line num="140" count="1" type="stmt"/>
          <line num="142" count="1" type="stmt"/>
          <line num="146" count="0" type="stmt"/>
          <line num="149" count="1" type="stmt"/>
          <line num="150" count="1" type="cond" truecount="1" falsecount="1"/>
          <line num="151" count="1" type="stmt"/>
          <line num="153" count="1" type="cond" truecount="1" falsecount="1"/>
          <line num="154" count="1" type="stmt"/>
          <line num="158" count="1" type="cond" truecount="1" falsecount="1"/>
          <line num="159" count="1" type="stmt"/>
          <line num="163" count="1" type="stmt"/>
          <line num="165" count="1" type="cond" truecount="1" falsecount="1"/>
          <line num="166" count="1" type="stmt"/>
          <line num="171" count="12" type="stmt"/>
          <line num="173" count="2" type="cond" truecount="5" falsecount="0"/>
          <line num="174" count="1" type="stmt"/>
          <line num="177" count="2" type="cond" truecount="4" falsecount="0"/>
          <line num="178" count="1" type="stmt"/>
          <line num="182" count="1" type="stmt"/>
          <line num="185" count="1" type="stmt"/>
          <line num="188" count="5" type="stmt"/>
        </file>
      </package>
      <package name="components.Callback">
        <metrics statements="3" coveredstatements="3" conditionals="2" coveredconditionals="1" methods="0" coveredmethods="0"/>
        <file name="index.vue" path="/home/spineor/Downloads/aelis4-web/vue-client/src/components/Callback/index.vue">
          <metrics statements="3" coveredstatements="3" conditionals="2" coveredconditionals="1" methods="0" coveredmethods="0"/>
          <line num="13" count="1" type="stmt"/>
          <line num="14" count="1" type="cond" truecount="1" falsecount="1"/>
          <line num="18" count="3" type="stmt"/>
        </file>
      </package>
      <package name="components.Hamburger">
        <metrics statements="1" coveredstatements="1" conditionals="0" coveredconditionals="0" methods="0" coveredmethods="0"/>
        <file name="index.vue" path="/home/spineor/Downloads/aelis4-web/vue-client/src/components/Hamburger/index.vue">
          <metrics statements="1" coveredstatements="1" conditionals="0" coveredconditionals="0" methods="0" coveredmethods="0"/>
          <line num="43" count="5" type="stmt"/>
        </file>
      </package>
      <package name="components.ShipperList">
        <metrics statements="34" coveredstatements="32" conditionals="20" coveredconditionals="14" methods="2" coveredmethods="1"/>
        <file name="index.vue" path="/home/spineor/Downloads/aelis4-web/vue-client/src/components/ShipperList/index.vue">
          <metrics statements="34" coveredstatements="32" conditionals="20" coveredconditionals="14" methods="2" coveredmethods="1"/>
          <line num="55" count="3" type="stmt"/>
          <line num="56" count="3" type="stmt"/>
          <line num="57" count="3" type="stmt"/>
          <line num="69" count="7" type="stmt"/>
          <line num="81" count="1" type="stmt"/>
          <line num="84" count="1" type="cond" truecount="1" falsecount="1"/>
          <line num="90" count="8" type="cond" truecount="3" falsecount="1"/>
          <line num="91" count="8" type="stmt"/>
          <line num="93" count="8" type="stmt"/>
          <line num="96" count="2" type="stmt"/>
          <line num="97" count="2" type="stmt"/>
          <line num="98" count="2" type="stmt"/>
          <line num="99" count="1" type="stmt"/>
          <line num="100" count="1" type="stmt"/>
          <line num="103" count="1" type="stmt"/>
          <line num="105" count="1" type="cond" truecount="1" falsecount="1"/>
          <line num="106" count="1" type="stmt"/>
          <line num="107" count="1" type="stmt"/>
          <line num="112" count="3" type="cond" truecount="1" falsecount="1"/>
          <line num="113" count="3" type="stmt"/>
          <line num="114" count="3" type="stmt"/>
          <line num="120" count="7" type="stmt"/>
          <line num="121" count="7" type="cond" truecount="2" falsecount="0"/>
          <line num="122" count="1" type="stmt"/>
          <line num="124" count="1" type="stmt"/>
          <line num="126" count="6" type="stmt"/>
          <line num="127" count="6" type="stmt"/>
          <line num="128" count="1" type="cond" truecount="2" falsecount="0"/>
          <line num="131" count="1" type="cond" truecount="3" falsecount="1"/>
          <line num="132" count="1" type="stmt"/>
          <line num="134" count="1" type="stmt"/>
          <line num="138" count="2" type="cond" truecount="1" falsecount="1"/>
          <line num="139" count="0" type="stmt"/>
          <line num="140" count="0" type="stmt"/>
        </file>
      </package>
      <package name="directives">
        <metrics statements="23" coveredstatements="8" conditionals="9" coveredconditionals="0" methods="5" coveredmethods="1"/>
        <file name="alphanumericValidation.js" path="/home/spineor/Downloads/aelis4-web/vue-client/src/directives/alphanumericValidation.js">
          <metrics statements="10" coveredstatements="4" conditionals="5" coveredconditionals="0" methods="2" coveredmethods="1"/>
          <line num="4" count="9" type="stmt"/>
          <line num="6" count="9" type="stmt"/>
          <line num="7" count="0" type="stmt"/>
          <line num="9" count="0" type="stmt"/>
          <line num="10" count="0" type="stmt"/>
          <line num="12" count="0" type="cond" truecount="0" falsecount="5"/>
          <line num="13" count="0" type="stmt"/>
          <line num="14" count="0" type="stmt"/>
          <line num="18" count="9" type="stmt"/>
          <line num="19" count="27" type="stmt"/>
        </file>
        <file name="numericValidation.js" path="/home/spineor/Downloads/aelis4-web/vue-client/src/directives/numericValidation.js">
          <metrics statements="13" coveredstatements="4" conditionals="4" coveredconditionals="0" methods="3" coveredmethods="0"/>
          <line num="4" count="4" type="stmt"/>
          <line num="6" count="4" type="stmt"/>
          <line num="7" count="0" type="stmt"/>
          <line num="9" count="0" type="stmt"/>
          <line num="11" count="0" type="cond" truecount="0" falsecount="4"/>
          <line num="12" count="0" type="stmt"/>
          <line num="13" count="0" type="stmt"/>
          <line num="17" count="4" type="stmt"/>
          <line num="18" count="0" type="stmt"/>
          <line num="21" count="4" type="stmt"/>
          <line num="22" count="0" type="stmt"/>
          <line num="23" count="0" type="stmt"/>
          <line num="24" count="0" type="stmt"/>
        </file>
      </package>
      <package name="plugins">
        <metrics statements="28" coveredstatements="27" conditionals="22" coveredconditionals="21" methods="2" coveredmethods="2"/>
        <file name="auth.js" path="/home/spineor/Downloads/aelis4-web/vue-client/src/plugins/auth.js">
          <metrics statements="6" coveredstatements="6" conditionals="4" coveredconditionals="4" methods="0" coveredmethods="0"/>
          <line num="5" count="10" type="stmt"/>
          <line num="7" count="10" type="stmt"/>
          <line num="9" count="64" type="cond" truecount="2" falsecount="0"/>
          <line num="10" count="7" type="stmt"/>
          <line num="15" count="3" type="cond" truecount="2" falsecount="0"/>
          <line num="16" count="1" type="stmt"/>
        </file>
        <file name="permissions.js" path="/home/spineor/Downloads/aelis4-web/vue-client/src/plugins/permissions.js">
          <metrics statements="22" coveredstatements="21" conditionals="18" coveredconditionals="17" methods="2" coveredmethods="2"/>
          <line num="4" count="6" type="stmt"/>
          <line num="5" count="6" type="stmt"/>
          <line num="21" count="6" type="stmt"/>
          <line num="22" count="36" type="cond" truecount="4" falsecount="0"/>
          <line num="23" count="29" type="stmt"/>
          <line num="25" count="7" type="cond" truecount="3" falsecount="1"/>
          <line num="26" count="0" type="stmt"/>
          <line num="28" count="7" type="stmt"/>
          <line num="34" count="6" type="stmt"/>
          <line num="38" count="31" type="stmt"/>
          <line num="40" count="684" type="stmt"/>
          <line num="47" count="110" type="cond" truecount="2" falsecount="0"/>
          <line num="48" count="1" type="stmt"/>
          <line num="52" count="109" type="stmt"/>
          <line num="53" count="109" type="stmt"/>
          <line num="54" count="109" type="cond" truecount="2" falsecount="0"/>
          <line num="55" count="67" type="stmt"/>
          <line num="60" count="42" type="cond" truecount="2" falsecount="0"/>
          <line num="61" count="36" type="stmt"/>
          <line num="66" count="42" type="cond" truecount="2" falsecount="0"/>
          <line num="67" count="3" type="stmt"/>
          <line num="70" count="42" type="cond" truecount="2" falsecount="0"/>
        </file>
      </package>
      <package name="store">
        <metrics statements="12" coveredstatements="11" conditionals="2" coveredconditionals="2" methods="9" coveredmethods="8"/>
        <file name="getters.js" path="/home/spineor/Downloads/aelis4-web/vue-client/src/store/getters.js">
          <metrics statements="10" coveredstatements="9" conditionals="2" coveredconditionals="2" methods="9" coveredmethods="8"/>
          <line num="1" count="32" type="stmt"/>
          <line num="2" count="2" type="stmt"/>
          <line num="3" count="0" type="stmt"/>
          <line num="4" count="2" type="stmt"/>
          <line num="5" count="15" type="stmt"/>
          <line num="6" count="10" type="stmt"/>
          <line num="7" count="3" type="stmt"/>
          <line num="8" count="3" type="stmt"/>
          <line num="9" count="1" type="stmt"/>
          <line num="10" count="4" type="cond" truecount="2" falsecount="0"/>
        </file>
        <file name="index.js" path="/home/spineor/Downloads/aelis4-web/vue-client/src/store/index.js">
          <metrics statements="2" coveredstatements="2" conditionals="0" coveredconditionals="0" methods="0" coveredmethods="0"/>
          <line num="12" count="32" type="stmt"/>
          <line num="14" count="32" type="stmt"/>
        </file>
      </package>
      <package name="store.modules">
        <metrics statements="44" coveredstatements="43" conditionals="2" coveredconditionals="1" methods="16" coveredmethods="16"/>
        <file name="app.js" path="/home/spineor/Downloads/aelis4-web/vue-client/src/store/modules/app.js">
          <metrics statements="13" coveredstatements="12" conditionals="2" coveredconditionals="1" methods="4" coveredmethods="4"/>
          <line num="3" count="33" type="stmt"/>
          <line num="13" count="2" type="cond" truecount="1" falsecount="1"/>
          <line num="14" count="2" type="stmt"/>
          <line num="16" count="0" type="stmt"/>
          <line num="18" count="2" type="stmt"/>
          <line num="19" count="2" type="stmt"/>
          <line num="22" count="2" type="stmt"/>
          <line num="23" count="2" type="stmt"/>
          <line num="24" count="2" type="stmt"/>
          <line num="27" count="4" type="stmt"/>
          <line num="32" count="1" type="stmt"/>
          <line num="35" count="1" type="stmt"/>
          <line num="38" count="3" type="stmt"/>
        </file>
        <file name="user.js" path="/home/spineor/Downloads/aelis4-web/vue-client/src/store/modules/user.js">
          <metrics statements="31" coveredstatements="31" conditionals="0" coveredconditionals="0" methods="12" coveredmethods="12"/>
          <line num="7" count="33" type="stmt"/>
          <line num="23" count="2" type="stmt"/>
          <line num="26" count="2" type="stmt"/>
          <line num="29" count="2" type="stmt"/>
          <line num="32" count="5" type="stmt"/>
          <line num="35" count="30" type="stmt"/>
          <line num="38" count="3" type="stmt"/>
          <line num="41" count="3" type="stmt"/>
          <line num="44" count="3" type="stmt"/>
          <line num="45" count="3" type="stmt"/>
          <line num="46" count="3" type="stmt"/>
          <line num="49" count="2" type="stmt"/>
          <line num="55" count="2" type="stmt"/>
          <line num="56" count="2" type="stmt"/>
          <line num="57" count="2" type="stmt"/>
          <line num="58" count="2" type="stmt"/>
          <line num="59" count="2" type="stmt"/>
          <line num="60" count="2" type="stmt"/>
          <line num="61" count="2" type="stmt"/>
          <line num="64" count="2" type="stmt"/>
          <line num="67" count="2" type="stmt"/>
          <line num="68" count="2" type="stmt"/>
          <line num="69" count="2" type="stmt"/>
          <line num="70" count="2" type="stmt"/>
          <line num="71" count="1" type="stmt"/>
          <line num="72" count="1" type="stmt"/>
          <line num="73" count="1" type="stmt"/>
          <line num="74" count="1" type="stmt"/>
          <line num="76" count="1" type="stmt"/>
          <line num="77" count="1" type="stmt"/>
          <line num="78" count="1" type="stmt"/>
        </file>
      </package>
      <package name="store.modules.warehouse">
        <metrics statements="272" coveredstatements="221" conditionals="64" coveredconditionals="42" methods="70" coveredmethods="54"/>
        <file name="account.js" path="/home/spineor/Downloads/aelis4-web/vue-client/src/store/modules/warehouse/account.js">
          <metrics statements="22" coveredstatements="22" conditionals="2" coveredconditionals="1" methods="7" coveredmethods="7"/>
          <line num="4" count="38" type="stmt"/>
          <line num="17" count="32" type="stmt"/>
          <line num="24" count="3" type="stmt"/>
          <line num="25" count="3" type="stmt"/>
          <line num="27" count="3" type="cond" truecount="1" falsecount="1"/>
          <line num="28" count="3" type="stmt"/>
          <line num="30" count="3" type="stmt"/>
          <line num="33" count="7" type="stmt"/>
          <line num="37" count="6" type="stmt"/>
          <line num="38" count="6" type="stmt"/>
          <line num="39" count="6" type="stmt"/>
          <line num="44" count="2" type="stmt"/>
          <line num="45" count="2" type="stmt"/>
          <line num="46" count="1" type="stmt"/>
          <line num="48" count="1" type="stmt"/>
          <line num="53" count="6" type="stmt"/>
          <line num="54" count="6" type="stmt"/>
          <line num="55" count="6" type="stmt"/>
          <line num="56" count="1" type="stmt"/>
          <line num="57" count="1" type="stmt"/>
          <line num="58" count="1" type="stmt"/>
          <line num="61" count="6" type="stmt"/>
        </file>
        <file name="extensionRequest.js" path="/home/spineor/Downloads/aelis4-web/vue-client/src/store/modules/warehouse/extensionRequest.js">
          <metrics statements="34" coveredstatements="2" conditionals="4" coveredconditionals="0" methods="9" coveredmethods="0"/>
          <line num="5" count="32" type="stmt"/>
          <line num="7" count="32" type="stmt"/>
          <line num="22" count="0" type="stmt"/>
          <line num="37" count="0" type="stmt"/>
          <line num="38" count="0" type="stmt"/>
          <line num="39" count="0" type="stmt"/>
          <line num="42" count="0" type="stmt"/>
          <line num="47" count="0" type="stmt"/>
          <line num="48" count="0" type="stmt"/>
          <line num="49" count="0" type="stmt"/>
          <line num="50" count="0" type="stmt"/>
          <line num="51" count="0" type="cond" truecount="0" falsecount="2"/>
          <line num="52" count="0" type="cond" truecount="0" falsecount="2"/>
          <line num="53" count="0" type="stmt"/>
          <line num="54" count="0" type="stmt"/>
          <line num="55" count="0" type="stmt"/>
          <line num="56" count="0" type="stmt"/>
          <line num="57" count="0" type="stmt"/>
          <line num="59" count="0" type="stmt"/>
          <line num="60" count="0" type="stmt"/>
          <line num="61" count="0" type="stmt"/>
          <line num="66" count="0" type="stmt"/>
          <line num="67" count="0" type="stmt"/>
          <line num="68" count="0" type="stmt"/>
          <line num="69" count="0" type="stmt"/>
          <line num="70" count="0" type="stmt"/>
          <line num="71" count="0" type="stmt"/>
          <line num="72" count="0" type="stmt"/>
          <line num="73" count="0" type="stmt"/>
          <line num="74" count="0" type="stmt"/>
          <line num="76" count="0" type="stmt"/>
          <line num="77" count="0" type="stmt"/>
          <line num="78" count="0" type="stmt"/>
          <line num="84" count="0" type="stmt"/>
        </file>
        <file name="extensions.js" path="/home/spineor/Downloads/aelis4-web/vue-client/src/store/modules/warehouse/extensions.js">
          <metrics statements="55" coveredstatements="52" conditionals="20" coveredconditionals="15" methods="9" coveredmethods="8"/>
          <line num="6" count="32" type="stmt"/>
          <line num="13" count="32" type="stmt"/>
          <line num="21" count="32" type="stmt"/>
          <line num="40" count="16" type="stmt"/>
          <line num="43" count="6" type="stmt"/>
          <line num="60" count="6" type="stmt"/>
          <line num="63" count="6" type="cond" truecount="2" falsecount="0"/>
          <line num="64" count="3" type="stmt"/>
          <line num="67" count="3" type="cond" truecount="2" falsecount="0"/>
          <line num="68" count="1" type="stmt"/>
          <line num="69" count="2" type="stmt"/>
          <line num="70" count="1" type="cond" truecount="1" falsecount="1"/>
          <line num="71" count="0" type="stmt"/>
          <line num="75" count="2" type="stmt"/>
          <line num="76" count="2" type="stmt"/>
          <line num="80" count="3" type="stmt"/>
          <line num="88" count="6" type="stmt"/>
          <line num="101" count="1" type="stmt"/>
          <line num="104" count="1" type="cond" truecount="1" falsecount="1"/>
          <line num="105" count="1" type="stmt"/>
          <line num="108" count="1" type="cond" truecount="1" falsecount="1"/>
          <line num="109" count="1" type="stmt"/>
          <line num="111" count="1" type="stmt"/>
          <line num="112" count="1" type="stmt"/>
          <line num="130" count="4" type="stmt"/>
          <line num="133" count="4" type="cond" truecount="2" falsecount="0"/>
          <line num="134" count="3" type="stmt"/>
          <line num="136" count="3" type="cond" truecount="2" falsecount="0"/>
          <line num="137" count="2" type="stmt"/>
          <line num="139" count="2" type="cond" truecount="2" falsecount="0"/>
          <line num="140" count="1" type="stmt"/>
          <line num="141" count="1" type="stmt"/>
          <line num="142" count="1" type="stmt"/>
          <line num="145" count="1" type="stmt"/>
          <line num="146" count="1" type="stmt"/>
          <line num="147" count="1" type="stmt"/>
          <line num="150" count="1" type="cond" truecount="1" falsecount="1"/>
          <line num="151" count="0" type="stmt"/>
          <line num="156" count="1" type="stmt"/>
          <line num="157" count="1" type="stmt"/>
          <line num="161" count="1" type="stmt"/>
          <line num="169" count="4" type="stmt"/>
          <line num="172" count="1" type="stmt"/>
          <line num="173" count="1" type="stmt"/>
          <line num="174" count="1" type="stmt"/>
          <line num="175" count="2" type="cond" truecount="1" falsecount="1"/>
          <line num="176" count="2" type="stmt"/>
          <line num="177" count="4" type="stmt"/>
          <line num="181" count="1" type="stmt"/>
          <line num="182" count="1" type="stmt"/>
          <line num="183" count="1" type="stmt"/>
          <line num="184" count="1" type="stmt"/>
          <line num="185" count="1" type="stmt"/>
          <line num="186" count="1" type="stmt"/>
          <line num="189" count="0" type="stmt"/>
        </file>
        <file name="orderEntry.js" path="/home/spineor/Downloads/aelis4-web/vue-client/src/store/modules/warehouse/orderEntry.js">
          <metrics statements="142" coveredstatements="126" conditionals="26" coveredconditionals="20" methods="41" coveredmethods="35"/>
          <line num="6" count="32" type="stmt"/>
          <line num="8" count="32" type="stmt"/>
          <line num="22" count="0" type="stmt"/>
          <line num="56" count="5" type="stmt"/>
          <line num="59" count="2" type="stmt"/>
          <line num="62" count="15" type="stmt"/>
          <line num="65" count="16" type="cond" truecount="2" falsecount="0"/>
          <line num="66" count="15" type="stmt"/>
          <line num="67" count="25" type="stmt"/>
          <line num="68" count="25" type="stmt"/>
          <line num="71" count="16" type="cond" truecount="2" falsecount="0"/>
          <line num="72" count="16" type="stmt"/>
          <line num="73" count="16" type="cond" truecount="2" falsecount="0"/>
          <line num="76" count="11" type="stmt"/>
          <line num="79" count="12" type="stmt"/>
          <line num="82" count="9" type="stmt"/>
          <line num="85" count="3" type="cond" truecount="2" falsecount="0"/>
          <line num="86" count="1" type="stmt"/>
          <line num="87" count="1" type="cond" truecount="1" falsecount="1"/>
          <line num="88" count="1" type="cond" truecount="2" falsecount="0"/>
          <line num="90" count="2" type="stmt"/>
          <line num="91" count="2" type="stmt"/>
          <line num="95" count="3" type="cond" truecount="2" falsecount="0"/>
          <line num="96" count="2" type="stmt"/>
          <line num="97" count="2" type="cond" truecount="2" falsecount="0"/>
          <line num="99" count="1" type="stmt"/>
          <line num="103" count="8" type="stmt"/>
          <line num="104" count="8" type="stmt"/>
          <line num="105" count="8" type="stmt"/>
          <line num="107" count="0" type="cond" truecount="0" falsecount="2"/>
          <line num="113" count="5" type="stmt"/>
          <line num="114" count="5" type="stmt"/>
          <line num="115" count="5" type="stmt"/>
          <line num="118" count="6" type="stmt"/>
          <line num="121" count="2" type="stmt"/>
          <line num="126" count="2" type="stmt"/>
          <line num="127" count="2" type="stmt"/>
          <line num="128" count="2" type="stmt"/>
          <line num="129" count="2" type="stmt"/>
          <line num="130" count="2" type="stmt"/>
          <line num="131" count="2" type="stmt"/>
          <line num="132" count="1" type="stmt"/>
          <line num="133" count="1" type="stmt"/>
          <line num="135" count="1" type="stmt"/>
          <line num="136" count="1" type="stmt"/>
          <line num="141" count="0" type="stmt"/>
          <line num="144" count="2" type="stmt"/>
          <line num="145" count="2" type="stmt"/>
          <line num="146" count="2" type="stmt"/>
          <line num="147" count="2" type="stmt"/>
          <line num="149" count="0" type="stmt"/>
          <line num="150" count="0" type="stmt"/>
          <line num="155" count="7" type="stmt"/>
          <line num="156" count="7" type="stmt"/>
          <line num="159" count="7" type="stmt"/>
          <line num="160" count="7" type="stmt"/>
          <line num="161" count="7" type="stmt"/>
          <line num="162" count="7" type="stmt"/>
          <line num="163" count="7" type="cond" truecount="1" falsecount="1"/>
          <line num="164" count="7" type="cond" truecount="2" falsecount="0"/>
          <line num="165" count="7" type="stmt"/>
          <line num="166" count="1" type="stmt"/>
          <line num="167" count="1" type="stmt"/>
          <line num="168" count="1" type="stmt"/>
          <line num="169" count="1" type="stmt"/>
          <line num="171" count="1" type="stmt"/>
          <line num="172" count="1" type="stmt"/>
          <line num="173" count="1" type="stmt"/>
          <line num="178" count="2" type="stmt"/>
          <line num="179" count="2" type="stmt"/>
          <line num="180" count="2" type="stmt"/>
          <line num="181" count="2" type="stmt"/>
          <line num="182" count="1" type="stmt"/>
          <line num="184" count="1" type="stmt"/>
          <line num="189" count="1" type="stmt"/>
          <line num="190" count="1" type="stmt"/>
          <line num="191" count="1" type="stmt"/>
          <line num="192" count="1" type="stmt"/>
          <line num="193" count="1" type="stmt"/>
          <line num="195" count="0" type="stmt"/>
          <line num="200" count="1" type="stmt"/>
          <line num="201" count="1" type="stmt"/>
          <line num="204" count="8" type="stmt"/>
          <line num="207" count="5" type="stmt"/>
          <line num="208" count="5" type="cond" truecount="2" falsecount="0"/>
          <line num="209" count="5" type="stmt"/>
          <line num="210" count="3" type="stmt"/>
          <line num="211" count="3" type="stmt"/>
          <line num="212" count="3" type="stmt"/>
          <line num="214" count="0" type="stmt"/>
          <line num="215" count="0" type="stmt"/>
          <line num="220" count="3" type="stmt"/>
          <line num="221" count="3" type="stmt"/>
          <line num="222" count="3" type="stmt"/>
          <line num="223" count="3" type="stmt"/>
          <line num="224" count="3" type="stmt"/>
          <line num="225" count="3" type="stmt"/>
          <line num="227" count="0" type="stmt"/>
          <line num="228" count="0" type="stmt"/>
          <line num="233" count="2" type="stmt"/>
          <line num="234" count="2" type="stmt"/>
          <line num="235" count="1" type="stmt"/>
          <line num="236" count="1" type="stmt"/>
          <line num="237" count="1" type="stmt"/>
          <line num="239" count="0" type="stmt"/>
          <line num="240" count="0" type="stmt"/>
          <line num="245" count="2" type="stmt"/>
          <line num="246" count="2" type="stmt"/>
          <line num="247" count="2" type="stmt"/>
          <line num="248" count="2" type="stmt"/>
          <line num="249" count="1" type="stmt"/>
          <line num="250" count="1" type="stmt"/>
          <line num="251" count="1" type="stmt"/>
          <line num="252" count="1" type="stmt"/>
          <line num="253" count="1" type="stmt"/>
          <line num="254" count="1" type="stmt"/>
          <line num="256" count="0" type="stmt"/>
          <line num="257" count="0" type="stmt"/>
          <line num="258" count="0" type="stmt"/>
          <line num="263" count="1" type="stmt"/>
          <line num="266" count="1" type="stmt"/>
          <line num="267" count="1" type="stmt"/>
          <line num="268" count="1" type="stmt"/>
          <line num="269" count="1" type="stmt"/>
          <line num="272" count="1" type="stmt"/>
          <line num="273" count="1" type="stmt"/>
          <line num="274" count="1" type="stmt"/>
          <line num="275" count="1" type="stmt"/>
          <line num="278" count="1" type="stmt"/>
          <line num="279" count="1" type="stmt"/>
          <line num="280" count="1" type="stmt"/>
          <line num="281" count="1" type="stmt"/>
          <line num="282" count="1" type="stmt"/>
          <line num="283" count="1" type="stmt"/>
          <line num="286" count="1" type="stmt"/>
          <line num="287" count="1" type="stmt"/>
          <line num="288" count="1" type="stmt"/>
          <line num="289" count="1" type="stmt"/>
          <line num="290" count="1" type="stmt"/>
          <line num="291" count="1" type="stmt"/>
          <line num="294" count="6" type="stmt"/>
          <line num="297" count="0" type="stmt"/>
        </file>
        <file name="uploadXml.js" path="/home/spineor/Downloads/aelis4-web/vue-client/src/store/modules/warehouse/uploadXml.js">
          <metrics statements="19" coveredstatements="19" conditionals="12" coveredconditionals="6" methods="4" coveredmethods="4"/>
          <line num="1" count="33" type="stmt"/>
          <line num="2" count="33" type="stmt"/>
          <line num="12" count="1" type="cond" truecount="1" falsecount="1"/>
          <line num="13" count="1" type="cond" truecount="1" falsecount="1"/>
          <line num="14" count="1" type="stmt"/>
          <line num="15" count="1" type="stmt"/>
          <line num="16" count="1" type="stmt"/>
          <line num="17" count="1" type="stmt"/>
          <line num="18" count="1" type="cond" truecount="1" falsecount="1"/>
          <line num="19" count="1" type="cond" truecount="1" falsecount="1"/>
          <line num="20" count="1" type="cond" truecount="1" falsecount="1"/>
          <line num="21" count="1" type="cond" truecount="1" falsecount="1"/>
          <line num="22" count="1" type="stmt"/>
          <line num="23" count="1" type="stmt"/>
          <line num="27" count="1" type="stmt"/>
          <line num="28" count="1" type="stmt"/>
          <line num="29" count="1" type="stmt"/>
          <line num="34" count="1" type="stmt"/>
          <line num="37" count="1" type="stmt"/>
        </file>
      </package>
      <package name="utils">
        <metrics statements="4" coveredstatements="4" conditionals="0" coveredconditionals="0" methods="0" coveredmethods="0"/>
        <file name="apiConstants.js" path="/home/spineor/Downloads/aelis4-web/vue-client/src/utils/apiConstants.js">
          <metrics statements="1" coveredstatements="1" conditionals="0" coveredconditionals="0" methods="0" coveredmethods="0"/>
          <line num="1" count="33" type="stmt"/>
        </file>
        <file name="constants.js" path="/home/spineor/Downloads/aelis4-web/vue-client/src/utils/constants.js">
          <metrics statements="3" coveredstatements="3" conditionals="0" coveredconditionals="0" methods="0" coveredmethods="0"/>
          <line num="1" count="34" type="stmt"/>
          <line num="2" count="34" type="stmt"/>
          <line num="5" count="34" type="stmt"/>
        </file>
      </package>
      <package name="utils.auth">
        <metrics statements="59" coveredstatements="55" conditionals="32" coveredconditionals="26" methods="22" coveredmethods="20"/>
        <file name="auth0Service.js" path="/home/spineor/Downloads/aelis4-web/vue-client/src/utils/auth/auth0Service.js">
          <metrics statements="59" coveredstatements="55" conditionals="32" coveredconditionals="26" methods="22" coveredmethods="20"/>
          <line num="5" count="35" type="stmt"/>
          <line num="15" count="35" type="stmt"/>
          <line num="16" count="35" type="stmt"/>
          <line num="34" count="1" type="stmt"/>
          <line num="38" count="1" type="stmt"/>
          <line num="42" count="2" type="stmt"/>
          <line num="44" count="2" type="stmt"/>
          <line num="45" count="2" type="stmt"/>
          <line num="46" count="2" type="stmt"/>
          <line num="47" count="2" type="stmt"/>
          <line num="48" count="2" type="stmt"/>
          <line num="50" count="2" type="stmt"/>
          <line num="54" count="2" type="stmt"/>
          <line num="55" count="0" type="stmt"/>
          <line num="60" count="5" type="stmt"/>
          <line num="61" count="5" type="stmt"/>
          <line num="62" count="5" type="cond" truecount="2" falsecount="0"/>
          <line num="63" count="1" type="cond" truecount="1" falsecount="1"/>
          <line num="64" count="1" type="stmt"/>
          <line num="65" count="1" type="stmt"/>
          <line num="67" count="4" type="stmt"/>
          <line num="68" count="1" type="stmt"/>
          <line num="75" count="1" type="stmt"/>
          <line num="82" count="2" type="stmt"/>
          <line num="90" count="2" type="stmt"/>
          <line num="98" count="2" type="stmt"/>
          <line num="99" count="2" type="cond" truecount="2" falsecount="0"/>
          <line num="100" count="1" type="stmt"/>
          <line num="101" count="1" type="cond" truecount="1" falsecount="1"/>
          <line num="102" count="0" type="stmt"/>
          <line num="103" count="0" type="stmt"/>
          <line num="106" count="1" type="stmt"/>
          <line num="112" count="2" type="stmt"/>
          <line num="113" count="2" type="cond" truecount="2" falsecount="0"/>
          <line num="114" count="1" type="stmt"/>
          <line num="116" count="1" type="stmt"/>
          <line num="117" count="1" type="stmt"/>
          <line num="124" count="7" type="stmt"/>
          <line num="125" count="4" type="stmt"/>
          <line num="127" count="4" type="stmt"/>
          <line num="131" count="4" type="stmt"/>
          <line num="135" count="4" type="stmt"/>
          <line num="137" count="4" type="stmt"/>
          <line num="139" count="4" type="stmt"/>
          <line num="147" count="3" type="stmt"/>
          <line num="148" count="3" type="cond" truecount="1" falsecount="1"/>
          <line num="149" count="0" type="stmt"/>
          <line num="152" count="3" type="stmt"/>
          <line num="153" count="3" type="cond" truecount="2" falsecount="0"/>
          <line num="154" count="1" type="stmt"/>
          <line num="156" count="2" type="stmt"/>
          <line num="157" count="2" type="stmt"/>
          <line num="164" count="2" type="stmt"/>
          <line num="165" count="2" type="stmt"/>
          <line num="169" count="2" type="cond" truecount="2" falsecount="0"/>
          <line num="170" count="1" type="stmt"/>
          <line num="172" count="1" type="stmt"/>
          <line num="179" count="35" type="stmt"/>
          <line num="180" count="35" type="stmt"/>
        </file>
      </package>
      <package name="views.dashboard">
        <metrics statements="1" coveredstatements="1" conditionals="0" coveredconditionals="0" methods="0" coveredmethods="0"/>
        <file name="index.vue" path="/home/spineor/Downloads/aelis4-web/vue-client/src/views/dashboard/index.vue">
          <metrics statements="1" coveredstatements="1" conditionals="0" coveredconditionals="0" methods="0" coveredmethods="0"/>
          <line num="9" count="1" type="stmt"/>
        </file>
      </package>
      <package name="views.layout">
        <metrics statements="6" coveredstatements="6" conditionals="0" coveredconditionals="0" methods="0" coveredmethods="0"/>
        <file name="Layout.vue" path="/home/spineor/Downloads/aelis4-web/vue-client/src/views/layout/Layout.vue">
          <metrics statements="6" coveredstatements="6" conditionals="0" coveredconditionals="0" methods="0" coveredmethods="0"/>
          <line num="13" count="1" type="stmt"/>
          <line num="14" count="1" type="stmt"/>
          <line num="26" count="1" type="stmt"/>
          <line num="29" count="2" type="stmt"/>
          <line num="32" count="2" type="stmt"/>
          <line num="42" count="1" type="stmt"/>
        </file>
      </package>
      <package name="views.layout.components">
        <metrics statements="11" coveredstatements="11" conditionals="4" coveredconditionals="2" methods="2" coveredmethods="1"/>
        <file name="Navbar.vue" path="/home/spineor/Downloads/aelis4-web/vue-client/src/views/layout/components/Navbar.vue">
          <metrics statements="11" coveredstatements="11" conditionals="4" coveredconditionals="2" methods="2" coveredmethods="1"/>
          <line num="26" count="2" type="stmt"/>
          <line num="27" count="2" type="stmt"/>
          <line num="28" count="2" type="stmt"/>
          <line num="42" count="1" type="cond" truecount="1" falsecount="1"/>
          <line num="43" count="1" type="stmt"/>
          <line num="47" count="1" type="stmt"/>
          <line num="50" count="1" type="stmt"/>
          <line num="53" count="1" type="stmt"/>
          <line num="54" count="1" type="cond" truecount="1" falsecount="1"/>
          <line num="55" count="1" type="stmt"/>
          <line num="56" count="1" type="stmt"/>
        </file>
        <file name="index.js" path="/home/spineor/Downloads/aelis4-web/vue-client/src/views/layout/components/index.js">
          <metrics statements="0" coveredstatements="0" conditionals="0" coveredconditionals="0" methods="0" coveredmethods="0"/>
        </file>
      </package>
      <package name="views.layout.components.Sidebar">
        <metrics statements="43" coveredstatements="41" conditionals="21" coveredconditionals="18" methods="3" coveredmethods="2"/>
        <file name="Item.vue" path="/home/spineor/Downloads/aelis4-web/vue-client/src/views/layout/components/Sidebar/Item.vue">
          <metrics statements="7" coveredstatements="7" conditionals="4" coveredconditionals="2" methods="0" coveredmethods="0"/>
          <line num="16" count="1" type="stmt"/>
          <line num="17" count="1" type="stmt"/>
          <line num="19" count="1" type="cond" truecount="1" falsecount="1"/>
          <line num="20" count="1" type="stmt"/>
          <line num="23" count="1" type="cond" truecount="1" falsecount="1"/>
          <line num="24" count="1" type="stmt"/>
          <line num="26" count="1" type="stmt"/>
        </file>
        <file name="Link.vue" path="/home/spineor/Downloads/aelis4-web/vue-client/src/views/layout/components/Sidebar/Link.vue">
          <metrics statements="5" coveredstatements="5" conditionals="2" coveredconditionals="2" methods="0" coveredmethods="0"/>
          <line num="10" count="4" type="stmt"/>
          <line num="21" count="2" type="stmt"/>
          <line num="24" count="2" type="cond" truecount="2" falsecount="0"/>
          <line num="25" count="1" type="stmt"/>
          <line num="32" count="1" type="stmt"/>
        </file>
        <file name="SidebarItem.vue" path="/home/spineor/Downloads/aelis4-web/vue-client/src/views/layout/components/Sidebar/SidebarItem.vue">
          <metrics statements="25" coveredstatements="23" conditionals="15" coveredconditionals="14" methods="3" coveredmethods="2"/>
          <line num="37" count="3" type="stmt"/>
          <line num="38" count="3" type="stmt"/>
          <line num="39" count="3" type="stmt"/>
          <line num="40" count="3" type="stmt"/>
          <line num="41" count="3" type="stmt"/>
          <line num="66" count="0" type="stmt"/>
          <line num="70" count="2" type="stmt"/>
          <line num="76" count="4" type="stmt"/>
          <line num="77" count="5" type="cond" truecount="2" falsecount="0"/>
          <line num="78" count="1" type="stmt"/>
          <line num="81" count="4" type="stmt"/>
          <line num="82" count="4" type="stmt"/>
          <line num="86" count="4" type="cond" truecount="2" falsecount="0"/>
          <line num="87" count="2" type="stmt"/>
          <line num="91" count="2" type="cond" truecount="2" falsecount="0"/>
          <line num="92" count="1" type="stmt"/>
          <line num="93" count="1" type="stmt"/>
          <line num="96" count="1" type="stmt"/>
          <line num="99" count="2" type="cond" truecount="1" falsecount="1"/>
          <line num="100" count="0" type="stmt"/>
          <line num="102" count="2" type="stmt"/>
          <line num="105" count="2" type="stmt"/>
          <line num="108" count="2" type="cond" truecount="2" falsecount="0"/>
          <line num="109" count="3" type="cond" truecount="2" falsecount="0"/>
          <line num="112" count="2" type="cond" truecount="3" falsecount="0"/>
        </file>
        <file name="index.vue" path="/home/spineor/Downloads/aelis4-web/vue-client/src/views/layout/components/Sidebar/index.vue">
          <metrics statements="6" coveredstatements="6" conditionals="0" coveredconditionals="0" methods="0" coveredmethods="0"/>
          <line num="23" count="2" type="stmt"/>
          <line num="24" count="2" type="stmt"/>
          <line num="25" count="2" type="stmt"/>
          <line num="34" count="1" type="stmt"/>
          <line num="37" count="1" type="stmt"/>
          <line num="42" count="1" type="stmt"/>
        </file>
      </package>
      <package name="views.layout.mixin">
        <metrics statements="17" coveredstatements="15" conditionals="12" coveredconditionals="4" methods="0" coveredmethods="0"/>
        <file name="ResizeHandler.js" path="/home/spineor/Downloads/aelis4-web/vue-client/src/views/layout/mixin/ResizeHandler.js">
          <metrics statements="17" coveredstatements="15" conditionals="12" coveredconditionals="4" methods="0" coveredmethods="0"/>
          <line num="3" count="1" type="stmt"/>
          <line num="4" count="1" type="stmt"/>
          <line num="5" count="1" type="stmt"/>
          <line num="10" count="0" type="cond" truecount="0" falsecount="4"/>
          <line num="11" count="0" type="stmt"/>
          <line num="16" count="1" type="stmt"/>
          <line num="19" count="1" type="stmt"/>
          <line num="20" count="1" type="cond" truecount="1" falsecount="1"/>
          <line num="21" count="1" type="stmt"/>
          <line num="22" count="1" type="stmt"/>
          <line num="27" count="2" type="stmt"/>
          <line num="28" count="2" type="stmt"/>
          <line num="31" count="1" type="cond" truecount="1" falsecount="1"/>
          <line num="32" count="1" type="stmt"/>
          <line num="33" count="1" type="cond" truecount="1" falsecount="1"/>
          <line num="35" count="1" type="cond" truecount="1" falsecount="1"/>
          <line num="36" count="1" type="stmt"/>
        </file>
      </package>
      <package name="views.noUserConfig">
        <metrics statements="1" coveredstatements="1" conditionals="0" coveredconditionals="0" methods="0" coveredmethods="0"/>
        <file name="index.vue" path="/home/spineor/Downloads/aelis4-web/vue-client/src/views/noUserConfig/index.vue">
          <metrics statements="1" coveredstatements="1" conditionals="0" coveredconditionals="0" methods="0" coveredmethods="0"/>
          <line num="24" count="1" type="stmt"/>
        </file>
      </package>
      <package name="views.signUp">
        <metrics statements="34" coveredstatements="32" conditionals="16" coveredconditionals="13" methods="5" coveredmethods="5"/>
        <file name="SignUp.vue" path="/home/spineor/Downloads/aelis4-web/vue-client/src/views/signUp/SignUp.vue">
          <metrics statements="34" coveredstatements="32" conditionals="16" coveredconditionals="13" methods="5" coveredmethods="5"/>
          <line num="73" count="1" type="stmt"/>
          <line num="84" count="2" type="stmt"/>
          <line num="85" count="2" type="stmt"/>
          <line num="86" count="4" type="cond" truecount="2" falsecount="0"/>
          <line num="87" count="1" type="stmt"/>
          <line num="88" count="3" type="cond" truecount="2" falsecount="0"/>
          <line num="89" count="1" type="stmt"/>
          <line num="91" count="2" type="cond" truecount="2" falsecount="0"/>
          <line num="92" count="1" type="stmt"/>
          <line num="94" count="2" type="stmt"/>
          <line num="97" count="2" type="stmt"/>
          <line num="98" count="4" type="cond" truecount="2" falsecount="0"/>
          <line num="99" count="1" type="stmt"/>
          <line num="100" count="3" type="cond" truecount="2" falsecount="0"/>
          <line num="101" count="1" type="stmt"/>
          <line num="103" count="2" type="stmt"/>
          <line num="106" count="2" type="stmt"/>
          <line num="140" count="2" type="cond" truecount="1" falsecount="1"/>
          <line num="141" count="2" type="stmt"/>
          <line num="142" count="2" type="cond" truecount="1" falsecount="1"/>
          <line num="143" count="2" type="stmt"/>
          <line num="144" count="2" type="stmt"/>
          <line num="146" count="2" type="stmt"/>
          <line num="147" count="2" type="stmt"/>
          <line num="149" count="2" type="stmt"/>
          <line num="150" count="2" type="stmt"/>
          <line num="155" count="1" type="stmt"/>
          <line num="156" count="1" type="stmt"/>
          <line num="157" count="1" type="cond" truecount="1" falsecount="1"/>
          <line num="158" count="1" type="stmt"/>
          <line num="159" count="1" type="stmt"/>
          <line num="160" count="1" type="stmt"/>
          <line num="162" count="0" type="stmt"/>
          <line num="165" count="0" type="stmt"/>
        </file>
      </package>
      <package name="views.warehouse.extensionRequest">
        <metrics statements="53" coveredstatements="18" conditionals="2" coveredconditionals="0" methods="5" coveredmethods="1"/>
        <file name="SearchFilters.vue" path="/home/spineor/Downloads/aelis4-web/vue-client/src/views/warehouse/extensionRequest/SearchFilters.vue">
          <metrics statements="17" coveredstatements="13" conditionals="0" coveredconditionals="0" methods="3" coveredmethods="1"/>
          <line num="127" count="1" type="stmt"/>
          <line num="128" count="1" type="stmt"/>
          <line num="129" count="1" type="stmt"/>
          <line num="130" count="1" type="stmt"/>
          <line num="131" count="1" type="stmt"/>
          <line num="142" count="3" type="stmt"/>
          <line num="160" count="2" type="stmt"/>
          <line num="161" count="2" type="stmt"/>
          <line num="162" count="2" type="stmt"/>
          <line num="163" count="2" type="stmt"/>
          <line num="164" count="0" type="stmt"/>
          <line num="172" count="0" type="stmt"/>
          <line num="178" count="1" type="stmt"/>
          <line num="179" count="1" type="stmt"/>
          <line num="183" count="3" type="stmt"/>
          <line num="184" count="0" type="stmt"/>
          <line num="185" count="0" type="stmt"/>
        </file>
        <file name="SearchSummary.vue" path="/home/spineor/Downloads/aelis4-web/vue-client/src/views/warehouse/extensionRequest/SearchSummary.vue">
          <metrics statements="8" coveredstatements="3" conditionals="2" coveredconditionals="0" methods="0" coveredmethods="0"/>
          <line num="110" count="1" type="stmt"/>
          <line num="111" count="1" type="stmt"/>
          <line num="112" count="1" type="stmt"/>
          <line num="123" count="0" type="stmt"/>
          <line num="136" count="0" type="stmt"/>
          <line num="137" count="0" type="stmt"/>
          <line num="138" count="0" type="cond" truecount="0" falsecount="2"/>
          <line num="139" count="0" type="stmt"/>
        </file>
        <file name="extensionDetailsDialog.vue" path="/home/spineor/Downloads/aelis4-web/vue-client/src/views/warehouse/extensionRequest/extensionDetailsDialog.vue">
          <metrics statements="22" coveredstatements="2" conditionals="0" coveredconditionals="0" methods="2" coveredmethods="0"/>
          <line num="132" count="1" type="stmt"/>
          <line num="133" count="1" type="stmt"/>
          <line num="148" count="0" type="stmt"/>
          <line num="168" count="0" type="stmt"/>
          <line num="169" count="0" type="stmt"/>
          <line num="172" count="0" type="stmt"/>
          <line num="175" count="0" type="stmt"/>
          <line num="178" count="0" type="stmt"/>
          <line num="180" count="0" type="stmt"/>
          <line num="183" count="0" type="stmt"/>
          <line num="184" count="0" type="stmt"/>
          <line num="186" count="0" type="stmt"/>
          <line num="188" count="0" type="stmt"/>
          <line num="189" count="0" type="stmt"/>
          <line num="190" count="0" type="stmt"/>
          <line num="191" count="0" type="stmt"/>
          <line num="193" count="0" type="stmt"/>
          <line num="194" count="0" type="stmt"/>
          <line num="195" count="0" type="stmt"/>
          <line num="199" count="0" type="stmt"/>
          <line num="205" count="0" type="stmt"/>
          <line num="206" count="0" type="stmt"/>
        </file>
        <file name="index.vue" path="/home/spineor/Downloads/aelis4-web/vue-client/src/views/warehouse/extensionRequest/index.vue">
          <metrics statements="6" coveredstatements="0" conditionals="0" coveredconditionals="0" methods="0" coveredmethods="0"/>
          <line num="40" count="0" type="stmt"/>
          <line num="41" count="0" type="stmt"/>
          <line num="42" count="0" type="stmt"/>
          <line num="57" count="0" type="stmt"/>
          <line num="60" count="0" type="stmt"/>
          <line num="64" count="0" type="stmt"/>
        </file>
      </package>
      <package name="views.warehouse.orderEntry">
        <metrics statements="163" coveredstatements="75" conditionals="50" coveredconditionals="31" methods="16" coveredmethods="3"/>
        <file name="CountdownCutoff.vue" path="/home/spineor/Downloads/aelis4-web/vue-client/src/views/warehouse/orderEntry/CountdownCutoff.vue">
          <metrics statements="5" coveredstatements="5" conditionals="0" coveredconditionals="0" methods="0" coveredmethods="0"/>
          <line num="36" count="2" type="stmt"/>
          <line num="46" count="6" type="stmt"/>
          <line num="52" count="7" type="stmt"/>
          <line num="53" count="7" type="stmt"/>
          <line num="56" count="7" type="stmt"/>
        </file>
        <file name="SearchFilters.vue" path="/home/spineor/Downloads/aelis4-web/vue-client/src/views/warehouse/orderEntry/SearchFilters.vue">
          <metrics statements="17" coveredstatements="16" conditionals="2" coveredconditionals="1" methods="2" coveredmethods="1"/>
          <line num="90" count="2" type="stmt"/>
          <line num="91" count="2" type="stmt"/>
          <line num="92" count="2" type="stmt"/>
          <line num="93" count="2" type="stmt"/>
          <line num="94" count="2" type="stmt"/>
          <line num="95" count="2" type="stmt"/>
          <line num="110" count="6" type="stmt"/>
          <line num="128" count="2" type="stmt"/>
          <line num="129" count="2" type="stmt"/>
          <line num="130" count="2" type="stmt"/>
          <line num="135" count="1" type="stmt"/>
          <line num="136" count="1" type="stmt"/>
          <line num="140" count="6" type="stmt"/>
          <line num="141" count="6" type="stmt"/>
          <line num="142" count="6" type="cond" truecount="1" falsecount="1"/>
          <line num="144" count="0" type="stmt"/>
          <line num="147" count="6" type="stmt"/>
        </file>
        <file name="TableSummary.vue" path="/home/spineor/Downloads/aelis4-web/vue-client/src/views/warehouse/orderEntry/TableSummary.vue">
          <metrics statements="91" coveredstatements="13" conditionals="22" coveredconditionals="10" methods="11" coveredmethods="0"/>
          <line num="348" count="2" type="stmt"/>
          <line num="349" count="2" type="stmt"/>
          <line num="350" count="2" type="stmt"/>
          <line num="351" count="2" type="stmt"/>
          <line num="352" count="2" type="stmt"/>
          <line num="353" count="2" type="stmt"/>
          <line num="354" count="2" type="stmt"/>
          <line num="355" count="2" type="stmt"/>
          <line num="367" count="0" type="stmt"/>
          <line num="371" count="3" type="stmt"/>
          <line num="413" count="0" type="stmt"/>
          <line num="416" count="0" type="stmt"/>
          <line num="419" count="0" type="stmt"/>
          <line num="420" count="0" type="stmt"/>
          <line num="421" count="0" type="cond" truecount="0" falsecount="2"/>
          <line num="422" count="0" type="stmt"/>
          <line num="425" count="0" type="stmt"/>
          <line num="426" count="0" type="stmt"/>
          <line num="427" count="0" type="stmt"/>
          <line num="428" count="0" type="stmt"/>
          <line num="429" count="0" type="stmt"/>
          <line num="430" count="0" type="stmt"/>
          <line num="431" count="0" type="stmt"/>
          <line num="432" count="0" type="stmt"/>
          <line num="433" count="0" type="stmt"/>
          <line num="434" count="0" type="stmt"/>
          <line num="435" count="0" type="stmt"/>
          <line num="436" count="0" type="stmt"/>
          <line num="437" count="0" type="stmt"/>
          <line num="438" count="0" type="stmt"/>
          <line num="439" count="0" type="stmt"/>
          <line num="440" count="0" type="stmt"/>
          <line num="441" count="0" type="stmt"/>
          <line num="442" count="0" type="stmt"/>
          <line num="443" count="0" type="stmt"/>
          <line num="444" count="0" type="stmt"/>
          <line num="445" count="0" type="stmt"/>
          <line num="446" count="0" type="cond" truecount="0" falsecount="2"/>
          <line num="447" count="0" type="stmt"/>
          <line num="452" count="0" type="stmt"/>
          <line num="453" count="0" type="stmt"/>
          <line num="454" count="0" type="stmt"/>
          <line num="455" count="0" type="cond" truecount="0" falsecount="2"/>
          <line num="456" count="0" type="stmt"/>
          <line num="457" count="0" type="stmt"/>
          <line num="458" count="0" type="stmt"/>
          <line num="460" count="0" type="stmt"/>
          <line num="461" count="0" type="cond" truecount="0" falsecount="2"/>
          <line num="462" count="0" type="stmt"/>
          <line num="463" count="0" type="stmt"/>
          <line num="464" count="0" type="stmt"/>
          <line num="465" count="0" type="cond" truecount="0" falsecount="2"/>
          <line num="466" count="0" type="stmt"/>
          <line num="468" count="0" type="stmt"/>
          <line num="471" count="0" type="stmt"/>
          <line num="472" count="0" type="stmt"/>
          <line num="473" count="0" type="stmt"/>
          <line num="474" count="0" type="stmt"/>
          <line num="475" count="0" type="stmt"/>
          <line num="478" count="0" type="stmt"/>
          <line num="479" count="0" type="stmt"/>
          <line num="482" count="0" type="stmt"/>
          <line num="483" count="0" type="stmt"/>
          <line num="484" count="0" type="stmt"/>
          <line num="485" count="0" type="stmt"/>
          <line num="487" count="0" type="stmt"/>
          <line num="488" count="0" type="stmt"/>
          <line num="489" count="0" type="stmt"/>
          <line num="490" count="0" type="stmt"/>
          <line num="491" count="0" type="stmt"/>
          <line num="492" count="0" type="stmt"/>
          <line num="494" count="0" type="stmt"/>
          <line num="500" count="6" type="cond" truecount="4" falsecount="0"/>
          <line num="504" count="6" type="cond" truecount="2" falsecount="0"/>
          <line num="507" count="6" type="cond" truecount="4" falsecount="0"/>
          <line num="511" count="6" type="stmt"/>
          <line num="514" count="0" type="stmt"/>
          <line num="515" count="0" type="cond" truecount="0" falsecount="2"/>
          <line num="516" count="0" type="stmt"/>
          <line num="517" count="0" type="stmt"/>
          <line num="518" count="0" type="stmt"/>
          <line num="524" count="0" type="stmt"/>
          <line num="525" count="0" type="stmt"/>
          <line num="526" count="0" type="stmt"/>
          <line num="527" count="0" type="stmt"/>
          <line num="530" count="0" type="stmt"/>
          <line num="533" count="0" type="stmt"/>
          <line num="534" count="0" type="stmt"/>
          <line num="535" count="0" type="stmt"/>
          <line num="536" count="0" type="stmt"/>
          <line num="539" count="0" type="stmt"/>
        </file>
        <file name="TableSummaryExtensions.vue" path="/home/spineor/Downloads/aelis4-web/vue-client/src/views/warehouse/orderEntry/TableSummaryExtensions.vue">
          <metrics statements="34" coveredstatements="25" conditionals="22" coveredconditionals="16" methods="3" coveredmethods="2"/>
          <line num="151" count="2" type="stmt"/>
          <line num="152" count="2" type="stmt"/>
          <line num="153" count="2" type="stmt"/>
          <line num="165" count="9" type="stmt"/>
          <line num="174" count="1" type="stmt"/>
          <line num="177" count="1" type="stmt"/>
          <line num="180" count="0" type="stmt"/>
          <line num="181" count="0" type="stmt"/>
          <line num="182" count="0" type="cond" truecount="0" falsecount="2"/>
          <line num="183" count="0" type="stmt"/>
          <line num="188" count="8" type="stmt"/>
          <line num="189" count="8" type="stmt"/>
          <line num="190" count="8" type="cond" truecount="2" falsecount="1"/>
          <line num="191" count="8" type="cond" truecount="2" falsecount="1"/>
          <line num="194" count="3" type="cond" truecount="2" falsecount="0"/>
          <line num="195" count="5" type="stmt"/>
          <line num="196" count="2" type="cond" truecount="4" falsecount="0"/>
          <line num="197" count="1" type="stmt"/>
          <line num="199" count="1" type="stmt"/>
          <line num="201" count="1" type="stmt"/>
          <line num="204" count="3" type="cond" truecount="2" falsecount="0"/>
          <line num="205" count="4" type="stmt"/>
          <line num="206" count="2" type="cond" truecount="4" falsecount="0"/>
          <line num="207" count="1" type="stmt"/>
          <line num="209" count="1" type="stmt"/>
          <line num="211" count="1" type="stmt"/>
          <line num="214" count="1" type="stmt"/>
          <line num="220" count="1" type="stmt"/>
          <line num="223" count="0" type="stmt"/>
          <line num="224" count="0" type="cond" truecount="0" falsecount="2"/>
          <line num="225" count="0" type="stmt"/>
          <line num="226" count="0" type="stmt"/>
          <line num="227" count="0" type="stmt"/>
          <line num="232" count="9" type="stmt"/>
        </file>
        <file name="index.vue" path="/home/spineor/Downloads/aelis4-web/vue-client/src/views/warehouse/orderEntry/index.vue">
          <metrics statements="16" coveredstatements="16" conditionals="4" coveredconditionals="4" methods="0" coveredmethods="0"/>
          <line num="43" count="1" type="stmt"/>
          <line num="44" count="1" type="stmt"/>
          <line num="45" count="1" type="stmt"/>
          <line num="46" count="1" type="stmt"/>
          <line num="47" count="1" type="stmt"/>
          <line num="48" count="1" type="stmt"/>
          <line num="49" count="1" type="stmt"/>
          <line num="50" count="1" type="stmt"/>
          <line num="51" count="1" type="stmt"/>
          <line num="52" count="1" type="stmt"/>
          <line num="53" count="1" type="stmt"/>
          <line num="54" count="1" type="stmt"/>
          <line num="55" count="1" type="stmt"/>
          <line num="78" count="4" type="stmt"/>
          <line num="84" count="1" type="stmt"/>
          <line num="88" count="25" type="cond" truecount="4" falsecount="0"/>
        </file>
      </package>
      <package name="views.warehouse.orderEntry.components">
        <metrics statements="153" coveredstatements="131" conditionals="44" coveredconditionals="21" methods="12" coveredmethods="8"/>
        <file name="AddConsigneeShipperButton.vue" path="/home/spineor/Downloads/aelis4-web/vue-client/src/views/warehouse/orderEntry/components/AddConsigneeShipperButton.vue">
          <metrics statements="30" coveredstatements="28" conditionals="9" coveredconditionals="2" methods="2" coveredmethods="0"/>
          <line num="100" count="3" type="stmt"/>
          <line num="101" count="3" type="stmt"/>
          <line num="102" count="3" type="stmt"/>
          <line num="103" count="3" type="stmt"/>
          <line num="104" count="3" type="stmt"/>
          <line num="115" count="11" type="stmt"/>
          <line num="125" count="1" type="stmt"/>
          <line num="126" count="1" type="stmt"/>
          <line num="129" count="0" type="stmt"/>
          <line num="130" count="0" type="stmt"/>
          <line num="134" count="2" type="stmt"/>
          <line num="135" count="2" type="cond" truecount="1" falsecount="1"/>
          <line num="136" count="2" type="stmt"/>
          <line num="137" count="2" type="stmt"/>
          <line num="139" count="2" type="stmt"/>
          <line num="140" count="2" type="stmt"/>
          <line num="141" count="1" type="stmt"/>
          <line num="142" count="1" type="stmt"/>
          <line num="143" count="1" type="stmt"/>
          <line num="145" count="1" type="stmt"/>
          <line num="147" count="2" type="stmt"/>
          <line num="149" count="1" type="stmt"/>
          <line num="152" count="1" type="stmt"/>
          <line num="153" count="1" type="cond" truecount="1" falsecount="6"/>
          <line num="154" count="1" type="stmt"/>
          <line num="157" count="2" type="stmt"/>
          <line num="158" count="2" type="stmt"/>
          <line num="159" count="2" type="stmt"/>
          <line num="162" count="3" type="stmt"/>
          <line num="163" count="3" type="stmt"/>
        </file>
        <file name="AddDialog.vue" path="/home/spineor/Downloads/aelis4-web/vue-client/src/views/warehouse/orderEntry/components/AddDialog.vue">
          <metrics statements="59" coveredstatements="44" conditionals="10" coveredconditionals="6" methods="6" coveredmethods="5"/>
          <line num="190" count="2" type="stmt"/>
          <line num="191" count="2" type="stmt"/>
          <line num="192" count="2" type="stmt"/>
          <line num="193" count="2" type="stmt"/>
          <line num="194" count="2" type="stmt"/>
          <line num="195" count="2" type="stmt"/>
          <line num="197" count="2" type="stmt"/>
          <line num="207" count="10" type="stmt"/>
          <line num="255" count="1" type="stmt"/>
          <line num="256" count="1" type="stmt"/>
          <line num="257" count="1" type="stmt"/>
          <line num="258" count="1" type="stmt"/>
          <line num="259" count="0" type="stmt"/>
          <line num="263" count="1" type="stmt"/>
          <line num="264" count="1" type="stmt"/>
          <line num="267" count="1" type="stmt"/>
          <line num="269" count="1" type="stmt"/>
          <line num="271" count="1" type="cond" truecount="1" falsecount="1"/>
          <line num="272" count="0" type="stmt"/>
          <line num="273" count="0" type="stmt"/>
          <line num="274" count="0" type="stmt"/>
          <line num="277" count="1" type="stmt"/>
          <line num="278" count="1" type="cond" truecount="1" falsecount="1"/>
          <line num="279" count="1" type="stmt"/>
          <line num="280" count="1" type="stmt"/>
          <line num="281" count="0" type="stmt"/>
          <line num="282" count="0" type="cond" truecount="0" falsecount="2"/>
          <line num="283" count="0" type="stmt"/>
          <line num="285" count="0" type="stmt"/>
          <line num="287" count="0" type="stmt"/>
          <line num="290" count="2" type="stmt"/>
          <line num="291" count="2" type="stmt"/>
          <line num="292" count="2" type="stmt"/>
          <line num="293" count="2" type="stmt"/>
          <line num="294" count="2" type="stmt"/>
          <line num="295" count="2" type="stmt"/>
          <line num="296" count="2" type="stmt"/>
          <line num="297" count="2" type="stmt"/>
          <line num="298" count="2" type="stmt"/>
          <line num="299" count="2" type="stmt"/>
          <line num="300" count="2" type="stmt"/>
          <line num="302" count="2" type="stmt"/>
          <line num="306" count="1" type="stmt"/>
          <line num="309" count="26" type="cond" truecount="2" falsecount="0"/>
          <line num="312" count="2" type="stmt"/>
          <line num="313" count="2" type="stmt"/>
          <line num="314" count="2" type="cond" truecount="2" falsecount="0"/>
          <line num="315" count="1" type="stmt"/>
          <line num="316" count="1" type="stmt"/>
          <line num="317" count="1" type="stmt"/>
          <line num="320" count="0" type="stmt"/>
          <line num="321" count="0" type="stmt"/>
          <line num="322" count="0" type="stmt"/>
          <line num="323" count="0" type="stmt"/>
          <line num="324" count="0" type="stmt"/>
          <line num="325" count="0" type="stmt"/>
          <line num="328" count="1" type="stmt"/>
          <line num="329" count="1" type="stmt"/>
          <line num="332" count="1" type="stmt"/>
        </file>
        <file name="ChangeShipDateButton.vue" path="/home/spineor/Downloads/aelis4-web/vue-client/src/views/warehouse/orderEntry/components/ChangeShipDateButton.vue">
          <metrics statements="43" coveredstatements="38" conditionals="17" coveredconditionals="6" methods="4" coveredmethods="3"/>
          <line num="36" count="2" type="stmt"/>
          <line num="37" count="2" type="stmt"/>
          <line num="38" count="2" type="stmt"/>
          <line num="39" count="2" type="stmt"/>
          <line num="49" count="8" type="stmt"/>
          <line num="64" count="1" type="stmt"/>
          <line num="67" count="1" type="stmt"/>
          <line num="68" count="1" type="stmt"/>
          <line num="69" count="1" type="stmt"/>
          <line num="70" count="1" type="stmt"/>
          <line num="72" count="0" type="stmt"/>
          <line num="73" count="0" type="cond" truecount="0" falsecount="5"/>
          <line num="78" count="1" type="stmt"/>
          <line num="79" count="1" type="stmt"/>
          <line num="83" count="2" type="stmt"/>
          <line num="84" count="2" type="stmt"/>
          <line num="85" count="2" type="stmt"/>
          <line num="86" count="2" type="stmt"/>
          <line num="89" count="2" type="cond" truecount="1" falsecount="1"/>
          <line num="90" count="2" type="stmt"/>
          <line num="91" count="0" type="cond" truecount="0" falsecount="2"/>
          <line num="93" count="0" type="stmt"/>
          <line num="96" count="2" type="cond" truecount="1" falsecount="1"/>
          <line num="97" count="2" type="stmt"/>
          <line num="99" count="2" type="stmt"/>
          <line num="102" count="2" type="stmt"/>
          <line num="103" count="2" type="stmt"/>
          <line num="104" count="2" type="cond" truecount="1" falsecount="1"/>
          <line num="106" count="2" type="stmt"/>
          <line num="107" count="2" type="cond" truecount="1" falsecount="1"/>
          <line num="109" count="2" type="stmt"/>
          <line num="110" count="2" type="stmt"/>
          <line num="112" count="2" type="stmt"/>
          <line num="113" count="2" type="stmt"/>
          <line num="114" count="1" type="stmt"/>
          <line num="121" count="1" type="stmt"/>
          <line num="122" count="1" type="stmt"/>
          <line num="123" count="1" type="stmt"/>
          <line num="125" count="1" type="stmt"/>
          <line num="127" count="2" type="stmt"/>
          <line num="130" count="0" type="stmt"/>
          <line num="136" count="9" type="stmt"/>
          <line num="137" count="9" type="cond" truecount="2" falsecount="0"/>
        </file>
        <file name="FinalizeShipmentsButton.vue" path="/home/spineor/Downloads/aelis4-web/vue-client/src/views/warehouse/orderEntry/components/FinalizeShipmentsButton.vue">
          <metrics statements="14" coveredstatements="14" conditionals="8" coveredconditionals="7" methods="0" coveredmethods="0"/>
          <line num="8" count="2" type="stmt"/>
          <line num="9" count="2" type="stmt"/>
          <line num="18" count="6" type="stmt"/>
          <line num="22" count="1" type="stmt"/>
          <line num="23" count="1" type="cond" truecount="1" falsecount="1"/>
          <line num="24" count="1" type="stmt"/>
          <line num="25" count="1" type="stmt"/>
          <line num="26" count="1" type="stmt"/>
          <line num="27" count="1" type="stmt"/>
          <line num="28" count="1" type="stmt"/>
          <line num="30" count="1" type="stmt"/>
          <line num="35" count="10" type="cond" truecount="2" falsecount="0"/>
          <line num="36" count="10" type="cond" truecount="2" falsecount="0"/>
          <line num="37" count="10" type="cond" truecount="2" falsecount="0"/>
        </file>
        <file name="PrintMassiveButton.vue" path="/home/spineor/Downloads/aelis4-web/vue-client/src/views/warehouse/orderEntry/components/PrintMassiveButton.vue">
          <metrics statements="4" coveredstatements="4" conditionals="0" coveredconditionals="0" methods="0" coveredmethods="0"/>
          <line num="8" count="2" type="stmt"/>
          <line num="17" count="5" type="stmt"/>
          <line num="21" count="1" type="stmt"/>
          <line num="22" count="1" type="stmt"/>
        </file>
        <file name="PrintShippingManifest.vue" path="/home/spineor/Downloads/aelis4-web/vue-client/src/views/warehouse/orderEntry/components/PrintShippingManifest.vue">
          <metrics statements="3" coveredstatements="3" conditionals="0" coveredconditionals="0" methods="0" coveredmethods="0"/>
          <line num="8" count="2" type="stmt"/>
          <line num="19" count="1" type="stmt"/>
          <line num="20" count="1" type="stmt"/>
        </file>
      </package>
      <package name="views.warehouse.orderEntry.components.extensions">
        <metrics statements="39" coveredstatements="38" conditionals="20" coveredconditionals="11" methods="5" coveredmethods="3"/>
        <file name="SubmitExtensionButton.vue" path="/home/spineor/Downloads/aelis4-web/vue-client/src/views/warehouse/orderEntry/components/extensions/SubmitExtensionButton.vue">
          <metrics statements="39" coveredstatements="38" conditionals="20" coveredconditionals="11" methods="5" coveredmethods="3"/>
          <line num="130" count="3" type="stmt"/>
          <line num="131" count="3" type="stmt"/>
          <line num="143" count="10" type="stmt"/>
          <line num="176" count="1" type="stmt"/>
          <line num="179" count="2" type="stmt"/>
          <line num="180" count="2" type="stmt"/>
          <line num="181" count="2" type="stmt"/>
          <line num="182" count="2" type="stmt"/>
          <line num="183" count="2" type="cond" truecount="1" falsecount="1"/>
          <line num="184" count="2" type="stmt"/>
          <line num="187" count="2" type="stmt"/>
          <line num="188" count="2" type="stmt"/>
          <line num="189" count="1" type="cond" truecount="1" falsecount="1"/>
          <line num="190" count="1" type="stmt"/>
          <line num="195" count="2" type="stmt"/>
          <line num="196" count="2" type="stmt"/>
          <line num="200" count="1" type="stmt"/>
          <line num="201" count="1" type="stmt"/>
          <line num="202" count="1" type="stmt"/>
          <line num="203" count="1" type="cond" truecount="1" falsecount="1"/>
          <line num="204" count="1" type="stmt"/>
          <line num="205" count="1" type="cond" truecount="1" falsecount="1"/>
          <line num="206" count="1" type="stmt"/>
          <line num="207" count="1" type="cond" truecount="1" falsecount="1"/>
          <line num="208" count="1" type="stmt"/>
          <line num="212" count="1" type="cond" truecount="1" falsecount="1"/>
          <line num="213" count="0" type="stmt"/>
          <line num="216" count="1" type="cond" truecount="2" falsecount="0"/>
          <line num="221" count="1" type="stmt"/>
          <line num="222" count="1" type="cond" truecount="1" falsecount="1"/>
          <line num="223" count="1" type="stmt"/>
          <line num="224" count="1" type="cond" truecount="1" falsecount="1"/>
          <line num="225" count="1" type="stmt"/>
          <line num="226" count="1" type="cond" truecount="1" falsecount="1"/>
          <line num="227" count="1" type="stmt"/>
          <line num="228" count="1" type="stmt"/>
          <line num="229" count="1" type="stmt"/>
          <line num="238" count="1" type="stmt"/>
          <line num="239" count="1" type="stmt"/>
        </file>
      </package>
      <package name="views.warehouse.orderEntry.components.tableSummary">
        <metrics statements="3" coveredstatements="3" conditionals="0" coveredconditionals="0" methods="0" coveredmethods="0"/>
        <file name="PrintUnitConsolidateLabel.vue" path="/home/spineor/Downloads/aelis4-web/vue-client/src/views/warehouse/orderEntry/components/tableSummary/PrintUnitConsolidateLabel.vue">
          <metrics statements="3" coveredstatements="3" conditionals="0" coveredconditionals="0" methods="0" coveredmethods="0"/>
          <line num="10" count="2" type="stmt"/>
          <line num="24" count="1" type="stmt"/>
          <line num="25" count="1" type="stmt"/>
        </file>
      </package>
      <package name="views.warehouse.orderEntry.components.unitsDetail">
        <metrics statements="58" coveredstatements="55" conditionals="22" coveredconditionals="17" methods="9" coveredmethods="8"/>
        <file name="PrintUnitLabel.vue" path="/home/spineor/Downloads/aelis4-web/vue-client/src/views/warehouse/orderEntry/components/unitsDetail/PrintUnitLabel.vue">
          <metrics statements="3" coveredstatements="3" conditionals="0" coveredconditionals="0" methods="0" coveredmethods="0"/>
          <line num="10" count="2" type="stmt"/>
          <line num="24" count="1" type="stmt"/>
          <line num="25" count="1" type="stmt"/>
        </file>
        <file name="UnitsDetailDialog.vue" path="/home/spineor/Downloads/aelis4-web/vue-client/src/views/warehouse/orderEntry/components/unitsDetail/UnitsDetailDialog.vue">
          <metrics statements="55" coveredstatements="52" conditionals="22" coveredconditionals="17" methods="9" coveredmethods="8"/>
          <line num="176" count="3" type="stmt"/>
          <line num="177" count="3" type="stmt"/>
          <line num="178" count="3" type="stmt"/>
          <line num="199" count="12" type="stmt"/>
          <line num="207" count="1" type="stmt"/>
          <line num="208" count="1" type="stmt"/>
          <line num="211" count="1" type="stmt"/>
          <line num="212" count="1" type="stmt"/>
          <line num="215" count="1" type="stmt"/>
          <line num="218" count="0" type="stmt"/>
          <line num="221" count="3" type="stmt"/>
          <line num="222" count="3" type="stmt"/>
          <line num="225" count="1" type="stmt"/>
          <line num="228" count="1" type="cond" truecount="3" falsecount="1"/>
          <line num="229" count="1" type="stmt"/>
          <line num="232" count="1" type="stmt"/>
          <line num="238" count="1" type="stmt"/>
          <line num="242" count="3" type="stmt"/>
          <line num="243" count="3" type="stmt"/>
          <line num="244" count="2" type="stmt"/>
          <line num="245" count="2" type="stmt"/>
          <line num="246" count="2" type="stmt"/>
          <line num="247" count="2" type="cond" truecount="2" falsecount="0"/>
          <line num="248" count="1" type="stmt"/>
          <line num="250" count="1" type="stmt"/>
          <line num="253" count="1" type="stmt"/>
          <line num="254" count="1" type="stmt"/>
          <line num="263" count="3" type="stmt"/>
          <line num="264" count="3" type="stmt"/>
          <line num="266" count="3" type="cond" truecount="2" falsecount="0"/>
          <line num="267" count="1" type="stmt"/>
          <line num="269" count="1" type="stmt"/>
          <line num="273" count="2" type="stmt"/>
          <line num="275" count="2" type="stmt"/>
          <line num="279" count="1" type="cond" truecount="3" falsecount="1"/>
          <line num="283" count="1" type="stmt"/>
          <line num="286" count="3" type="cond" truecount="1" falsecount="1"/>
          <line num="287" count="6" type="stmt"/>
          <line num="288" count="3" type="stmt"/>
          <line num="290" count="0" type="stmt"/>
          <line num="293" count="3" type="stmt"/>
          <line num="294" count="3" type="cond" truecount="2" falsecount="0"/>
          <line num="295" count="1" type="stmt"/>
          <line num="296" count="1" type="cond" truecount="1" falsecount="1"/>
          <line num="297" count="1" type="stmt"/>
          <line num="300" count="3" type="stmt"/>
          <line num="303" count="2" type="stmt"/>
          <line num="304" count="2" type="cond" truecount="1" falsecount="1"/>
          <line num="305" count="4" type="stmt"/>
          <line num="306" count="2" type="cond" truecount="2" falsecount="0"/>
          <line num="307" count="1" type="stmt"/>
          <line num="309" count="1" type="stmt"/>
          <line num="311" count="0" type="stmt"/>
          <line num="314" count="1" type="stmt"/>
          <line num="321" count="1" type="stmt"/>
        </file>
      </package>
      <package name="views.warehouse.uploadXml">
        <metrics statements="34" coveredstatements="34" conditionals="10" coveredconditionals="8" methods="0" coveredmethods="0"/>
        <file name="UploadDrop.vue" path="/home/spineor/Downloads/aelis4-web/vue-client/src/views/warehouse/uploadXml/UploadDrop.vue">
          <metrics statements="27" coveredstatements="27" conditionals="10" coveredconditionals="8" methods="0" coveredmethods="0"/>
          <line num="41" count="2" type="stmt"/>
          <line num="42" count="2" type="stmt"/>
          <line num="52" count="2" type="stmt"/>
          <line num="63" count="2" type="stmt"/>
          <line num="64" count="2" type="stmt"/>
          <line num="65" count="2" type="stmt"/>
          <line num="69" count="1" type="stmt"/>
          <line num="70" count="1" type="stmt"/>
          <line num="71" count="1" type="stmt"/>
          <line num="72" count="1" type="stmt"/>
          <line num="73" count="1" type="stmt"/>
          <line num="76" count="1" type="stmt"/>
          <line num="77" count="1" type="stmt"/>
          <line num="80" count="1" type="stmt"/>
          <line num="83" count="1" type="cond" truecount="1" falsecount="1"/>
          <line num="84" count="1" type="stmt"/>
          <line num="86" count="1" type="stmt"/>
          <line num="89" count="1" type="stmt"/>
          <line num="90" count="1" type="stmt"/>
          <line num="91" count="1" type="cond" truecount="1" falsecount="1"/>
          <line num="94" count="3" type="stmt"/>
          <line num="95" count="3" type="stmt"/>
          <line num="96" count="3" type="cond" truecount="2" falsecount="0"/>
          <line num="97" count="1" type="stmt"/>
          <line num="99" count="3" type="cond" truecount="2" falsecount="0"/>
          <line num="100" count="1" type="stmt"/>
          <line num="102" count="3" type="cond" truecount="2" falsecount="0"/>
        </file>
        <file name="UploadResponse.vue" path="/home/spineor/Downloads/aelis4-web/vue-client/src/views/warehouse/uploadXml/UploadResponse.vue">
          <metrics statements="3" coveredstatements="3" conditionals="0" coveredconditionals="0" methods="0" coveredmethods="0"/>
          <line num="74" count="2" type="stmt"/>
          <line num="84" count="3" type="stmt"/>
          <line num="87" count="1" type="stmt"/>
        </file>
        <file name="index.vue" path="/home/spineor/Downloads/aelis4-web/vue-client/src/views/warehouse/uploadXml/index.vue">
          <metrics statements="4" coveredstatements="4" conditionals="0" coveredconditionals="0" methods="0" coveredmethods="0"/>
          <line num="28" count="1" type="stmt"/>
          <line num="29" count="1" type="stmt"/>
          <line num="30" count="1" type="stmt"/>
          <line num="36" count="1" type="stmt"/>
        </file>
      </package>
    </metrics>
  </project>
</coverage>
