<?xml version="1.0" encoding="UTF-8"?>
<coverage generated="1564136750430" clover="3.2.0">
  <project timestamp="1564136750430" name="All files">
    <metrics statements="869" coveredstatements="716" conditionals="296" coveredconditionals="192" methods="144" coveredmethods="112" elements="1309" coveredelements="1020" complexity="0" loc="869" ncloc="869" packages="23" files="45" classes="45">
      <package name="components.Autocomplete">
        <metrics statements="32" coveredstatements="25" conditionals="31" coveredconditionals="23" methods="3" coveredmethods="3"/>
        <file name="index.vue" path="/home/spineor/Downloads/aelis4-web/vue-client/src/components/Autocomplete/index.vue">
          <metrics statements="32" coveredstatements="25" conditionals="31" coveredconditionals="23" methods="3" coveredmethods="3"/>
          <line num="26" count="6" type="stmt"/>
          <line num="27" count="6" type="stmt"/>
          <line num="32" count="8" type="stmt"/>
          <line num="125" count="1" type="cond" truecount="1" falsecount="1"/>
          <line num="126" count="0" type="stmt"/>
          <line num="132" count="2" type="cond" truecount="4" falsecount="1"/>
          <line num="133" count="2" type="stmt"/>
          <line num="134" count="2" type="cond" truecount="5" falsecount="0"/>
          <line num="135" count="1" type="stmt"/>
          <line num="137" count="1" type="stmt"/>
          <line num="138" count="1" type="cond" truecount="1" falsecount="1"/>
          <line num="140" count="1" type="stmt"/>
          <line num="142" count="1" type="stmt"/>
          <line num="146" count="0" type="stmt"/>
          <line num="149" count="1" type="stmt"/>
          <line num="150" count="1" type="cond" truecount="1" falsecount="1"/>
          <line num="151" count="1" type="stmt"/>
          <line num="153" count="1" type="cond" truecount="1" falsecount="1"/>
          <line num="154" count="1" type="stmt"/>
          <line num="158" count="1" type="cond" truecount="1" falsecount="1"/>
          <line num="159" count="0" type="stmt"/>
          <line num="163" count="0" type="stmt"/>
          <line num="165" count="0" type="cond" truecount="0" falsecount="2"/>
          <line num="166" count="0" type="stmt"/>
          <line num="171" count="12" type="stmt"/>
          <line num="173" count="2" type="cond" truecount="5" falsecount="0"/>
          <line num="174" count="1" type="stmt"/>
          <line num="177" count="2" type="cond" truecount="4" falsecount="0"/>
          <line num="178" count="1" type="stmt"/>
          <line num="182" count="1" type="stmt"/>
          <line num="185" count="0" type="stmt"/>
          <line num="188" count="2" type="stmt"/>
        </file>
      </package>
      <package name="components.Callback">
        <metrics statements="3" coveredstatements="3" conditionals="2" coveredconditionals="1" methods="0" coveredmethods="0"/>
        <file name="index.vue" path="/home/spineor/Downloads/aelis4-web/vue-client/src/components/Callback/index.vue">
          <metrics statements="3" coveredstatements="3" conditionals="2" coveredconditionals="1" methods="0" coveredmethods="0"/>
          <line num="13" count="1" type="stmt"/>
          <line num="14" count="1" type="cond" truecount="1" falsecount="1"/>
          <line num="18" count="3" type="stmt"/>
        </file>
      </package>
      <package name="components.Hamburger">
        <metrics statements="1" coveredstatements="1" conditionals="0" coveredconditionals="0" methods="0" coveredmethods="0"/>
        <file name="index.vue" path="/home/spineor/Downloads/aelis4-web/vue-client/src/components/Hamburger/index.vue">
          <metrics statements="1" coveredstatements="1" conditionals="0" coveredconditionals="0" methods="0" coveredmethods="0"/>
          <line num="43" count="4" type="stmt"/>
        </file>
      </package>
      <package name="components.ShipperList">
        <metrics statements="37" coveredstatements="32" conditionals="22" coveredconditionals="15" methods="2" coveredmethods="1"/>
        <file name="index.vue" path="/home/spineor/Downloads/aelis4-web/vue-client/src/components/ShipperList/index.vue">
          <metrics statements="37" coveredstatements="32" conditionals="22" coveredconditionals="15" methods="2" coveredmethods="1"/>
          <line num="63" count="3" type="stmt"/>
          <line num="64" count="3" type="stmt"/>
          <line num="65" count="3" type="stmt"/>
          <line num="77" count="4" type="stmt"/>
          <line num="89" count="1" type="stmt"/>
          <line num="92" count="1" type="cond" truecount="1" falsecount="1"/>
          <line num="98" count="5" type="cond" truecount="3" falsecount="1"/>
          <line num="99" count="5" type="stmt"/>
          <line num="101" count="5" type="stmt"/>
          <line num="104" count="2" type="stmt"/>
          <line num="105" count="2" type="stmt"/>
          <line num="106" count="2" type="stmt"/>
          <line num="107" count="0" type="stmt"/>
          <line num="108" count="0" type="stmt"/>
          <line num="111" count="1" type="stmt"/>
          <line num="113" count="1" type="cond" truecount="1" falsecount="1"/>
          <line num="114" count="1" type="stmt"/>
          <line num="115" count="1" type="stmt"/>
          <line num="120" count="3" type="cond" truecount="1" falsecount="1"/>
          <line num="121" count="3" type="stmt"/>
          <line num="122" count="3" type="cond" truecount="1" falsecount="1"/>
          <line num="123" count="3" type="stmt"/>
          <line num="124" count="2" type="stmt"/>
          <line num="127" count="0" type="stmt"/>
          <line num="134" count="4" type="stmt"/>
          <line num="135" count="4" type="cond" truecount="2" falsecount="0"/>
          <line num="136" count="1" type="stmt"/>
          <line num="138" count="1" type="stmt"/>
          <line num="140" count="3" type="stmt"/>
          <line num="141" count="3" type="stmt"/>
          <line num="142" count="1" type="cond" truecount="2" falsecount="0"/>
          <line num="145" count="1" type="cond" truecount="3" falsecount="1"/>
          <line num="146" count="1" type="stmt"/>
          <line num="148" count="1" type="stmt"/>
          <line num="152" count="2" type="cond" truecount="1" falsecount="1"/>
          <line num="153" count="0" type="stmt"/>
          <line num="154" count="0" type="stmt"/>
        </file>
      </package>
      <package name="directives">
        <metrics statements="29" coveredstatements="10" conditionals="11" coveredconditionals="0" methods="7" coveredmethods="1"/>
        <file name="alphanumericValidation.js" path="/home/spineor/Downloads/aelis4-web/vue-client/src/directives/alphanumericValidation.js">
          <metrics statements="10" coveredstatements="4" conditionals="5" coveredconditionals="0" methods="2" coveredmethods="1"/>
          <line num="4" count="6" type="stmt"/>
          <line num="6" count="6" type="stmt"/>
          <line num="7" count="0" type="stmt"/>
          <line num="9" count="0" type="stmt"/>
          <line num="10" count="0" type="stmt"/>
          <line num="12" count="0" type="cond" truecount="0" falsecount="5"/>
          <line num="13" count="0" type="stmt"/>
          <line num="14" count="0" type="stmt"/>
          <line num="18" count="6" type="stmt"/>
          <line num="19" count="12" type="stmt"/>
        </file>
        <file name="circularTabNavigationDialog.js" path="/home/spineor/Downloads/aelis4-web/vue-client/src/directives/circularTabNavigationDialog.js">
          <metrics statements="6" coveredstatements="2" conditionals="2" coveredconditionals="0" methods="2" coveredmethods="0"/>
          <line num="3" count="1" type="stmt"/>
          <line num="5" count="1" type="stmt"/>
          <line num="6" count="0" type="stmt"/>
          <line num="7" count="0" type="stmt"/>
          <line num="8" count="0" type="cond" truecount="0" falsecount="2"/>
          <line num="9" count="0" type="stmt"/>
        </file>
        <file name="numericValidation.js" path="/home/spineor/Downloads/aelis4-web/vue-client/src/directives/numericValidation.js">
          <metrics statements="13" coveredstatements="4" conditionals="4" coveredconditionals="0" methods="3" coveredmethods="0"/>
          <line num="4" count="3" type="stmt"/>
          <line num="6" count="3" type="stmt"/>
          <line num="7" count="0" type="stmt"/>
          <line num="9" count="0" type="stmt"/>
          <line num="11" count="0" type="cond" truecount="0" falsecount="4"/>
          <line num="12" count="0" type="stmt"/>
          <line num="13" count="0" type="stmt"/>
          <line num="17" count="3" type="stmt"/>
          <line num="18" count="0" type="stmt"/>
          <line num="21" count="3" type="stmt"/>
          <line num="22" count="0" type="stmt"/>
          <line num="23" count="0" type="stmt"/>
          <line num="24" count="0" type="stmt"/>
        </file>
      </package>
      <package name="plugins">
        <metrics statements="28" coveredstatements="28" conditionals="22" coveredconditionals="22" methods="2" coveredmethods="2"/>
        <file name="auth.js" path="/home/spineor/Downloads/aelis4-web/vue-client/src/plugins/auth.js">
          <metrics statements="6" coveredstatements="6" conditionals="4" coveredconditionals="4" methods="0" coveredmethods="0"/>
          <line num="5" count="9" type="stmt"/>
          <line num="7" count="9" type="stmt"/>
          <line num="9" count="47" type="cond" truecount="2" falsecount="0"/>
          <line num="10" count="6" type="stmt"/>
          <line num="15" count="3" type="cond" truecount="2" falsecount="0"/>
          <line num="16" count="1" type="stmt"/>
        </file>
        <file name="permissions.js" path="/home/spineor/Downloads/aelis4-web/vue-client/src/plugins/permissions.js">
          <metrics statements="22" coveredstatements="22" conditionals="18" coveredconditionals="18" methods="2" coveredmethods="2"/>
          <line num="4" count="5" type="stmt"/>
          <line num="5" count="5" type="stmt"/>
          <line num="21" count="5" type="stmt"/>
          <line num="22" count="77" type="cond" truecount="4" falsecount="0"/>
          <line num="23" count="27" type="stmt"/>
          <line num="25" count="50" type="cond" truecount="4" falsecount="0"/>
          <line num="26" count="23" type="stmt"/>
          <line num="28" count="27" type="stmt"/>
          <line num="34" count="56" type="stmt"/>
          <line num="38" count="35" type="stmt"/>
          <line num="40" count="857" type="stmt"/>
          <line num="47" count="88" type="cond" truecount="2" falsecount="0"/>
          <line num="48" count="1" type="stmt"/>
          <line num="52" count="87" type="stmt"/>
          <line num="53" count="87" type="stmt"/>
          <line num="54" count="87" type="cond" truecount="2" falsecount="0"/>
          <line num="55" count="4" type="stmt"/>
          <line num="60" count="83" type="cond" truecount="2" falsecount="0"/>
          <line num="61" count="77" type="stmt"/>
          <line num="66" count="83" type="cond" truecount="2" falsecount="0"/>
          <line num="67" count="56" type="stmt"/>
          <line num="70" count="83" type="cond" truecount="2" falsecount="0"/>
        </file>
      </package>
      <package name="store">
        <metrics statements="10" coveredstatements="8" conditionals="0" coveredconditionals="0" methods="7" coveredmethods="5"/>
        <file name="getters.js" path="/home/spineor/Downloads/aelis4-web/vue-client/src/store/getters.js">
          <metrics statements="8" coveredstatements="6" conditionals="0" coveredconditionals="0" methods="7" coveredmethods="5"/>
          <line num="1" count="26" type="stmt"/>
          <line num="2" count="2" type="stmt"/>
          <line num="3" count="0" type="stmt"/>
          <line num="4" count="0" type="stmt"/>
          <line num="5" count="2" type="stmt"/>
          <line num="6" count="13" type="stmt"/>
          <line num="7" count="10" type="stmt"/>
          <line num="8" count="2" type="stmt"/>
        </file>
        <file name="index.js" path="/home/spineor/Downloads/aelis4-web/vue-client/src/store/index.js">
          <metrics statements="2" coveredstatements="2" conditionals="0" coveredconditionals="0" methods="0" coveredmethods="0"/>
          <line num="10" count="26" type="stmt"/>
          <line num="12" count="26" type="stmt"/>
        </file>
      </package>
      <package name="store.modules">
        <metrics statements="40" coveredstatements="39" conditionals="2" coveredconditionals="1" methods="14" coveredmethods="14"/>
        <file name="app.js" path="/home/spineor/Downloads/aelis4-web/vue-client/src/store/modules/app.js">
          <metrics statements="13" coveredstatements="12" conditionals="2" coveredconditionals="1" methods="4" coveredmethods="4"/>
          <line num="3" count="27" type="stmt"/>
          <line num="13" count="2" type="cond" truecount="1" falsecount="1"/>
          <line num="14" count="2" type="stmt"/>
          <line num="16" count="0" type="stmt"/>
          <line num="18" count="2" type="stmt"/>
          <line num="19" count="2" type="stmt"/>
          <line num="22" count="2" type="stmt"/>
          <line num="23" count="2" type="stmt"/>
          <line num="24" count="2" type="stmt"/>
          <line num="27" count="3" type="stmt"/>
          <line num="32" count="1" type="stmt"/>
          <line num="35" count="1" type="stmt"/>
          <line num="38" count="2" type="stmt"/>
        </file>
        <file name="user.js" path="/home/spineor/Downloads/aelis4-web/vue-client/src/store/modules/user.js">
          <metrics statements="27" coveredstatements="27" conditionals="0" coveredconditionals="0" methods="10" coveredmethods="10"/>
          <line num="7" count="27" type="stmt"/>
          <line num="21" count="2" type="stmt"/>
          <line num="24" count="2" type="stmt"/>
          <line num="27" count="5" type="stmt"/>
          <line num="30" count="38" type="stmt"/>
          <line num="33" count="3" type="stmt"/>
          <line num="36" count="3" type="stmt"/>
          <line num="37" count="3" type="stmt"/>
          <line num="38" count="3" type="stmt"/>
          <line num="41" count="2" type="stmt"/>
          <line num="47" count="2" type="stmt"/>
          <line num="48" count="2" type="stmt"/>
          <line num="49" count="2" type="stmt"/>
          <line num="50" count="2" type="stmt"/>
          <line num="51" count="2" type="stmt"/>
          <line num="54" count="2" type="stmt"/>
          <line num="57" count="2" type="stmt"/>
          <line num="58" count="2" type="stmt"/>
          <line num="59" count="2" type="stmt"/>
          <line num="60" count="2" type="stmt"/>
          <line num="61" count="1" type="stmt"/>
          <line num="62" count="1" type="stmt"/>
          <line num="63" count="1" type="stmt"/>
          <line num="64" count="1" type="stmt"/>
          <line num="66" count="1" type="stmt"/>
          <line num="67" count="1" type="stmt"/>
          <line num="68" count="1" type="stmt"/>
        </file>
      </package>
      <package name="store.modules.warehouse">
        <metrics statements="171" coveredstatements="157" conditionals="40" coveredconditionals="28" methods="50" coveredmethods="44"/>
        <file name="account.js" path="/home/spineor/Downloads/aelis4-web/vue-client/src/store/modules/warehouse/account.js">
          <metrics statements="22" coveredstatements="22" conditionals="2" coveredconditionals="1" methods="7" coveredmethods="7"/>
          <line num="4" count="29" type="stmt"/>
          <line num="17" count="26" type="stmt"/>
          <line num="24" count="3" type="stmt"/>
          <line num="25" count="3" type="stmt"/>
          <line num="27" count="3" type="cond" truecount="1" falsecount="1"/>
          <line num="28" count="3" type="stmt"/>
          <line num="30" count="3" type="stmt"/>
          <line num="33" count="4" type="stmt"/>
          <line num="37" count="3" type="stmt"/>
          <line num="38" count="3" type="stmt"/>
          <line num="39" count="3" type="stmt"/>
          <line num="44" count="2" type="stmt"/>
          <line num="45" count="2" type="stmt"/>
          <line num="46" count="1" type="stmt"/>
          <line num="48" count="1" type="stmt"/>
          <line num="53" count="3" type="stmt"/>
          <line num="54" count="3" type="stmt"/>
          <line num="55" count="3" type="stmt"/>
          <line num="56" count="1" type="stmt"/>
          <line num="57" count="1" type="stmt"/>
          <line num="58" count="1" type="stmt"/>
          <line num="61" count="3" type="stmt"/>
        </file>
        <file name="orderEntry.js" path="/home/spineor/Downloads/aelis4-web/vue-client/src/store/modules/warehouse/orderEntry.js">
          <metrics statements="130" coveredstatements="116" conditionals="26" coveredconditionals="21" methods="39" coveredmethods="33"/>
          <line num="6" count="26" type="stmt"/>
          <line num="8" count="26" type="stmt"/>
          <line num="40" count="0" type="stmt"/>
          <line num="55" count="5" type="stmt"/>
          <line num="58" count="2" type="stmt"/>
          <line num="61" count="14" type="stmt"/>
          <line num="64" count="12" type="cond" truecount="2" falsecount="0"/>
          <line num="65" count="11" type="stmt"/>
          <line num="66" count="15" type="stmt"/>
          <line num="67" count="15" type="stmt"/>
          <line num="70" count="12" type="cond" truecount="2" falsecount="0"/>
          <line num="71" count="12" type="stmt"/>
          <line num="72" count="12" type="cond" truecount="2" falsecount="0"/>
          <line num="75" count="4" type="stmt"/>
          <line num="78" count="11" type="stmt"/>
          <line num="81" count="6" type="stmt"/>
          <line num="84" count="3" type="cond" truecount="2" falsecount="0"/>
          <line num="85" count="2" type="stmt"/>
          <line num="86" count="2" type="cond" truecount="2" falsecount="0"/>
          <line num="87" count="2" type="cond" truecount="2" falsecount="0"/>
          <line num="89" count="1" type="stmt"/>
          <line num="90" count="1" type="stmt"/>
          <line num="94" count="3" type="cond" truecount="2" falsecount="0"/>
          <line num="95" count="2" type="stmt"/>
          <line num="96" count="2" type="cond" truecount="2" falsecount="0"/>
          <line num="98" count="1" type="stmt"/>
          <line num="102" count="1" type="stmt"/>
          <line num="103" count="1" type="stmt"/>
          <line num="104" count="1" type="stmt"/>
          <line num="106" count="0" type="cond" truecount="0" falsecount="2"/>
          <line num="112" count="5" type="stmt"/>
          <line num="113" count="5" type="stmt"/>
          <line num="114" count="5" type="stmt"/>
          <line num="119" count="2" type="stmt"/>
          <line num="120" count="2" type="stmt"/>
          <line num="121" count="2" type="stmt"/>
          <line num="122" count="2" type="stmt"/>
          <line num="123" count="2" type="stmt"/>
          <line num="124" count="2" type="stmt"/>
          <line num="125" count="1" type="stmt"/>
          <line num="126" count="1" type="stmt"/>
          <line num="128" count="1" type="stmt"/>
          <line num="129" count="1" type="stmt"/>
          <line num="134" count="1" type="stmt"/>
          <line num="137" count="2" type="stmt"/>
          <line num="138" count="2" type="stmt"/>
          <line num="139" count="2" type="stmt"/>
          <line num="140" count="2" type="stmt"/>
          <line num="142" count="0" type="stmt"/>
          <line num="143" count="0" type="stmt"/>
          <line num="148" count="4" type="stmt"/>
          <line num="149" count="4" type="stmt"/>
          <line num="152" count="6" type="stmt"/>
          <line num="153" count="6" type="stmt"/>
          <line num="154" count="6" type="stmt"/>
          <line num="155" count="6" type="stmt"/>
          <line num="156" count="6" type="cond" truecount="1" falsecount="1"/>
          <line num="157" count="6" type="cond" truecount="2" falsecount="0"/>
          <line num="158" count="6" type="stmt"/>
          <line num="159" count="1" type="stmt"/>
          <line num="160" count="1" type="stmt"/>
          <line num="161" count="1" type="stmt"/>
          <line num="162" count="1" type="stmt"/>
          <line num="164" count="1" type="stmt"/>
          <line num="165" count="1" type="stmt"/>
          <line num="166" count="1" type="stmt"/>
          <line num="171" count="2" type="stmt"/>
          <line num="172" count="2" type="stmt"/>
          <line num="173" count="2" type="stmt"/>
          <line num="174" count="2" type="stmt"/>
          <line num="175" count="1" type="stmt"/>
          <line num="177" count="1" type="stmt"/>
          <line num="182" count="1" type="stmt"/>
          <line num="183" count="1" type="stmt"/>
          <line num="184" count="1" type="stmt"/>
          <line num="185" count="1" type="stmt"/>
          <line num="186" count="1" type="stmt"/>
          <line num="188" count="0" type="stmt"/>
          <line num="193" count="1" type="stmt"/>
          <line num="194" count="1" type="stmt"/>
          <line num="197" count="5" type="stmt"/>
          <line num="200" count="5" type="stmt"/>
          <line num="201" count="5" type="cond" truecount="2" falsecount="0"/>
          <line num="202" count="5" type="stmt"/>
          <line num="203" count="3" type="stmt"/>
          <line num="204" count="3" type="stmt"/>
          <line num="205" count="3" type="stmt"/>
          <line num="207" count="0" type="stmt"/>
          <line num="208" count="0" type="stmt"/>
          <line num="213" count="3" type="stmt"/>
          <line num="214" count="3" type="stmt"/>
          <line num="215" count="3" type="stmt"/>
          <line num="216" count="3" type="stmt"/>
          <line num="217" count="3" type="stmt"/>
          <line num="218" count="3" type="stmt"/>
          <line num="220" count="0" type="stmt"/>
          <line num="221" count="0" type="stmt"/>
          <line num="226" count="2" type="stmt"/>
          <line num="227" count="2" type="stmt"/>
          <line num="228" count="1" type="stmt"/>
          <line num="229" count="1" type="stmt"/>
          <line num="230" count="1" type="stmt"/>
          <line num="232" count="0" type="stmt"/>
          <line num="233" count="0" type="stmt"/>
          <line num="238" count="2" type="stmt"/>
          <line num="239" count="2" type="stmt"/>
          <line num="240" count="2" type="stmt"/>
          <line num="241" count="2" type="stmt"/>
          <line num="242" count="1" type="stmt"/>
          <line num="243" count="1" type="stmt"/>
          <line num="244" count="1" type="stmt"/>
          <line num="245" count="1" type="stmt"/>
          <line num="247" count="0" type="stmt"/>
          <line num="248" count="0" type="stmt"/>
          <line num="249" count="0" type="stmt"/>
          <line num="254" count="1" type="stmt"/>
          <line num="257" count="1" type="stmt"/>
          <line num="258" count="1" type="stmt"/>
          <line num="259" count="1" type="stmt"/>
          <line num="260" count="1" type="stmt"/>
          <line num="263" count="1" type="stmt"/>
          <line num="264" count="1" type="stmt"/>
          <line num="265" count="1" type="stmt"/>
          <line num="266" count="1" type="stmt"/>
          <line num="269" count="1" type="stmt"/>
          <line num="270" count="1" type="stmt"/>
          <line num="271" count="1" type="stmt"/>
          <line num="272" count="1" type="stmt"/>
          <line num="273" count="1" type="stmt"/>
          <line num="274" count="1" type="stmt"/>
        </file>
        <file name="uploadXml.js" path="/home/spineor/Downloads/aelis4-web/vue-client/src/store/modules/warehouse/uploadXml.js">
          <metrics statements="19" coveredstatements="19" conditionals="12" coveredconditionals="6" methods="4" coveredmethods="4"/>
          <line num="1" count="27" type="stmt"/>
          <line num="2" count="27" type="stmt"/>
          <line num="12" count="1" type="cond" truecount="1" falsecount="1"/>
          <line num="13" count="1" type="cond" truecount="1" falsecount="1"/>
          <line num="14" count="1" type="stmt"/>
          <line num="15" count="1" type="stmt"/>
          <line num="16" count="1" type="stmt"/>
          <line num="17" count="1" type="stmt"/>
          <line num="18" count="1" type="cond" truecount="1" falsecount="1"/>
          <line num="19" count="1" type="cond" truecount="1" falsecount="1"/>
          <line num="20" count="1" type="cond" truecount="1" falsecount="1"/>
          <line num="21" count="1" type="cond" truecount="1" falsecount="1"/>
          <line num="22" count="1" type="stmt"/>
          <line num="23" count="1" type="stmt"/>
          <line num="27" count="1" type="stmt"/>
          <line num="28" count="1" type="stmt"/>
          <line num="29" count="1" type="stmt"/>
          <line num="34" count="1" type="stmt"/>
          <line num="37" count="1" type="stmt"/>
        </file>
      </package>
      <package name="utils">
        <metrics statements="2" coveredstatements="2" conditionals="0" coveredconditionals="0" methods="0" coveredmethods="0"/>
        <file name="apiConstants.js" path="/home/spineor/Downloads/aelis4-web/vue-client/src/utils/apiConstants.js">
          <metrics statements="1" coveredstatements="1" conditionals="0" coveredconditionals="0" methods="0" coveredmethods="0"/>
          <line num="1" count="27" type="stmt"/>
        </file>
        <file name="constants.js" path="/home/spineor/Downloads/aelis4-web/vue-client/src/utils/constants.js">
          <metrics statements="1" coveredstatements="1" conditionals="0" coveredconditionals="0" methods="0" coveredmethods="0"/>
          <line num="1" count="28" type="stmt"/>
        </file>
      </package>
      <package name="utils.auth">
        <metrics statements="53" coveredstatements="49" conditionals="28" coveredconditionals="23" methods="19" coveredmethods="17"/>
        <file name="auth0Service.js" path="/home/spineor/Downloads/aelis4-web/vue-client/src/utils/auth/auth0Service.js">
          <metrics statements="53" coveredstatements="49" conditionals="28" coveredconditionals="23" methods="19" coveredmethods="17"/>
          <line num="5" count="29" type="stmt"/>
          <line num="15" count="29" type="stmt"/>
          <line num="16" count="29" type="stmt"/>
          <line num="34" count="2" type="stmt"/>
          <line num="41" count="1" type="stmt"/>
          <line num="43" count="1" type="stmt"/>
          <line num="44" count="1" type="stmt"/>
          <line num="45" count="1" type="stmt"/>
          <line num="46" count="1" type="stmt"/>
          <line num="47" count="1" type="stmt"/>
          <line num="49" count="1" type="stmt"/>
          <line num="53" count="1" type="stmt"/>
          <line num="54" count="0" type="stmt"/>
          <line num="59" count="5" type="stmt"/>
          <line num="60" count="5" type="stmt"/>
          <line num="61" count="5" type="cond" truecount="2" falsecount="0"/>
          <line num="62" count="1" type="stmt"/>
          <line num="63" count="1" type="stmt"/>
          <line num="64" count="1" type="stmt"/>
          <line num="66" count="4" type="stmt"/>
          <line num="67" count="1" type="stmt"/>
          <line num="74" count="1" type="stmt"/>
          <line num="81" count="2" type="stmt"/>
          <line num="89" count="2" type="stmt"/>
          <line num="97" count="2" type="stmt"/>
          <line num="98" count="2" type="cond" truecount="2" falsecount="0"/>
          <line num="99" count="1" type="stmt"/>
          <line num="100" count="1" type="cond" truecount="1" falsecount="1"/>
          <line num="101" count="0" type="stmt"/>
          <line num="102" count="0" type="stmt"/>
          <line num="105" count="1" type="stmt"/>
          <line num="111" count="2" type="stmt"/>
          <line num="112" count="2" type="cond" truecount="2" falsecount="0"/>
          <line num="113" count="1" type="stmt"/>
          <line num="115" count="1" type="stmt"/>
          <line num="116" count="1" type="stmt"/>
          <line num="123" count="7" type="stmt"/>
          <line num="124" count="4" type="stmt"/>
          <line num="126" count="4" type="stmt"/>
          <line num="130" count="4" type="stmt"/>
          <line num="134" count="4" type="stmt"/>
          <line num="136" count="4" type="stmt"/>
          <line num="138" count="4" type="stmt"/>
          <line num="146" count="3" type="stmt"/>
          <line num="147" count="3" type="cond" truecount="1" falsecount="1"/>
          <line num="148" count="0" type="stmt"/>
          <line num="151" count="3" type="stmt"/>
          <line num="152" count="3" type="cond" truecount="2" falsecount="0"/>
          <line num="153" count="1" type="stmt"/>
          <line num="155" count="2" type="stmt"/>
          <line num="156" count="2" type="stmt"/>
          <line num="163" count="29" type="stmt"/>
          <line num="164" count="29" type="stmt"/>
        </file>
      </package>
      <package name="views.dashboard">
        <metrics statements="1" coveredstatements="1" conditionals="0" coveredconditionals="0" methods="0" coveredmethods="0"/>
        <file name="index.vue" path="/home/spineor/Downloads/aelis4-web/vue-client/src/views/dashboard/index.vue">
          <metrics statements="1" coveredstatements="1" conditionals="0" coveredconditionals="0" methods="0" coveredmethods="0"/>
          <line num="9" count="1" type="stmt"/>
        </file>
      </package>
      <package name="views.layout">
        <metrics statements="6" coveredstatements="6" conditionals="0" coveredconditionals="0" methods="0" coveredmethods="0"/>
        <file name="Layout.vue" path="/home/spineor/Downloads/aelis4-web/vue-client/src/views/layout/Layout.vue">
          <metrics statements="6" coveredstatements="6" conditionals="0" coveredconditionals="0" methods="0" coveredmethods="0"/>
          <line num="13" count="1" type="stmt"/>
          <line num="14" count="1" type="stmt"/>
          <line num="26" count="1" type="stmt"/>
          <line num="29" count="2" type="stmt"/>
          <line num="32" count="2" type="stmt"/>
          <line num="42" count="1" type="stmt"/>
        </file>
      </package>
      <package name="views.layout.components">
        <metrics statements="6" coveredstatements="6" conditionals="2" coveredconditionals="1" methods="0" coveredmethods="0"/>
        <file name="Navbar.vue" path="/home/spineor/Downloads/aelis4-web/vue-client/src/views/layout/components/Navbar.vue">
          <metrics statements="6" coveredstatements="6" conditionals="2" coveredconditionals="1" methods="0" coveredmethods="0"/>
          <line num="20" count="2" type="stmt"/>
          <line num="21" count="2" type="stmt"/>
          <line num="35" count="1" type="cond" truecount="1" falsecount="1"/>
          <line num="36" count="1" type="stmt"/>
          <line num="40" count="1" type="stmt"/>
          <line num="43" count="1" type="stmt"/>
        </file>
        <file name="index.js" path="/home/spineor/Downloads/aelis4-web/vue-client/src/views/layout/components/index.js">
          <metrics statements="0" coveredstatements="0" conditionals="0" coveredconditionals="0" methods="0" coveredmethods="0"/>
        </file>
      </package>
      <package name="views.layout.components.Sidebar">
        <metrics statements="43" coveredstatements="41" conditionals="21" coveredconditionals="18" methods="3" coveredmethods="2"/>
        <file name="Item.vue" path="/home/spineor/Downloads/aelis4-web/vue-client/src/views/layout/components/Sidebar/Item.vue">
          <metrics statements="7" coveredstatements="7" conditionals="4" coveredconditionals="2" methods="0" coveredmethods="0"/>
          <line num="16" count="1" type="stmt"/>
          <line num="17" count="1" type="stmt"/>
          <line num="19" count="1" type="cond" truecount="1" falsecount="1"/>
          <line num="20" count="1" type="stmt"/>
          <line num="23" count="1" type="cond" truecount="1" falsecount="1"/>
          <line num="24" count="1" type="stmt"/>
          <line num="26" count="1" type="stmt"/>
        </file>
        <file name="Link.vue" path="/home/spineor/Downloads/aelis4-web/vue-client/src/views/layout/components/Sidebar/Link.vue">
          <metrics statements="5" coveredstatements="5" conditionals="2" coveredconditionals="2" methods="0" coveredmethods="0"/>
          <line num="10" count="4" type="stmt"/>
          <line num="21" count="2" type="stmt"/>
          <line num="24" count="2" type="cond" truecount="2" falsecount="0"/>
          <line num="25" count="1" type="stmt"/>
          <line num="32" count="1" type="stmt"/>
        </file>
        <file name="SidebarItem.vue" path="/home/spineor/Downloads/aelis4-web/vue-client/src/views/layout/components/Sidebar/SidebarItem.vue">
          <metrics statements="25" coveredstatements="23" conditionals="15" coveredconditionals="14" methods="3" coveredmethods="2"/>
          <line num="37" count="3" type="stmt"/>
          <line num="38" count="3" type="stmt"/>
          <line num="39" count="3" type="stmt"/>
          <line num="40" count="3" type="stmt"/>
          <line num="41" count="3" type="stmt"/>
          <line num="66" count="0" type="stmt"/>
          <line num="70" count="2" type="stmt"/>
          <line num="76" count="4" type="stmt"/>
          <line num="77" count="5" type="cond" truecount="2" falsecount="0"/>
          <line num="78" count="1" type="stmt"/>
          <line num="81" count="4" type="stmt"/>
          <line num="82" count="4" type="stmt"/>
          <line num="86" count="4" type="cond" truecount="2" falsecount="0"/>
          <line num="87" count="2" type="stmt"/>
          <line num="91" count="2" type="cond" truecount="2" falsecount="0"/>
          <line num="92" count="1" type="stmt"/>
          <line num="93" count="1" type="stmt"/>
          <line num="96" count="1" type="stmt"/>
          <line num="99" count="2" type="cond" truecount="1" falsecount="1"/>
          <line num="100" count="0" type="stmt"/>
          <line num="102" count="2" type="stmt"/>
          <line num="105" count="2" type="stmt"/>
          <line num="108" count="2" type="cond" truecount="2" falsecount="0"/>
          <line num="109" count="3" type="cond" truecount="2" falsecount="0"/>
          <line num="112" count="2" type="cond" truecount="3" falsecount="0"/>
        </file>
        <file name="index.vue" path="/home/spineor/Downloads/aelis4-web/vue-client/src/views/layout/components/Sidebar/index.vue">
          <metrics statements="6" coveredstatements="6" conditionals="0" coveredconditionals="0" methods="0" coveredmethods="0"/>
          <line num="23" count="2" type="stmt"/>
          <line num="24" count="2" type="stmt"/>
          <line num="25" count="2" type="stmt"/>
          <line num="34" count="1" type="stmt"/>
          <line num="37" count="1" type="stmt"/>
          <line num="42" count="1" type="stmt"/>
        </file>
      </package>
      <package name="views.layout.mixin">
        <metrics statements="17" coveredstatements="10" conditionals="12" coveredconditionals="1" methods="0" coveredmethods="0"/>
        <file name="ResizeHandler.js" path="/home/spineor/Downloads/aelis4-web/vue-client/src/views/layout/mixin/ResizeHandler.js">
          <metrics statements="17" coveredstatements="10" conditionals="12" coveredconditionals="1" methods="0" coveredmethods="0"/>
          <line num="3" count="1" type="stmt"/>
          <line num="4" count="1" type="stmt"/>
          <line num="5" count="1" type="stmt"/>
          <line num="10" count="0" type="cond" truecount="0" falsecount="4"/>
          <line num="11" count="0" type="stmt"/>
          <line num="16" count="1" type="stmt"/>
          <line num="19" count="1" type="stmt"/>
          <line num="20" count="1" type="cond" truecount="1" falsecount="1"/>
          <line num="21" count="1" type="stmt"/>
          <line num="22" count="1" type="stmt"/>
          <line num="27" count="1" type="stmt"/>
          <line num="28" count="1" type="stmt"/>
          <line num="31" count="0" type="cond" truecount="0" falsecount="2"/>
          <line num="32" count="0" type="stmt"/>
          <line num="33" count="0" type="cond" truecount="0" falsecount="2"/>
          <line num="35" count="0" type="cond" truecount="0" falsecount="2"/>
          <line num="36" count="0" type="stmt"/>
        </file>
      </package>
      <package name="views.noUserConfig">
        <metrics statements="1" coveredstatements="1" conditionals="0" coveredconditionals="0" methods="0" coveredmethods="0"/>
        <file name="index.vue" path="/home/spineor/Downloads/aelis4-web/vue-client/src/views/noUserConfig/index.vue">
          <metrics statements="1" coveredstatements="1" conditionals="0" coveredconditionals="0" methods="0" coveredmethods="0"/>
          <line num="24" count="1" type="stmt"/>
        </file>
      </package>
      <package name="views.signUp">
        <metrics statements="34" coveredstatements="32" conditionals="16" coveredconditionals="13" methods="5" coveredmethods="5"/>
        <file name="SignUp.vue" path="/home/spineor/Downloads/aelis4-web/vue-client/src/views/signUp/SignUp.vue">
          <metrics statements="34" coveredstatements="32" conditionals="16" coveredconditionals="13" methods="5" coveredmethods="5"/>
          <line num="73" count="1" type="stmt"/>
          <line num="84" count="2" type="stmt"/>
          <line num="85" count="2" type="stmt"/>
          <line num="86" count="4" type="cond" truecount="2" falsecount="0"/>
          <line num="87" count="1" type="stmt"/>
          <line num="88" count="3" type="cond" truecount="2" falsecount="0"/>
          <line num="89" count="1" type="stmt"/>
          <line num="91" count="2" type="cond" truecount="2" falsecount="0"/>
          <line num="92" count="1" type="stmt"/>
          <line num="94" count="2" type="stmt"/>
          <line num="97" count="2" type="stmt"/>
          <line num="98" count="4" type="cond" truecount="2" falsecount="0"/>
          <line num="99" count="1" type="stmt"/>
          <line num="100" count="3" type="cond" truecount="2" falsecount="0"/>
          <line num="101" count="1" type="stmt"/>
          <line num="103" count="2" type="stmt"/>
          <line num="106" count="2" type="stmt"/>
          <line num="140" count="2" type="cond" truecount="1" falsecount="1"/>
          <line num="141" count="2" type="stmt"/>
          <line num="142" count="2" type="cond" truecount="1" falsecount="1"/>
          <line num="143" count="2" type="stmt"/>
          <line num="144" count="2" type="stmt"/>
          <line num="146" count="2" type="stmt"/>
          <line num="147" count="2" type="stmt"/>
          <line num="149" count="2" type="stmt"/>
          <line num="150" count="2" type="stmt"/>
          <line num="155" count="1" type="stmt"/>
          <line num="156" count="1" type="stmt"/>
          <line num="157" count="1" type="cond" truecount="1" falsecount="1"/>
          <line num="158" count="1" type="stmt"/>
          <line num="159" count="1" type="stmt"/>
          <line num="160" count="1" type="stmt"/>
          <line num="162" count="0" type="stmt"/>
          <line num="165" count="0" type="stmt"/>
        </file>
      </package>
      <package name="views.warehouse.orderEntry">
        <metrics statements="126" coveredstatements="67" conditionals="26" coveredconditionals="12" methods="13" coveredmethods="5"/>
        <file name="CountdownCutoff.vue" path="/home/spineor/Downloads/aelis4-web/vue-client/src/views/warehouse/orderEntry/CountdownCutoff.vue">
          <metrics statements="5" coveredstatements="5" conditionals="0" coveredconditionals="0" methods="0" coveredmethods="0"/>
          <line num="36" count="2" type="stmt"/>
          <line num="46" count="3" type="stmt"/>
          <line num="52" count="4" type="stmt"/>
          <line num="53" count="4" type="stmt"/>
          <line num="56" count="4" type="stmt"/>
        </file>
        <file name="SearchFilters.vue" path="/home/spineor/Downloads/aelis4-web/vue-client/src/views/warehouse/orderEntry/SearchFilters.vue">
          <metrics statements="17" coveredstatements="16" conditionals="2" coveredconditionals="1" methods="2" coveredmethods="1"/>
          <line num="89" count="2" type="stmt"/>
          <line num="90" count="2" type="stmt"/>
          <line num="91" count="2" type="stmt"/>
          <line num="92" count="2" type="stmt"/>
          <line num="93" count="2" type="stmt"/>
          <line num="94" count="2" type="stmt"/>
          <line num="106" count="3" type="stmt"/>
          <line num="124" count="2" type="stmt"/>
          <line num="125" count="2" type="stmt"/>
          <line num="126" count="2" type="stmt"/>
          <line num="131" count="1" type="stmt"/>
          <line num="132" count="1" type="stmt"/>
          <line num="136" count="3" type="stmt"/>
          <line num="137" count="3" type="stmt"/>
          <line num="138" count="3" type="cond" truecount="1" falsecount="1"/>
          <line num="140" count="0" type="stmt"/>
          <line num="142" count="3" type="stmt"/>
        </file>
        <file name="TableSummary.vue" path="/home/spineor/Downloads/aelis4-web/vue-client/src/views/warehouse/orderEntry/TableSummary.vue">
          <metrics statements="95" coveredstatements="37" conditionals="24" coveredconditionals="11" methods="11" coveredmethods="4"/>
          <line num="405" count="2" type="stmt"/>
          <line num="406" count="2" type="stmt"/>
          <line num="407" count="2" type="stmt"/>
          <line num="408" count="2" type="stmt"/>
          <line num="409" count="2" type="stmt"/>
          <line num="410" count="2" type="stmt"/>
          <line num="411" count="2" type="stmt"/>
          <line num="412" count="2" type="stmt"/>
          <line num="422" count="0" type="stmt"/>
          <line num="428" count="11" type="stmt"/>
          <line num="484" count="1" type="stmt"/>
          <line num="487" count="0" type="stmt"/>
          <line num="493" count="1" type="stmt"/>
          <line num="494" count="1" type="stmt"/>
          <line num="495" count="1" type="cond" truecount="2" falsecount="0"/>
          <line num="496" count="1" type="stmt"/>
          <line num="502" count="0" type="stmt"/>
          <line num="503" count="0" type="stmt"/>
          <line num="504" count="0" type="stmt"/>
          <line num="505" count="0" type="stmt"/>
          <line num="506" count="0" type="stmt"/>
          <line num="507" count="0" type="stmt"/>
          <line num="508" count="0" type="stmt"/>
          <line num="509" count="0" type="stmt"/>
          <line num="510" count="0" type="stmt"/>
          <line num="511" count="0" type="stmt"/>
          <line num="512" count="0" type="stmt"/>
          <line num="513" count="0" type="stmt"/>
          <line num="514" count="0" type="stmt"/>
          <line num="515" count="0" type="stmt"/>
          <line num="516" count="0" type="stmt"/>
          <line num="517" count="0" type="stmt"/>
          <line num="518" count="0" type="stmt"/>
          <line num="519" count="0" type="stmt"/>
          <line num="520" count="0" type="stmt"/>
          <line num="523" count="0" type="stmt"/>
          <line num="524" count="0" type="cond" truecount="0" falsecount="2"/>
          <line num="525" count="0" type="stmt"/>
          <line num="532" count="0" type="stmt"/>
          <line num="538" count="0" type="cond" truecount="0" falsecount="2"/>
          <line num="539" count="0" type="stmt"/>
          <line num="540" count="0" type="stmt"/>
          <line num="541" count="0" type="stmt"/>
          <line num="543" count="0" type="stmt"/>
          <line num="544" count="0" type="stmt"/>
          <line num="545" count="0" type="stmt"/>
          <line num="547" count="0" type="stmt"/>
          <line num="548" count="0" type="cond" truecount="0" falsecount="2"/>
          <line num="549" count="0" type="stmt"/>
          <line num="550" count="0" type="stmt"/>
          <line num="551" count="0" type="stmt"/>
          <line num="552" count="0" type="cond" truecount="0" falsecount="2"/>
          <line num="553" count="0" type="stmt"/>
          <line num="554" count="0" type="cond" truecount="0" falsecount="2"/>
          <line num="555" count="0" type="stmt"/>
          <line num="556" count="0" type="stmt"/>
          <line num="557" count="0" type="stmt"/>
          <line num="558" count="0" type="stmt"/>
          <line num="560" count="0" type="stmt"/>
          <line num="563" count="1" type="stmt"/>
          <line num="564" count="1" type="stmt"/>
          <line num="565" count="1" type="stmt"/>
          <line num="566" count="1" type="stmt"/>
          <line num="569" count="0" type="stmt"/>
          <line num="570" count="0" type="stmt"/>
          <line num="573" count="1" type="stmt"/>
          <line num="574" count="1" type="stmt"/>
          <line num="575" count="1" type="stmt"/>
          <line num="581" count="1" type="stmt"/>
          <line num="585" count="1" type="stmt"/>
          <line num="586" count="1" type="stmt"/>
          <line num="587" count="0" type="stmt"/>
          <line num="590" count="0" type="stmt"/>
          <line num="591" count="0" type="stmt"/>
          <line num="592" count="0" type="stmt"/>
          <line num="595" count="0" type="stmt"/>
          <line num="601" count="16" type="cond" truecount="3" falsecount="1"/>
          <line num="613" count="16" type="cond" truecount="2" falsecount="0"/>
          <line num="616" count="17" type="cond" truecount="3" falsecount="1"/>
          <line num="628" count="17" type="stmt"/>
          <line num="631" count="1" type="stmt"/>
          <line num="632" count="1" type="cond" truecount="1" falsecount="1"/>
          <line num="633" count="1" type="stmt"/>
          <line num="634" count="1" type="stmt"/>
          <line num="635" count="1" type="stmt"/>
          <line num="641" count="1" type="stmt"/>
          <line num="642" count="1" type="stmt"/>
          <line num="643" count="1" type="stmt"/>
          <line num="644" count="1" type="stmt"/>
          <line num="647" count="0" type="stmt"/>
          <line num="650" count="0" type="stmt"/>
          <line num="651" count="0" type="stmt"/>
          <line num="652" count="0" type="stmt"/>
          <line num="653" count="0" type="stmt"/>
          <line num="656" count="0" type="stmt"/>
        </file>
        <file name="index.vue" path="/home/spineor/Downloads/aelis4-web/vue-client/src/views/warehouse/orderEntry/index.vue">
          <metrics statements="9" coveredstatements="9" conditionals="0" coveredconditionals="0" methods="0" coveredmethods="0"/>
          <line num="33" count="1" type="stmt"/>
          <line num="34" count="1" type="stmt"/>
          <line num="35" count="1" type="stmt"/>
          <line num="36" count="1" type="stmt"/>
          <line num="37" count="1" type="stmt"/>
          <line num="38" count="1" type="stmt"/>
          <line num="39" count="1" type="stmt"/>
          <line num="40" count="1" type="stmt"/>
          <line num="55" count="1" type="stmt"/>
        </file>
      </package>
      <package name="views.warehouse.orderEntry.components">
        <metrics statements="155" coveredstatements="126" conditionals="45" coveredconditionals="20" methods="12" coveredmethods="8"/>
        <file name="AddConsigneeShipperButton.vue" path="/home/spineor/Downloads/aelis4-web/vue-client/src/views/warehouse/orderEntry/components/AddConsigneeShipperButton.vue">
          <metrics statements="30" coveredstatements="28" conditionals="9" coveredconditionals="2" methods="2" coveredmethods="0"/>
          <line num="100" count="3" type="stmt"/>
          <line num="101" count="3" type="stmt"/>
          <line num="102" count="3" type="stmt"/>
          <line num="103" count="3" type="stmt"/>
          <line num="104" count="3" type="stmt"/>
          <line num="115" count="8" type="stmt"/>
          <line num="125" count="1" type="stmt"/>
          <line num="126" count="1" type="stmt"/>
          <line num="129" count="0" type="stmt"/>
          <line num="130" count="0" type="stmt"/>
          <line num="134" count="2" type="stmt"/>
          <line num="135" count="2" type="cond" truecount="1" falsecount="1"/>
          <line num="136" count="2" type="stmt"/>
          <line num="137" count="2" type="stmt"/>
          <line num="139" count="2" type="stmt"/>
          <line num="140" count="2" type="stmt"/>
          <line num="141" count="1" type="stmt"/>
          <line num="142" count="1" type="stmt"/>
          <line num="143" count="1" type="stmt"/>
          <line num="145" count="1" type="stmt"/>
          <line num="147" count="2" type="stmt"/>
          <line num="149" count="1" type="stmt"/>
          <line num="152" count="1" type="stmt"/>
          <line num="153" count="1" type="cond" truecount="1" falsecount="6"/>
          <line num="154" count="1" type="stmt"/>
          <line num="157" count="2" type="stmt"/>
          <line num="158" count="2" type="stmt"/>
          <line num="159" count="2" type="stmt"/>
          <line num="162" count="3" type="stmt"/>
          <line num="163" count="3" type="stmt"/>
        </file>
        <file name="AddDialog.vue" path="/home/spineor/Downloads/aelis4-web/vue-client/src/views/warehouse/orderEntry/components/AddDialog.vue">
          <metrics statements="65" coveredstatements="42" conditionals="12" coveredconditionals="3" methods="6" coveredmethods="5"/>
          <line num="238" count="2" type="stmt"/>
          <line num="239" count="2" type="stmt"/>
          <line num="240" count="2" type="stmt"/>
          <line num="241" count="2" type="stmt"/>
          <line num="242" count="2" type="stmt"/>
          <line num="243" count="2" type="stmt"/>
          <line num="245" count="2" type="stmt"/>
          <line num="253" count="7" type="stmt"/>
          <line num="330" count="1" type="stmt"/>
          <line num="334" count="1" type="stmt"/>
          <line num="335" count="1" type="stmt"/>
          <line num="336" count="1" type="stmt"/>
          <line num="339" count="0" type="stmt"/>
          <line num="343" count="1" type="stmt"/>
          <line num="344" count="1" type="stmt"/>
          <line num="347" count="1" type="stmt"/>
          <line num="353" count="1" type="cond" truecount="1" falsecount="1"/>
          <line num="354" count="0" type="stmt"/>
          <line num="355" count="0" type="stmt"/>
          <line num="356" count="0" type="stmt"/>
          <line num="358" count="1" type="stmt"/>
          <line num="359" count="0" type="stmt"/>
          <line num="360" count="0" type="stmt"/>
          <line num="362" count="0" type="stmt"/>
          <line num="363" count="0" type="cond" truecount="0" falsecount="2"/>
          <line num="364" count="0" type="stmt"/>
          <line num="365" count="0" type="stmt"/>
          <line num="366" count="0" type="stmt"/>
          <line num="367" count="0" type="cond" truecount="0" falsecount="2"/>
          <line num="368" count="0" type="stmt"/>
          <line num="370" count="0" type="stmt"/>
          <line num="371" count="0" type="cond" truecount="0" falsecount="2"/>
          <line num="372" count="0" type="stmt"/>
          <line num="373" count="0" type="stmt"/>
          <line num="374" count="0" type="stmt"/>
          <line num="375" count="0" type="stmt"/>
          <line num="377" count="0" type="stmt"/>
          <line num="380" count="3" type="stmt"/>
          <line num="381" count="3" type="stmt"/>
          <line num="382" count="3" type="stmt"/>
          <line num="383" count="3" type="stmt"/>
          <line num="384" count="3" type="stmt"/>
          <line num="385" count="3" type="stmt"/>
          <line num="386" count="3" type="stmt"/>
          <line num="390" count="3" type="stmt"/>
          <line num="391" count="3" type="stmt"/>
          <line num="392" count="3" type="stmt"/>
          <line num="396" count="3" type="stmt"/>
          <line num="400" count="1" type="stmt"/>
          <line num="403" count="11" type="cond" truecount="1" falsecount="1"/>
          <line num="409" count="1" type="stmt"/>
          <line num="410" count="1" type="stmt"/>
          <line num="411" count="1" type="cond" truecount="1" falsecount="1"/>
          <line num="412" count="1" type="stmt"/>
          <line num="413" count="1" type="stmt"/>
          <line num="414" count="1" type="stmt"/>
          <line num="417" count="1" type="stmt"/>
          <line num="418" count="1" type="stmt"/>
          <line num="419" count="1" type="stmt"/>
          <line num="420" count="1" type="stmt"/>
          <line num="421" count="1" type="stmt"/>
          <line num="422" count="1" type="stmt"/>
          <line num="425" count="0" type="stmt"/>
          <line num="426" count="0" type="stmt"/>
          <line num="429" count="0" type="stmt"/>
        </file>
        <file name="ChangeShipDateButton.vue" path="/home/spineor/Downloads/aelis4-web/vue-client/src/views/warehouse/orderEntry/components/ChangeShipDateButton.vue">
          <metrics statements="42" coveredstatements="38" conditionals="16" coveredconditionals="8" methods="4" coveredmethods="3"/>
          <line num="32" count="2" type="stmt"/>
          <line num="33" count="2" type="stmt"/>
          <line num="34" count="2" type="stmt"/>
          <line num="35" count="2" type="stmt"/>
          <line num="44" count="5" type="stmt"/>
          <line num="59" count="1" type="stmt"/>
          <line num="62" count="1" type="stmt"/>
          <line num="63" count="1" type="stmt"/>
          <line num="64" count="1" type="stmt"/>
          <line num="66" count="0" type="cond" truecount="0" falsecount="2"/>
          <line num="70" count="1" type="stmt"/>
          <line num="71" count="1" type="stmt"/>
          <line num="75" count="2" type="stmt"/>
          <line num="76" count="2" type="stmt"/>
          <line num="77" count="2" type="stmt"/>
          <line num="78" count="2" type="stmt"/>
          <line num="81" count="2" type="cond" truecount="1" falsecount="1"/>
          <line num="82" count="2" type="stmt"/>
          <line num="83" count="0" type="cond" truecount="0" falsecount="2"/>
          <line num="85" count="0" type="stmt"/>
          <line num="88" count="2" type="cond" truecount="1" falsecount="1"/>
          <line num="89" count="2" type="stmt"/>
          <line num="91" count="2" type="stmt"/>
          <line num="94" count="2" type="stmt"/>
          <line num="95" count="2" type="stmt"/>
          <line num="96" count="2" type="cond" truecount="1" falsecount="1"/>
          <line num="98" count="2" type="stmt"/>
          <line num="99" count="2" type="cond" truecount="1" falsecount="1"/>
          <line num="101" count="2" type="stmt"/>
          <line num="102" count="2" type="stmt"/>
          <line num="104" count="2" type="stmt"/>
          <line num="105" count="2" type="stmt"/>
          <line num="106" count="1" type="stmt"/>
          <line num="113" count="1" type="stmt"/>
          <line num="114" count="1" type="stmt"/>
          <line num="115" count="1" type="stmt"/>
          <line num="117" count="1" type="stmt"/>
          <line num="119" count="2" type="stmt"/>
          <line num="122" count="0" type="stmt"/>
          <line num="128" count="6" type="cond" truecount="2" falsecount="0"/>
          <line num="129" count="6" type="stmt"/>
          <line num="130" count="6" type="cond" truecount="2" falsecount="0"/>
        </file>
        <file name="FinalizeShipmentsButton.vue" path="/home/spineor/Downloads/aelis4-web/vue-client/src/views/warehouse/orderEntry/components/FinalizeShipmentsButton.vue">
          <metrics statements="14" coveredstatements="14" conditionals="8" coveredconditionals="7" methods="0" coveredmethods="0"/>
          <line num="8" count="2" type="stmt"/>
          <line num="9" count="2" type="stmt"/>
          <line num="18" count="3" type="stmt"/>
          <line num="22" count="1" type="stmt"/>
          <line num="23" count="1" type="cond" truecount="1" falsecount="1"/>
          <line num="24" count="1" type="stmt"/>
          <line num="25" count="1" type="stmt"/>
          <line num="26" count="1" type="stmt"/>
          <line num="27" count="1" type="stmt"/>
          <line num="28" count="1" type="stmt"/>
          <line num="30" count="1" type="stmt"/>
          <line num="35" count="7" type="cond" truecount="2" falsecount="0"/>
          <line num="36" count="7" type="cond" truecount="2" falsecount="0"/>
          <line num="37" count="7" type="cond" truecount="2" falsecount="0"/>
        </file>
        <file name="PrintMassiveButton.vue" path="/home/spineor/Downloads/aelis4-web/vue-client/src/views/warehouse/orderEntry/components/PrintMassiveButton.vue">
          <metrics statements="4" coveredstatements="4" conditionals="0" coveredconditionals="0" methods="0" coveredmethods="0"/>
          <line num="8" count="2" type="stmt"/>
          <line num="17" count="2" type="stmt"/>
          <line num="21" count="1" type="stmt"/>
          <line num="22" count="1" type="stmt"/>
        </file>
      </package>
      <package name="views.warehouse.orderEntry.components.tableSummary">
        <metrics statements="3" coveredstatements="3" conditionals="0" coveredconditionals="0" methods="0" coveredmethods="0"/>
        <file name="PrintUnitConsolidateLabel.vue" path="/home/spineor/Downloads/aelis4-web/vue-client/src/views/warehouse/orderEntry/components/tableSummary/PrintUnitConsolidateLabel.vue">
          <metrics statements="3" coveredstatements="3" conditionals="0" coveredconditionals="0" methods="0" coveredmethods="0"/>
          <line num="10" count="13" type="stmt"/>
          <line num="24" count="1" type="stmt"/>
          <line num="25" count="1" type="stmt"/>
        </file>
      </package>
      <package name="views.warehouse.orderEntry.components.unitsDetail">
        <metrics statements="37" coveredstatements="35" conditionals="8" coveredconditionals="7" methods="7" coveredmethods="5"/>
        <file name="PrintUnitLabel.vue" path="/home/spineor/Downloads/aelis4-web/vue-client/src/views/warehouse/orderEntry/components/unitsDetail/PrintUnitLabel.vue">
          <metrics statements="3" coveredstatements="3" conditionals="0" coveredconditionals="0" methods="0" coveredmethods="0"/>
          <line num="10" count="2" type="stmt"/>
          <line num="24" count="1" type="stmt"/>
          <line num="25" count="1" type="stmt"/>
        </file>
        <file name="UnitsDetailDialog.vue" path="/home/spineor/Downloads/aelis4-web/vue-client/src/views/warehouse/orderEntry/components/unitsDetail/UnitsDetailDialog.vue">
          <metrics statements="34" coveredstatements="32" conditionals="8" coveredconditionals="7" methods="7" coveredmethods="5"/>
          <line num="168" count="3" type="stmt"/>
          <line num="169" count="3" type="stmt"/>
          <line num="170" count="3" type="stmt"/>
          <line num="186" count="20" type="stmt"/>
          <line num="194" count="1" type="stmt"/>
          <line num="195" count="1" type="stmt"/>
          <line num="198" count="1" type="stmt"/>
          <line num="199" count="1" type="stmt"/>
          <line num="202" count="1" type="stmt"/>
          <line num="205" count="0" type="stmt"/>
          <line num="208" count="2" type="stmt"/>
          <line num="209" count="2" type="stmt"/>
          <line num="210" count="0" type="stmt"/>
          <line num="212" count="1" type="stmt"/>
          <line num="218" count="1" type="stmt"/>
          <line num="222" count="3" type="stmt"/>
          <line num="223" count="3" type="stmt"/>
          <line num="224" count="2" type="stmt"/>
          <line num="225" count="2" type="stmt"/>
          <line num="226" count="2" type="stmt"/>
          <line num="227" count="2" type="cond" truecount="2" falsecount="0"/>
          <line num="228" count="1" type="stmt"/>
          <line num="230" count="1" type="stmt"/>
          <line num="233" count="1" type="stmt"/>
          <line num="234" count="1" type="stmt"/>
          <line num="243" count="3" type="stmt"/>
          <line num="244" count="3" type="stmt"/>
          <line num="246" count="3" type="cond" truecount="2" falsecount="0"/>
          <line num="247" count="1" type="stmt"/>
          <line num="249" count="1" type="stmt"/>
          <line num="253" count="2" type="stmt"/>
          <line num="255" count="2" type="stmt"/>
          <line num="259" count="1" type="cond" truecount="3" falsecount="1"/>
          <line num="263" count="1" type="stmt"/>
        </file>
      </package>
      <package name="views.warehouse.uploadXml">
        <metrics statements="34" coveredstatements="34" conditionals="8" coveredconditionals="7" methods="0" coveredmethods="0"/>
        <file name="UploadDrop.vue" path="/home/spineor/Downloads/aelis4-web/vue-client/src/views/warehouse/uploadXml/UploadDrop.vue">
          <metrics statements="27" coveredstatements="27" conditionals="8" coveredconditionals="7" methods="0" coveredmethods="0"/>
          <line num="40" count="2" type="stmt"/>
          <line num="41" count="2" type="stmt"/>
          <line num="51" count="2" type="stmt"/>
          <line num="62" count="2" type="stmt"/>
          <line num="63" count="2" type="stmt"/>
          <line num="64" count="2" type="stmt"/>
          <line num="65" count="2" type="stmt"/>
          <line num="69" count="1" type="stmt"/>
          <line num="70" count="1" type="stmt"/>
          <line num="71" count="1" type="stmt"/>
          <line num="72" count="1" type="stmt"/>
          <line num="73" count="1" type="stmt"/>
          <line num="76" count="1" type="stmt"/>
          <line num="77" count="1" type="stmt"/>
          <line num="80" count="1" type="stmt"/>
          <line num="83" count="1" type="cond" truecount="1" falsecount="1"/>
          <line num="84" count="1" type="stmt"/>
          <line num="86" count="1" type="stmt"/>
          <line num="89" count="1" type="stmt"/>
          <line num="90" count="1" type="stmt"/>
          <line num="93" count="3" type="stmt"/>
          <line num="94" count="3" type="stmt"/>
          <line num="95" count="3" type="cond" truecount="2" falsecount="0"/>
          <line num="96" count="1" type="stmt"/>
          <line num="98" count="3" type="cond" truecount="2" falsecount="0"/>
          <line num="99" count="1" type="stmt"/>
          <line num="101" count="3" type="cond" truecount="2" falsecount="0"/>
        </file>
        <file name="UploadResponse.vue" path="/home/spineor/Downloads/aelis4-web/vue-client/src/views/warehouse/uploadXml/UploadResponse.vue">
          <metrics statements="3" coveredstatements="3" conditionals="0" coveredconditionals="0" methods="0" coveredmethods="0"/>
          <line num="73" count="2" type="stmt"/>
          <line num="83" count="3" type="stmt"/>
          <line num="86" count="1" type="stmt"/>
        </file>
        <file name="index.vue" path="/home/spineor/Downloads/aelis4-web/vue-client/src/views/warehouse/uploadXml/index.vue">
          <metrics statements="4" coveredstatements="4" conditionals="0" coveredconditionals="0" methods="0" coveredmethods="0"/>
          <line num="28" count="1" type="stmt"/>
          <line num="29" count="1" type="stmt"/>
          <line num="30" count="1" type="stmt"/>
          <line num="36" count="1" type="stmt"/>
        </file>
      </package>
    </metrics>
  </project>
</coverage>
