{"/home/spineor/Downloads/aelis4-web/vue-client/src/components/Autocomplete/index.vue": {"path":"/home/spineor/Downloads/aelis4-web/vue-client/src/components/Autocomplete/index.vue","statementMap":{"0":{"start":{"line":26,"column":0},"end":{"line":null,"column":-1}},"1":{"start":{"line":27,"column":0},"end":{"line":null,"column":-1}},"2":{"start":{"line":32,"column":0},"end":{"line":null,"column":-1}},"3":{"start":{"line":125,"column":0},"end":{"line":127,"column":0}},"4":{"start":{"line":126,"column":0},"end":{"line":null,"column":-1}},"5":{"start":{"line":132,"column":0},"end":{"line":145,"column":0}},"6":{"start":{"line":133,"column":0},"end":{"line":144,"column":0}},"7":{"start":{"line":134,"column":0},"end":{"line":143,"column":0}},"8":{"start":{"line":135,"column":0},"end":{"line":139,"column":0}},"9":{"start":{"line":137,"column":0},"end":{"line":null,"column":-1}},"10":{"start":{"line":138,"column":0},"end":{"line":null,"column":-1}},"11":{"start":{"line":140,"column":0},"end":{"line":null,"column":-1}},"12":{"start":{"line":142,"column":0},"end":{"line":null,"column":-1}},"13":{"start":{"line":146,"column":0},"end":{"line":null,"column":-1}},"14":{"start":{"line":149,"column":0},"end":{"line":null,"column":-1}},"15":{"start":{"line":150,"column":0},"end":{"line":152,"column":0}},"16":{"start":{"line":151,"column":0},"end":{"line":null,"column":-1}},"17":{"start":{"line":153,"column":0},"end":{"line":155,"column":0}},"18":{"start":{"line":154,"column":0},"end":{"line":null,"column":-1}},"19":{"start":{"line":158,"column":0},"end":{"line":160,"column":0}},"20":{"start":{"line":159,"column":0},"end":{"line":null,"column":-1}},"21":{"start":{"line":163,"column":0},"end":{"line":null,"column":-1}},"22":{"start":{"line":165,"column":0},"end":{"line":167,"column":0}},"23":{"start":{"line":166,"column":0},"end":{"line":null,"column":-1}},"24":{"start":{"line":171,"column":0},"end":{"line":null,"column":-1}},"25":{"start":{"line":173,"column":0},"end":{"line":175,"column":0}},"26":{"start":{"line":174,"column":0},"end":{"line":null,"column":-1}},"27":{"start":{"line":177,"column":0},"end":{"line":179,"column":0}},"28":{"start":{"line":178,"column":0},"end":{"line":null,"column":-1}},"29":{"start":{"line":182,"column":0},"end":{"line":null,"column":-1}},"30":{"start":{"line":185,"column":0},"end":{"line":null,"column":-1}},"31":{"start":{"line":188,"column":0},"end":{"line":null,"column":-1}}},"fnMap":{"0":{"name":"(anonymous_1)","decl":{"start":{"line":133,"column":0},"end":{"line":null,"column":-1}},"loc":{"start":{"line":133,"column":0},"end":{"line":144,"column":0}}},"1":{"name":"(anonymous_2)","decl":{"start":{"line":135,"column":0},"end":{"line":null,"column":-1}},"loc":{"start":{"line":135,"column":0},"end":{"line":139,"column":0}}},"2":{"name":"(anonymous_3)","decl":{"start":{"line":171,"column":0},"end":{"line":null,"column":-1}},"loc":{"start":{"line":171,"column":0},"end":{"line":null,"column":-1}}}},"branchMap":{"0":{"loc":{"start":{"line":125,"column":0},"end":{"line":127,"column":0}},"type":"if","locations":[{"start":{"line":125,"column":0},"end":{"line":127,"column":0}},{"start":{"line":125,"column":0},"end":{"line":127,"column":0}}]},"1":{"loc":{"start":{"line":132,"column":0},"end":{"line":145,"column":0}},"type":"if","locations":[{"start":{"line":132,"column":0},"end":{"line":145,"column":0}},{"start":{"line":132,"column":0},"end":{"line":145,"column":0}}]},"2":{"loc":{"start":{"line":132,"column":0},"end":{"line":null,"column":-1}},"type":"binary-expr","locations":[{"start":{"line":132,"column":0},"end":{"line":null,"column":-1}},{"start":{"line":132,"column":0},"end":{"line":null,"column":-1}},{"start":{"line":132,"column":0},"end":{"line":null,"column":-1}}]},"3":{"loc":{"start":{"line":134,"column":0},"end":{"line":143,"column":0}},"type":"if","locations":[{"start":{"line":134,"column":0},"end":{"line":143,"column":0}},{"start":{"line":134,"column":0},"end":{"line":143,"column":0}}]},"4":{"loc":{"start":{"line":134,"column":0},"end":{"line":null,"column":-1}},"type":"binary-expr","locations":[{"start":{"line":134,"column":0},"end":{"line":null,"column":-1}},{"start":{"line":134,"column":0},"end":{"line":null,"column":-1}},{"start":{"line":134,"column":0},"end":{"line":null,"column":-1}}]},"5":{"loc":{"start":{"line":138,"column":0},"end":{"line":null,"column":-1}},"type":"cond-expr","locations":[{"start":{"line":138,"column":0},"end":{"line":null,"column":-1}},{"start":{"line":138,"column":0},"end":{"line":null,"column":-1}}]},"6":{"loc":{"start":{"line":150,"column":0},"end":{"line":152,"column":0}},"type":"if","locations":[{"start":{"line":150,"column":0},"end":{"line":152,"column":0}},{"start":{"line":150,"column":0},"end":{"line":152,"column":0}}]},"7":{"loc":{"start":{"line":153,"column":0},"end":{"line":155,"column":0}},"type":"if","locations":[{"start":{"line":153,"column":0},"end":{"line":155,"column":0}},{"start":{"line":153,"column":0},"end":{"line":155,"column":0}}]},"8":{"loc":{"start":{"line":158,"column":0},"end":{"line":160,"column":0}},"type":"if","locations":[{"start":{"line":158,"column":0},"end":{"line":160,"column":0}},{"start":{"line":158,"column":0},"end":{"line":160,"column":0}}]},"9":{"loc":{"start":{"line":165,"column":0},"end":{"line":167,"column":0}},"type":"if","locations":[{"start":{"line":165,"column":0},"end":{"line":167,"column":0}},{"start":{"line":165,"column":0},"end":{"line":167,"column":0}}]},"10":{"loc":{"start":{"line":173,"column":0},"end":{"line":175,"column":0}},"type":"if","locations":[{"start":{"line":173,"column":0},"end":{"line":175,"column":0}},{"start":{"line":173,"column":0},"end":{"line":175,"column":0}}]},"11":{"loc":{"start":{"line":173,"column":0},"end":{"line":null,"column":-1}},"type":"binary-expr","locations":[{"start":{"line":173,"column":0},"end":{"line":null,"column":-1}},{"start":{"line":173,"column":0},"end":{"line":null,"column":-1}},{"start":{"line":173,"column":0},"end":{"line":null,"column":-1}}]},"12":{"loc":{"start":{"line":177,"column":0},"end":{"line":179,"column":0}},"type":"if","locations":[{"start":{"line":177,"column":0},"end":{"line":179,"column":0}},{"start":{"line":177,"column":0},"end":{"line":179,"column":0}}]},"13":{"loc":{"start":{"line":177,"column":0},"end":{"line":null,"column":-1}},"type":"binary-expr","locations":[{"start":{"line":177,"column":0},"end":{"line":null,"column":-1}},{"start":{"line":177,"column":0},"end":{"line":null,"column":-1}}]}},"s":{"0":7,"1":7,"2":16,"3":2,"4":0,"5":2,"6":2,"7":2,"8":1,"9":1,"10":1,"11":1,"12":1,"13":0,"14":1,"15":1,"16":1,"17":1,"18":1,"19":1,"20":1,"21":1,"22":1,"23":1,"24":12,"25":2,"26":1,"27":2,"28":1,"29":1,"30":1,"31":5},"f":{"0":2,"1":1,"2":10},"b":{"0":[0,2],"1":[2,0],"2":[2,2,2],"3":[1,1],"4":[2,2,2],"5":[0,1],"6":[1,0],"7":[1,0],"8":[1,0],"9":[1,0],"10":[1,1],"11":[2,1,1],"12":[1,1],"13":[2,1]}}
,"/home/spineor/Downloads/aelis4-web/vue-client/src/components/Callback/index.vue": {"path":"/home/spineor/Downloads/aelis4-web/vue-client/src/components/Callback/index.vue","statementMap":{"0":{"start":{"line":13,"column":0},"end":{"line":null,"column":-1}},"1":{"start":{"line":14,"column":0},"end":{"line":null,"column":-1}},"2":{"start":{"line":18,"column":0},"end":{"line":null,"column":-1}}},"fnMap":{},"branchMap":{"0":{"loc":{"start":{"line":14,"column":0},"end":{"line":null,"column":-1}},"type":"binary-expr","locations":[{"start":{"line":14,"column":0},"end":{"line":null,"column":-1}},{"start":{"line":14,"column":0},"end":{"line":null,"column":-1}}]}},"s":{"0":1,"1":1,"2":3},"f":{},"b":{"0":[1,0]}}
,"/home/spineor/Downloads/aelis4-web/vue-client/src/components/Hamburger/index.vue": {"path":"/home/spineor/Downloads/aelis4-web/vue-client/src/components/Hamburger/index.vue","statementMap":{"0":{"start":{"line":43,"column":0},"end":{"line":null,"column":-1}}},"fnMap":{},"branchMap":{},"s":{"0":5},"f":{},"b":{}}
,"/home/spineor/Downloads/aelis4-web/vue-client/src/components/ShipperList/index.vue": {"path":"/home/spineor/Downloads/aelis4-web/vue-client/src/components/ShipperList/index.vue","statementMap":{"0":{"start":{"line":55,"column":0},"end":{"line":null,"column":-1}},"1":{"start":{"line":56,"column":0},"end":{"line":null,"column":-1}},"2":{"start":{"line":57,"column":0},"end":{"line":null,"column":-1}},"3":{"start":{"line":69,"column":0},"end":{"line":null,"column":-1}},"4":{"start":{"line":81,"column":0},"end":{"line":null,"column":-1}},"5":{"start":{"line":84,"column":0},"end":{"line":null,"column":-1}},"6":{"start":{"line":90,"column":0},"end":{"line":92,"column":0}},"7":{"start":{"line":91,"column":0},"end":{"line":null,"column":-1}},"8":{"start":{"line":93,"column":0},"end":{"line":null,"column":-1}},"9":{"start":{"line":96,"column":0},"end":{"line":null,"column":-1}},"10":{"start":{"line":97,"column":0},"end":{"line":null,"column":-1}},"11":{"start":{"line":98,"column":0},"end":{"line":null,"column":-1}},"12":{"start":{"line":99,"column":0},"end":{"line":null,"column":-1}},"13":{"start":{"line":100,"column":0},"end":{"line":null,"column":-1}},"14":{"start":{"line":103,"column":0},"end":{"line":null,"column":-1}},"15":{"start":{"line":105,"column":0},"end":{"line":109,"column":0}},"16":{"start":{"line":106,"column":0},"end":{"line":108,"column":0}},"17":{"start":{"line":107,"column":0},"end":{"line":null,"column":-1}},"18":{"start":{"line":112,"column":0},"end":{"line":116,"column":0}},"19":{"start":{"line":113,"column":0},"end":{"line":115,"column":0}},"20":{"start":{"line":114,"column":0},"end":{"line":null,"column":-1}},"21":{"start":{"line":120,"column":0},"end":{"line":null,"column":-1}},"22":{"start":{"line":121,"column":0},"end":{"line":135,"column":0}},"23":{"start":{"line":122,"column":0},"end":{"line":null,"column":-1}},"24":{"start":{"line":124,"column":0},"end":{"line":null,"column":-1}},"25":{"start":{"line":126,"column":0},"end":{"line":null,"column":-1}},"26":{"start":{"line":127,"column":0},"end":{"line":null,"column":-1}},"27":{"start":{"line":128,"column":0},"end":{"line":null,"column":-1}},"28":{"start":{"line":131,"column":0},"end":{"line":133,"column":0}},"29":{"start":{"line":132,"column":0},"end":{"line":null,"column":-1}},"30":{"start":{"line":134,"column":0},"end":{"line":null,"column":-1}},"31":{"start":{"line":138,"column":0},"end":{"line":142,"column":0}},"32":{"start":{"line":139,"column":0},"end":{"line":141,"column":0}},"33":{"start":{"line":140,"column":0},"end":{"line":null,"column":-1}}},"fnMap":{"0":{"name":"(anonymous_1)","decl":{"start":{"line":106,"column":0},"end":{"line":null,"column":-1}},"loc":{"start":{"line":106,"column":0},"end":{"line":108,"column":0}}},"1":{"name":"(anonymous_2)","decl":{"start":{"line":139,"column":0},"end":{"line":null,"column":-1}},"loc":{"start":{"line":139,"column":0},"end":{"line":141,"column":0}}}},"branchMap":{"0":{"loc":{"start":{"line":84,"column":0},"end":{"line":null,"column":-1}},"type":"binary-expr","locations":[{"start":{"line":84,"column":0},"end":{"line":null,"column":-1}},{"start":{"line":84,"column":0},"end":{"line":null,"column":-1}}]},"1":{"loc":{"start":{"line":90,"column":0},"end":{"line":92,"column":0}},"type":"if","locations":[{"start":{"line":90,"column":0},"end":{"line":92,"column":0}},{"start":{"line":90,"column":0},"end":{"line":92,"column":0}}]},"2":{"loc":{"start":{"line":90,"column":0},"end":{"line":null,"column":-1}},"type":"binary-expr","locations":[{"start":{"line":90,"column":0},"end":{"line":null,"column":-1}},{"start":{"line":90,"column":0},"end":{"line":null,"column":-1}}]},"3":{"loc":{"start":{"line":105,"column":0},"end":{"line":109,"column":0}},"type":"if","locations":[{"start":{"line":105,"column":0},"end":{"line":109,"column":0}},{"start":{"line":105,"column":0},"end":{"line":109,"column":0}}]},"4":{"loc":{"start":{"line":112,"column":0},"end":{"line":116,"column":0}},"type":"if","locations":[{"start":{"line":112,"column":0},"end":{"line":116,"column":0}},{"start":{"line":112,"column":0},"end":{"line":116,"column":0}}]},"5":{"loc":{"start":{"line":121,"column":0},"end":{"line":135,"column":0}},"type":"if","locations":[{"start":{"line":121,"column":0},"end":{"line":135,"column":0}},{"start":{"line":121,"column":0},"end":{"line":135,"column":0}}]},"6":{"loc":{"start":{"line":128,"column":0},"end":{"line":null,"column":-1}},"type":"binary-expr","locations":[{"start":{"line":128,"column":0},"end":{"line":null,"column":-1}},{"start":{"line":128,"column":0},"end":{"line":null,"column":-1}}]},"7":{"loc":{"start":{"line":131,"column":0},"end":{"line":133,"column":0}},"type":"if","locations":[{"start":{"line":131,"column":0},"end":{"line":133,"column":0}},{"start":{"line":131,"column":0},"end":{"line":133,"column":0}}]},"8":{"loc":{"start":{"line":131,"column":0},"end":{"line":null,"column":-1}},"type":"binary-expr","locations":[{"start":{"line":131,"column":0},"end":{"line":null,"column":-1}},{"start":{"line":131,"column":0},"end":{"line":null,"column":-1}}]},"9":{"loc":{"start":{"line":138,"column":0},"end":{"line":142,"column":0}},"type":"if","locations":[{"start":{"line":138,"column":0},"end":{"line":142,"column":0}},{"start":{"line":138,"column":0},"end":{"line":142,"column":0}}]}},"s":{"0":3,"1":3,"2":3,"3":7,"4":1,"5":1,"6":8,"7":8,"8":8,"9":2,"10":2,"11":2,"12":1,"13":1,"14":1,"15":1,"16":1,"17":1,"18":3,"19":3,"20":3,"21":7,"22":7,"23":1,"24":1,"25":6,"26":6,"27":1,"28":1,"29":1,"30":1,"31":2,"32":0,"33":0},"f":{"0":1,"1":0},"b":{"0":[1,0],"1":[8,0],"2":[8,4],"3":[1,0],"4":[3,0],"5":[1,6],"6":[1,1],"7":[1,0],"8":[1,1],"9":[0,2]}}
,"/home/spineor/Downloads/aelis4-web/vue-client/src/directives/alphanumericValidation.js": {"path":"/home/spineor/Downloads/aelis4-web/vue-client/src/directives/alphanumericValidation.js","statementMap":{"0":{"start":{"line":4,"column":31},"end":{"line":4,"column":33}},"1":{"start":{"line":6,"column":23},"end":{"line":16,"column":1}},"2":{"start":{"line":7,"column":14},"end":{"line":7,"column":24}},"3":{"start":{"line":9,"column":23},"end":{"line":9,"column":75}},"4":{"start":{"line":10,"column":31},"end":{"line":10,"column":93}},"5":{"start":{"line":12,"column":2},"end":{"line":15,"column":3}},"6":{"start":{"line":13,"column":4},"end":{"line":13,"column":24}},"7":{"start":{"line":14,"column":4},"end":{"line":14,"column":25}},"8":{"start":{"line":18,"column":0},"end":{"line":20,"column":2}},"9":{"start":{"line":19,"column":2},"end":{"line":19,"column":50}}},"fnMap":{"0":{"name":"(anonymous_0)","decl":{"start":{"line":6,"column":23},"end":{"line":6,"column":24}},"loc":{"start":{"line":6,"column":31},"end":{"line":16,"column":1}},"line":6},"1":{"name":"(anonymous_1)","decl":{"start":{"line":18,"column":34},"end":{"line":18,"column":35}},"loc":{"start":{"line":18,"column":42},"end":{"line":20,"column":1}},"line":18}},"branchMap":{"0":{"loc":{"start":{"line":12,"column":2},"end":{"line":15,"column":3}},"type":"if","locations":[{"start":{"line":12,"column":2},"end":{"line":15,"column":3}},{"start":{"line":12,"column":2},"end":{"line":15,"column":3}}],"line":12},"1":{"loc":{"start":{"line":12,"column":6},"end":{"line":12,"column":99}},"type":"binary-expr","locations":[{"start":{"line":12,"column":6},"end":{"line":12,"column":19}},{"start":{"line":12,"column":23},"end":{"line":12,"column":74}},{"start":{"line":12,"column":78},"end":{"line":12,"column":99}}],"line":12}},"s":{"0":9,"1":9,"2":0,"3":0,"4":0,"5":0,"6":0,"7":0,"8":9,"9":27},"f":{"0":0,"1":27},"b":{"0":[0,0],"1":[0,0,0]},"_coverageSchema":"332fd63041d2c1bcb487cc26dd0d5f7d97098a6c","hash":"ac2c0fb1c73bb9c2029b1c739f82712f89764a6d"}
,"/home/spineor/Downloads/aelis4-web/vue-client/src/directives/numericValidation.js": {"path":"/home/spineor/Downloads/aelis4-web/vue-client/src/directives/numericValidation.js","statementMap":{"0":{"start":{"line":4,"column":26},"end":{"line":4,"column":28}},"1":{"start":{"line":6,"column":23},"end":{"line":15,"column":1}},"2":{"start":{"line":7,"column":14},"end":{"line":7,"column":24}},"3":{"start":{"line":9,"column":23},"end":{"line":9,"column":75}},"4":{"start":{"line":11,"column":2},"end":{"line":14,"column":3}},"5":{"start":{"line":12,"column":4},"end":{"line":12,"column":24}},"6":{"start":{"line":13,"column":4},"end":{"line":13,"column":25}},"7":{"start":{"line":17,"column":20},"end":{"line":19,"column":1}},"8":{"start":{"line":18,"column":2},"end":{"line":18,"column":57}},"9":{"start":{"line":21,"column":0},"end":{"line":25,"column":2}},"10":{"start":{"line":22,"column":2},"end":{"line":22,"column":50}},"11":{"start":{"line":23,"column":2},"end":{"line":23,"column":47}},"12":{"start":{"line":24,"column":2},"end":{"line":24,"column":44}}},"fnMap":{"0":{"name":"(anonymous_0)","decl":{"start":{"line":6,"column":23},"end":{"line":6,"column":24}},"loc":{"start":{"line":6,"column":31},"end":{"line":15,"column":1}},"line":6},"1":{"name":"(anonymous_1)","decl":{"start":{"line":17,"column":20},"end":{"line":17,"column":21}},"loc":{"start":{"line":17,"column":28},"end":{"line":19,"column":1}},"line":17},"2":{"name":"(anonymous_2)","decl":{"start":{"line":21,"column":29},"end":{"line":21,"column":30}},"loc":{"start":{"line":21,"column":37},"end":{"line":25,"column":1}},"line":21}},"branchMap":{"0":{"loc":{"start":{"line":11,"column":2},"end":{"line":14,"column":3}},"type":"if","locations":[{"start":{"line":11,"column":2},"end":{"line":14,"column":3}},{"start":{"line":11,"column":2},"end":{"line":14,"column":3}}],"line":11},"1":{"loc":{"start":{"line":11,"column":6},"end":{"line":11,"column":69}},"type":"binary-expr","locations":[{"start":{"line":11,"column":6},"end":{"line":11,"column":19}},{"start":{"line":11,"column":23},"end":{"line":11,"column":69}}],"line":11}},"s":{"0":4,"1":4,"2":0,"3":0,"4":0,"5":0,"6":0,"7":4,"8":0,"9":4,"10":0,"11":0,"12":0},"f":{"0":0,"1":0,"2":0},"b":{"0":[0,0],"1":[0,0]},"_coverageSchema":"332fd63041d2c1bcb487cc26dd0d5f7d97098a6c","hash":"e454f2438f180dd089abc5798b6169cc15e33fe5"}
,"/home/spineor/Downloads/aelis4-web/vue-client/src/plugins/auth.js": {"path":"/home/spineor/Downloads/aelis4-web/vue-client/src/plugins/auth.js","statementMap":{"0":{"start":{"line":5,"column":4},"end":{"line":5,"column":38}},"1":{"start":{"line":7,"column":4},"end":{"line":19,"column":7}},"2":{"start":{"line":9,"column":8},"end":{"line":11,"column":9}},"3":{"start":{"line":10,"column":10},"end":{"line":10,"column":71}},"4":{"start":{"line":15,"column":8},"end":{"line":17,"column":9}},"5":{"start":{"line":16,"column":10},"end":{"line":16,"column":74}}},"fnMap":{},"branchMap":{"0":{"loc":{"start":{"line":9,"column":8},"end":{"line":11,"column":9}},"type":"if","locations":[{"start":{"line":9,"column":8},"end":{"line":11,"column":9}},{"start":{"line":9,"column":8},"end":{"line":11,"column":9}}],"line":9},"1":{"loc":{"start":{"line":15,"column":8},"end":{"line":17,"column":9}},"type":"if","locations":[{"start":{"line":15,"column":8},"end":{"line":17,"column":9}},{"start":{"line":15,"column":8},"end":{"line":17,"column":9}}],"line":15}},"s":{"0":10,"1":10,"2":64,"3":7,"4":3,"5":1},"f":{},"b":{"0":[7,57],"1":[1,2]},"_coverageSchema":"332fd63041d2c1bcb487cc26dd0d5f7d97098a6c","hash":"45e11a0d948f164b0dcd3f4eba66401fd046ec65"}
,"/home/spineor/Downloads/aelis4-web/vue-client/src/plugins/permissions.js": {"path":"/home/spineor/Downloads/aelis4-web/vue-client/src/plugins/permissions.js","statementMap":{"0":{"start":{"line":4,"column":26},"end":{"line":4,"column":34}},"1":{"start":{"line":5,"column":25},"end":{"line":5,"column":32}},"2":{"start":{"line":21,"column":32},"end":{"line":29,"column":1}},"3":{"start":{"line":22,"column":2},"end":{"line":24,"column":3}},"4":{"start":{"line":23,"column":4},"end":{"line":23,"column":16}},"5":{"start":{"line":25,"column":2},"end":{"line":27,"column":3}},"6":{"start":{"line":26,"column":4},"end":{"line":26,"column":16}},"7":{"start":{"line":28,"column":2},"end":{"line":28,"column":15}},"8":{"start":{"line":34,"column":32},"end":{"line":34,"column":106}},"9":{"start":{"line":34,"column":61},"end":{"line":34,"column":106}},"10":{"start":{"line":38,"column":4},"end":{"line":73,"column":7}},"11":{"start":{"line":40,"column":8},"end":{"line":42,"column":10}},"12":{"start":{"line":47,"column":10},"end":{"line":49,"column":11}},"13":{"start":{"line":48,"column":12},"end":{"line":48,"column":25}},"14":{"start":{"line":52,"column":36},"end":{"line":52,"column":40}},"15":{"start":{"line":53,"column":36},"end":{"line":53,"column":40}},"16":{"start":{"line":54,"column":10},"end":{"line":56,"column":11}},"17":{"start":{"line":55,"column":12},"end":{"line":55,"column":25}},"18":{"start":{"line":60,"column":10},"end":{"line":62,"column":11}},"19":{"start":{"line":61,"column":12},"end":{"line":61,"column":70}},"20":{"start":{"line":66,"column":10},"end":{"line":68,"column":11}},"21":{"start":{"line":67,"column":12},"end":{"line":67,"column":83}},"22":{"start":{"line":70,"column":10},"end":{"line":70,"column":60}}},"fnMap":{"0":{"name":"(anonymous_0)","decl":{"start":{"line":21,"column":32},"end":{"line":21,"column":33}},"loc":{"start":{"line":21,"column":48},"end":{"line":29,"column":1}},"line":21},"1":{"name":"(anonymous_1)","decl":{"start":{"line":34,"column":32},"end":{"line":34,"column":33}},"loc":{"start":{"line":34,"column":61},"end":{"line":34,"column":106}},"line":34}},"branchMap":{"0":{"loc":{"start":{"line":22,"column":2},"end":{"line":24,"column":3}},"type":"if","locations":[{"start":{"line":22,"column":2},"end":{"line":24,"column":3}},{"start":{"line":22,"column":2},"end":{"line":24,"column":3}}],"line":22},"1":{"loc":{"start":{"line":22,"column":6},"end":{"line":22,"column":100}},"type":"binary-expr","locations":[{"start":{"line":22,"column":6},"end":{"line":22,"column":55}},{"start":{"line":22,"column":59},"end":{"line":22,"column":100}}],"line":22},"2":{"loc":{"start":{"line":25,"column":2},"end":{"line":27,"column":3}},"type":"if","locations":[{"start":{"line":25,"column":2},"end":{"line":27,"column":3}},{"start":{"line":25,"column":2},"end":{"line":27,"column":3}}],"line":25},"3":{"loc":{"start":{"line":25,"column":6},"end":{"line":25,"column":98}},"type":"binary-expr","locations":[{"start":{"line":25,"column":6},"end":{"line":25,"column":54}},{"start":{"line":25,"column":58},"end":{"line":25,"column":98}}],"line":25},"4":{"loc":{"start":{"line":47,"column":10},"end":{"line":49,"column":11}},"type":"if","locations":[{"start":{"line":47,"column":10},"end":{"line":49,"column":11}},{"start":{"line":47,"column":10},"end":{"line":49,"column":11}}],"line":47},"5":{"loc":{"start":{"line":54,"column":10},"end":{"line":56,"column":11}},"type":"if","locations":[{"start":{"line":54,"column":10},"end":{"line":56,"column":11}},{"start":{"line":54,"column":10},"end":{"line":56,"column":11}}],"line":54},"6":{"loc":{"start":{"line":60,"column":10},"end":{"line":62,"column":11}},"type":"if","locations":[{"start":{"line":60,"column":10},"end":{"line":62,"column":11}},{"start":{"line":60,"column":10},"end":{"line":62,"column":11}}],"line":60},"7":{"loc":{"start":{"line":66,"column":10},"end":{"line":68,"column":11}},"type":"if","locations":[{"start":{"line":66,"column":10},"end":{"line":68,"column":11}},{"start":{"line":66,"column":10},"end":{"line":68,"column":11}}],"line":66},"8":{"loc":{"start":{"line":70,"column":17},"end":{"line":70,"column":59}},"type":"binary-expr","locations":[{"start":{"line":70,"column":17},"end":{"line":70,"column":36}},{"start":{"line":70,"column":40},"end":{"line":70,"column":59}}],"line":70}},"s":{"0":6,"1":6,"2":6,"3":36,"4":29,"5":7,"6":0,"7":7,"8":6,"9":3,"10":31,"11":684,"12":110,"13":1,"14":109,"15":109,"16":109,"17":67,"18":42,"19":36,"20":42,"21":3,"22":42},"f":{"0":36,"1":3},"b":{"0":[29,7],"1":[36,29],"2":[0,7],"3":[7,7],"4":[1,109],"5":[67,42],"6":[36,6],"7":[3,39],"8":[42,35]},"_coverageSchema":"332fd63041d2c1bcb487cc26dd0d5f7d97098a6c","hash":"b849683957eef2e7f366302f91caa91c8bad3d6e"}
,"/home/spineor/Downloads/aelis4-web/vue-client/src/store/getters.js": {"path":"/home/spineor/Downloads/aelis4-web/vue-client/src/store/getters.js","statementMap":{"0":{"start":{"line":1,"column":16},"end":{"line":11,"column":1}},"1":{"start":{"line":2,"column":20},"end":{"line":2,"column":37}},"2":{"start":{"line":3,"column":19},"end":{"line":3,"column":35}},"3":{"start":{"line":4,"column":30},"end":{"line":4,"column":54}},"4":{"start":{"line":5,"column":17},"end":{"line":5,"column":27}},"5":{"start":{"line":6,"column":23},"end":{"line":6,"column":39}},"6":{"start":{"line":7,"column":21},"end":{"line":7,"column":43}},"7":{"start":{"line":8,"column":23},"end":{"line":8,"column":39}},"8":{"start":{"line":9,"column":29},"end":{"line":9,"column":51}},"9":{"start":{"line":10,"column":35},"end":{"line":10,"column":92}}},"fnMap":{"0":{"name":"(anonymous_0)","decl":{"start":{"line":2,"column":11},"end":{"line":2,"column":12}},"loc":{"start":{"line":2,"column":20},"end":{"line":2,"column":37}},"line":2},"1":{"name":"(anonymous_1)","decl":{"start":{"line":3,"column":10},"end":{"line":3,"column":11}},"loc":{"start":{"line":3,"column":19},"end":{"line":3,"column":35}},"line":3},"2":{"name":"(anonymous_2)","decl":{"start":{"line":4,"column":21},"end":{"line":4,"column":22}},"loc":{"start":{"line":4,"column":30},"end":{"line":4,"column":54}},"line":4},"3":{"name":"(anonymous_3)","decl":{"start":{"line":5,"column":8},"end":{"line":5,"column":9}},"loc":{"start":{"line":5,"column":17},"end":{"line":5,"column":27}},"line":5},"4":{"name":"(anonymous_4)","decl":{"start":{"line":6,"column":14},"end":{"line":6,"column":15}},"loc":{"start":{"line":6,"column":23},"end":{"line":6,"column":39}},"line":6},"5":{"name":"(anonymous_5)","decl":{"start":{"line":7,"column":12},"end":{"line":7,"column":13}},"loc":{"start":{"line":7,"column":21},"end":{"line":7,"column":43}},"line":7},"6":{"name":"(anonymous_6)","decl":{"start":{"line":8,"column":14},"end":{"line":8,"column":15}},"loc":{"start":{"line":8,"column":23},"end":{"line":8,"column":39}},"line":8},"7":{"name":"(anonymous_7)","decl":{"start":{"line":9,"column":20},"end":{"line":9,"column":21}},"loc":{"start":{"line":9,"column":29},"end":{"line":9,"column":51}},"line":9},"8":{"name":"(anonymous_8)","decl":{"start":{"line":10,"column":26},"end":{"line":10,"column":27}},"loc":{"start":{"line":10,"column":35},"end":{"line":10,"column":92}},"line":10}},"branchMap":{"0":{"loc":{"start":{"line":10,"column":35},"end":{"line":10,"column":92}},"type":"binary-expr","locations":[{"start":{"line":10,"column":35},"end":{"line":10,"column":56}},{"start":{"line":10,"column":60},"end":{"line":10,"column":92}}],"line":10}},"s":{"0":32,"1":2,"2":0,"3":2,"4":15,"5":10,"6":3,"7":3,"8":1,"9":4},"f":{"0":2,"1":0,"2":2,"3":15,"4":10,"5":3,"6":3,"7":1,"8":4},"b":{"0":[4,4]},"_coverageSchema":"332fd63041d2c1bcb487cc26dd0d5f7d97098a6c","hash":"b35e2d716c3fa3747e0f133fd903904288bbb6cc"}
,"/home/spineor/Downloads/aelis4-web/vue-client/src/store/index.js": {"path":"/home/spineor/Downloads/aelis4-web/vue-client/src/store/index.js","statementMap":{"0":{"start":{"line":12,"column":0},"end":{"line":12,"column":14}},"1":{"start":{"line":14,"column":14},"end":{"line":25,"column":2}}},"fnMap":{},"branchMap":{},"s":{"0":32,"1":32},"f":{},"b":{},"_coverageSchema":"332fd63041d2c1bcb487cc26dd0d5f7d97098a6c","hash":"50019c5123f871ef193b7e4bc565951b68353dc0"}
,"/home/spineor/Downloads/aelis4-web/vue-client/src/store/modules/app.js": {"path":"/home/spineor/Downloads/aelis4-web/vue-client/src/store/modules/app.js","statementMap":{"0":{"start":{"line":3,"column":12},"end":{"line":41,"column":1}},"1":{"start":{"line":13,"column":6},"end":{"line":17,"column":7}},"2":{"start":{"line":14,"column":8},"end":{"line":14,"column":40}},"3":{"start":{"line":16,"column":8},"end":{"line":16,"column":40}},"4":{"start":{"line":18,"column":6},"end":{"line":18,"column":51}},"5":{"start":{"line":19,"column":6},"end":{"line":19,"column":45}},"6":{"start":{"line":22,"column":6},"end":{"line":22,"column":38}},"7":{"start":{"line":23,"column":6},"end":{"line":23,"column":35}},"8":{"start":{"line":24,"column":6},"end":{"line":24,"column":56}},"9":{"start":{"line":27,"column":6},"end":{"line":27,"column":28}},"10":{"start":{"line":32,"column":6},"end":{"line":32,"column":31}},"11":{"start":{"line":35,"column":6},"end":{"line":35,"column":48}},"12":{"start":{"line":38,"column":6},"end":{"line":38,"column":38}}},"fnMap":{"0":{"name":"(anonymous_0)","decl":{"start":{"line":12,"column":20},"end":{"line":12,"column":21}},"loc":{"start":{"line":12,"column":31},"end":{"line":20,"column":5}},"line":12},"1":{"name":"(anonymous_1)","decl":{"start":{"line":21,"column":19},"end":{"line":21,"column":20}},"loc":{"start":{"line":21,"column":48},"end":{"line":25,"column":5}},"line":21},"2":{"name":"(anonymous_2)","decl":{"start":{"line":26,"column":19},"end":{"line":26,"column":20}},"loc":{"start":{"line":26,"column":38},"end":{"line":28,"column":5}},"line":26},"3":{"name":"(anonymous_3)","decl":{"start":{"line":31,"column":19},"end":{"line":31,"column":20}},"loc":{"start":{"line":31,"column":35},"end":{"line":33,"column":5}},"line":31}},"branchMap":{"0":{"loc":{"start":{"line":13,"column":6},"end":{"line":17,"column":7}},"type":"if","locations":[{"start":{"line":13,"column":6},"end":{"line":17,"column":7}},{"start":{"line":13,"column":6},"end":{"line":17,"column":7}}],"line":13}},"s":{"0":33,"1":2,"2":2,"3":0,"4":2,"5":2,"6":2,"7":2,"8":2,"9":4,"10":1,"11":1,"12":3},"f":{"0":2,"1":2,"2":4,"3":1},"b":{"0":[2,0]},"_coverageSchema":"332fd63041d2c1bcb487cc26dd0d5f7d97098a6c","hash":"80ad07da90ae90ee27f7799b16b744315abc3c29"}
,"/home/spineor/Downloads/aelis4-web/vue-client/src/store/modules/user.js": {"path":"/home/spineor/Downloads/aelis4-web/vue-client/src/store/modules/user.js","statementMap":{"0":{"start":{"line":7,"column":13},"end":{"line":83,"column":1}},"1":{"start":{"line":23,"column":6},"end":{"line":23,"column":24}},"2":{"start":{"line":26,"column":6},"end":{"line":26,"column":26}},"3":{"start":{"line":29,"column":6},"end":{"line":29,"column":28}},"4":{"start":{"line":32,"column":6},"end":{"line":32,"column":26}},"5":{"start":{"line":35,"column":6},"end":{"line":35,"column":38}},"6":{"start":{"line":38,"column":6},"end":{"line":38,"column":28}},"7":{"start":{"line":41,"column":6},"end":{"line":41,"column":48}},"8":{"start":{"line":44,"column":6},"end":{"line":44,"column":42}},"9":{"start":{"line":45,"column":6},"end":{"line":45,"column":56}},"10":{"start":{"line":46,"column":6},"end":{"line":46,"column":92}},"11":{"start":{"line":49,"column":6},"end":{"line":49,"column":62}},"12":{"start":{"line":55,"column":6},"end":{"line":55,"column":40}},"13":{"start":{"line":56,"column":6},"end":{"line":56,"column":42}},"14":{"start":{"line":57,"column":6},"end":{"line":57,"column":45}},"15":{"start":{"line":58,"column":6},"end":{"line":58,"column":75}},"16":{"start":{"line":59,"column":6},"end":{"line":59,"column":63}},"17":{"start":{"line":60,"column":6},"end":{"line":60,"column":65}},"18":{"start":{"line":61,"column":6},"end":{"line":61,"column":96}},"19":{"start":{"line":64,"column":6},"end":{"line":64,"column":52}},"20":{"start":{"line":67,"column":6},"end":{"line":80,"column":9}},"21":{"start":{"line":68,"column":8},"end":{"line":68,"column":27}},"22":{"start":{"line":69,"column":24},"end":{"line":69,"column":73}},"23":{"start":{"line":70,"column":8},"end":{"line":79,"column":11}},"24":{"start":{"line":71,"column":27},"end":{"line":71,"column":35}},"25":{"start":{"line":72,"column":10},"end":{"line":72,"column":64}},"26":{"start":{"line":73,"column":10},"end":{"line":73,"column":26}},"27":{"start":{"line":74,"column":10},"end":{"line":74,"column":24}},"28":{"start":{"line":76,"column":10},"end":{"line":76,"column":65}},"29":{"start":{"line":77,"column":10},"end":{"line":77,"column":26}},"30":{"start":{"line":78,"column":10},"end":{"line":78,"column":24}}},"fnMap":{"0":{"name":"(anonymous_0)","decl":{"start":{"line":22,"column":14},"end":{"line":22,"column":15}},"loc":{"start":{"line":22,"column":31},"end":{"line":24,"column":5}},"line":22},"1":{"name":"(anonymous_1)","decl":{"start":{"line":25,"column":15},"end":{"line":25,"column":16}},"loc":{"start":{"line":25,"column":33},"end":{"line":27,"column":5}},"line":25},"2":{"name":"(anonymous_2)","decl":{"start":{"line":28,"column":16},"end":{"line":28,"column":17}},"loc":{"start":{"line":28,"column":35},"end":{"line":30,"column":5}},"line":28},"3":{"name":"(anonymous_3)","decl":{"start":{"line":31,"column":15},"end":{"line":31,"column":16}},"loc":{"start":{"line":31,"column":33},"end":{"line":33,"column":5}},"line":31},"4":{"name":"(anonymous_4)","decl":{"start":{"line":34,"column":21},"end":{"line":34,"column":22}},"loc":{"start":{"line":34,"column":45},"end":{"line":36,"column":5}},"line":34},"5":{"name":"(anonymous_5)","decl":{"start":{"line":37,"column":16},"end":{"line":37,"column":17}},"loc":{"start":{"line":37,"column":35},"end":{"line":39,"column":5}},"line":37},"6":{"name":"(anonymous_6)","decl":{"start":{"line":40,"column":29},"end":{"line":40,"column":30}},"loc":{"start":{"line":40,"column":58},"end":{"line":42,"column":5}},"line":40},"7":{"name":"(anonymous_7)","decl":{"start":{"line":43,"column":25},"end":{"line":43,"column":26}},"loc":{"start":{"line":43,"column":54},"end":{"line":47,"column":5}},"line":43},"8":{"name":"(anonymous_8)","decl":{"start":{"line":48,"column":43},"end":{"line":48,"column":44}},"loc":{"start":{"line":48,"column":79},"end":{"line":50,"column":5}},"line":48},"9":{"name":"(anonymous_9)","decl":{"start":{"line":67,"column":25},"end":{"line":67,"column":26}},"loc":{"start":{"line":67,"column":46},"end":{"line":80,"column":7}},"line":67},"10":{"name":"(anonymous_10)","decl":{"start":{"line":70,"column":68},"end":{"line":70,"column":69}},"loc":{"start":{"line":70,"column":82},"end":{"line":75,"column":9}},"line":70},"11":{"name":"(anonymous_11)","decl":{"start":{"line":75,"column":17},"end":{"line":75,"column":18}},"loc":{"start":{"line":75,"column":28},"end":{"line":79,"column":9}},"line":75}},"branchMap":{},"s":{"0":33,"1":2,"2":2,"3":2,"4":5,"5":30,"6":3,"7":3,"8":3,"9":3,"10":3,"11":2,"12":2,"13":2,"14":2,"15":2,"16":2,"17":2,"18":2,"19":2,"20":2,"21":2,"22":2,"23":2,"24":1,"25":1,"26":1,"27":1,"28":1,"29":1,"30":1},"f":{"0":2,"1":2,"2":2,"3":5,"4":30,"5":3,"6":3,"7":3,"8":2,"9":2,"10":1,"11":1},"b":{},"_coverageSchema":"332fd63041d2c1bcb487cc26dd0d5f7d97098a6c","hash":"d87bf1bf04510e88f3c03eebd3fe9a60b0b1dc62"}
,"/home/spineor/Downloads/aelis4-web/vue-client/src/store/modules/warehouse/account.js": {"path":"/home/spineor/Downloads/aelis4-web/vue-client/src/store/modules/warehouse/account.js","statementMap":{"0":{"start":{"line":4,"column":32},"end":{"line":15,"column":2}},"1":{"start":{"line":4,"column":39},"end":{"line":15,"column":1}},"2":{"start":{"line":17,"column":16},"end":{"line":64,"column":1}},"3":{"start":{"line":24,"column":6},"end":{"line":24,"column":75}},"4":{"start":{"line":25,"column":6},"end":{"line":25,"column":57}},"5":{"start":{"line":27,"column":6},"end":{"line":29,"column":7}},"6":{"start":{"line":28,"column":8},"end":{"line":28,"column":47}},"7":{"start":{"line":30,"column":6},"end":{"line":30,"column":58}},"8":{"start":{"line":33,"column":6},"end":{"line":33,"column":39}},"9":{"start":{"line":37,"column":35},"end":{"line":37,"column":49}},"10":{"start":{"line":38,"column":6},"end":{"line":38,"column":63}},"11":{"start":{"line":39,"column":6},"end":{"line":39,"column":57}},"12":{"start":{"line":44,"column":6},"end":{"line":50,"column":9}},"13":{"start":{"line":45,"column":8},"end":{"line":49,"column":11}},"14":{"start":{"line":46,"column":10},"end":{"line":46,"column":28}},"15":{"start":{"line":48,"column":10},"end":{"line":48,"column":24}},"16":{"start":{"line":53,"column":6},"end":{"line":53,"column":34}},"17":{"start":{"line":54,"column":29},"end":{"line":54,"column":78}},"18":{"start":{"line":55,"column":23},"end":{"line":55,"column":74}},"19":{"start":{"line":56,"column":6},"end":{"line":56,"column":85}},"20":{"start":{"line":57,"column":6},"end":{"line":57,"column":35}},"21":{"start":{"line":58,"column":6},"end":{"line":58,"column":22}},"22":{"start":{"line":61,"column":6},"end":{"line":61,"column":37}}},"fnMap":{"0":{"name":"(anonymous_0)","decl":{"start":{"line":4,"column":32},"end":{"line":4,"column":33}},"loc":{"start":{"line":4,"column":39},"end":{"line":15,"column":1}},"line":4},"1":{"name":"(anonymous_1)","decl":{"start":{"line":23,"column":25},"end":{"line":23,"column":26}},"loc":{"start":{"line":23,"column":42},"end":{"line":31,"column":5}},"line":23},"2":{"name":"(anonymous_2)","decl":{"start":{"line":32,"column":17},"end":{"line":32,"column":18}},"loc":{"start":{"line":32,"column":37},"end":{"line":34,"column":5}},"line":32},"3":{"name":"(anonymous_3)","decl":{"start":{"line":35,"column":26},"end":{"line":35,"column":27}},"loc":{"start":{"line":35,"column":37},"end":{"line":40,"column":5}},"line":35},"4":{"name":"(anonymous_4)","decl":{"start":{"line":44,"column":25},"end":{"line":44,"column":26}},"loc":{"start":{"line":44,"column":46},"end":{"line":50,"column":7}},"line":44},"5":{"name":"(anonymous_5)","decl":{"start":{"line":45,"column":97},"end":{"line":45,"column":98}},"loc":{"start":{"line":45,"column":111},"end":{"line":47,"column":9}},"line":45},"6":{"name":"(anonymous_6)","decl":{"start":{"line":47,"column":17},"end":{"line":47,"column":18}},"loc":{"start":{"line":47,"column":28},"end":{"line":49,"column":9}},"line":47}},"branchMap":{"0":{"loc":{"start":{"line":27,"column":6},"end":{"line":29,"column":7}},"type":"if","locations":[{"start":{"line":27,"column":6},"end":{"line":29,"column":7}},{"start":{"line":27,"column":6},"end":{"line":29,"column":7}}],"line":27}},"s":{"0":32,"1":38,"2":32,"3":3,"4":3,"5":3,"6":3,"7":3,"8":7,"9":6,"10":6,"11":6,"12":2,"13":2,"14":1,"15":1,"16":6,"17":6,"18":6,"19":1,"20":1,"21":1,"22":6},"f":{"0":38,"1":3,"2":7,"3":6,"4":2,"5":1,"6":1},"b":{"0":[3,0]},"_coverageSchema":"332fd63041d2c1bcb487cc26dd0d5f7d97098a6c","hash":"2aa035687b873c88fe7eca794ae84b8ffff762ef"}
,"/home/spineor/Downloads/aelis4-web/vue-client/src/store/modules/warehouse/extensionRequest.js": {"path":"/home/spineor/Downloads/aelis4-web/vue-client/src/store/modules/warehouse/extensionRequest.js","statementMap":{"0":{"start":{"line":5,"column":22},"end":{"line":5,"column":40}},"1":{"start":{"line":7,"column":25},"end":{"line":86,"column":1}},"2":{"start":{"line":22,"column":8},"end":{"line":22,"column":66}},"3":{"start":{"line":37,"column":6},"end":{"line":37,"column":41}},"4":{"start":{"line":38,"column":6},"end":{"line":38,"column":45}},"5":{"start":{"line":39,"column":6},"end":{"line":39,"column":59}},"6":{"start":{"line":42,"column":6},"end":{"line":42,"column":42}},"7":{"start":{"line":47,"column":6},"end":{"line":47,"column":34}},"8":{"start":{"line":48,"column":6},"end":{"line":48,"column":32}},"9":{"start":{"line":49,"column":29},"end":{"line":49,"column":72}},"10":{"start":{"line":50,"column":6},"end":{"line":63,"column":9}},"11":{"start":{"line":51,"column":8},"end":{"line":51,"column":119}},"12":{"start":{"line":52,"column":8},"end":{"line":52,"column":72}},"13":{"start":{"line":53,"column":8},"end":{"line":62,"column":11}},"14":{"start":{"line":54,"column":38},"end":{"line":54,"column":46}},"15":{"start":{"line":55,"column":10},"end":{"line":55,"column":96}},"16":{"start":{"line":56,"column":10},"end":{"line":56,"column":39}},"17":{"start":{"line":57,"column":10},"end":{"line":57,"column":24}},"18":{"start":{"line":59,"column":10},"end":{"line":59,"column":54}},"19":{"start":{"line":60,"column":10},"end":{"line":60,"column":39}},"20":{"start":{"line":61,"column":10},"end":{"line":61,"column":24}},"21":{"start":{"line":66,"column":6},"end":{"line":66,"column":34}},"22":{"start":{"line":67,"column":6},"end":{"line":80,"column":9}},"23":{"start":{"line":68,"column":30},"end":{"line":68,"column":78}},"24":{"start":{"line":69,"column":8},"end":{"line":79,"column":11}},"25":{"start":{"line":70,"column":27},"end":{"line":70,"column":35}},"26":{"start":{"line":71,"column":10},"end":{"line":71,"column":54}},"27":{"start":{"line":72,"column":10},"end":{"line":72,"column":71}},"28":{"start":{"line":73,"column":10},"end":{"line":73,"column":39}},"29":{"start":{"line":74,"column":10},"end":{"line":74,"column":28}},"30":{"start":{"line":76,"column":10},"end":{"line":76,"column":64}},"31":{"start":{"line":77,"column":10},"end":{"line":77,"column":39}},"32":{"start":{"line":78,"column":10},"end":{"line":78,"column":24}},"33":{"start":{"line":84,"column":4},"end":{"line":84,"column":73}},"34":{"start":{"line":84,"column":53},"end":{"line":84,"column":71}}},"fnMap":{"0":{"name":"(anonymous_0)","decl":{"start":{"line":36,"column":22},"end":{"line":36,"column":23}},"loc":{"start":{"line":36,"column":52},"end":{"line":40,"column":5}},"line":36},"1":{"name":"(anonymous_1)","decl":{"start":{"line":41,"column":17},"end":{"line":41,"column":18}},"loc":{"start":{"line":41,"column":43},"end":{"line":43,"column":5}},"line":41},"2":{"name":"(anonymous_2)","decl":{"start":{"line":50,"column":25},"end":{"line":50,"column":26}},"loc":{"start":{"line":50,"column":46},"end":{"line":63,"column":7}},"line":50},"3":{"name":"(anonymous_3)","decl":{"start":{"line":53,"column":53},"end":{"line":53,"column":54}},"loc":{"start":{"line":53,"column":67},"end":{"line":58,"column":9}},"line":53},"4":{"name":"(anonymous_4)","decl":{"start":{"line":58,"column":17},"end":{"line":58,"column":18}},"loc":{"start":{"line":58,"column":28},"end":{"line":62,"column":9}},"line":58},"5":{"name":"(anonymous_5)","decl":{"start":{"line":67,"column":25},"end":{"line":67,"column":26}},"loc":{"start":{"line":67,"column":46},"end":{"line":80,"column":7}},"line":67},"6":{"name":"(anonymous_6)","decl":{"start":{"line":69,"column":55},"end":{"line":69,"column":56}},"loc":{"start":{"line":69,"column":69},"end":{"line":75,"column":9}},"line":69},"7":{"name":"(anonymous_7)","decl":{"start":{"line":75,"column":17},"end":{"line":75,"column":18}},"loc":{"start":{"line":75,"column":28},"end":{"line":79,"column":9}},"line":75},"8":{"name":"(anonymous_8)","decl":{"start":{"line":84,"column":41},"end":{"line":84,"column":42}},"loc":{"start":{"line":84,"column":53},"end":{"line":84,"column":71}},"line":84}},"branchMap":{"0":{"loc":{"start":{"line":51,"column":41},"end":{"line":51,"column":118}},"type":"cond-expr","locations":[{"start":{"line":51,"column":74},"end":{"line":51,"column":111}},{"start":{"line":51,"column":114},"end":{"line":51,"column":118}}],"line":51},"1":{"loc":{"start":{"line":52,"column":34},"end":{"line":52,"column":71}},"type":"binary-expr","locations":[{"start":{"line":52,"column":34},"end":{"line":52,"column":57}},{"start":{"line":52,"column":61},"end":{"line":52,"column":71}}],"line":52}},"s":{"0":32,"1":32,"2":0,"3":0,"4":0,"5":0,"6":0,"7":0,"8":0,"9":0,"10":0,"11":0,"12":0,"13":0,"14":0,"15":0,"16":0,"17":0,"18":0,"19":0,"20":0,"21":0,"22":0,"23":0,"24":0,"25":0,"26":0,"27":0,"28":0,"29":0,"30":0,"31":0,"32":0,"33":0,"34":0},"f":{"0":0,"1":0,"2":0,"3":0,"4":0,"5":0,"6":0,"7":0,"8":0},"b":{"0":[0,0],"1":[0,0]},"_coverageSchema":"332fd63041d2c1bcb487cc26dd0d5f7d97098a6c","hash":"52ee3422ae4e89d5045b5d47ee5530672ce9049f"}
,"/home/spineor/Downloads/aelis4-web/vue-client/src/store/modules/warehouse/extensions.js": {"path":"/home/spineor/Downloads/aelis4-web/vue-client/src/store/modules/warehouse/extensions.js","statementMap":{"0":{"start":{"line":6,"column":25},"end":{"line":12,"column":2}},"1":{"start":{"line":6,"column":51},"end":{"line":12,"column":1}},"2":{"start":{"line":13,"column":29},"end":{"line":19,"column":2}},"3":{"start":{"line":13,"column":59},"end":{"line":19,"column":1}},"4":{"start":{"line":21,"column":19},"end":{"line":192,"column":1}},"5":{"start":{"line":40,"column":6},"end":{"line":40,"column":54}},"6":{"start":{"line":43,"column":6},"end":{"line":43,"column":37}},"7":{"start":{"line":60,"column":34},"end":{"line":60,"column":66}},"8":{"start":{"line":63,"column":6},"end":{"line":87,"column":7}},"9":{"start":{"line":64,"column":44},"end":{"line":64,"column":176}},"10":{"start":{"line":64,"column":131},"end":{"line":64,"column":175}},"11":{"start":{"line":67,"column":8},"end":{"line":77,"column":9}},"12":{"start":{"line":68,"column":10},"end":{"line":68,"column":214}},"13":{"start":{"line":69,"column":10},"end":{"line":69,"column":224}},"14":{"start":{"line":69,"column":178},"end":{"line":69,"column":222}},"15":{"start":{"line":70,"column":10},"end":{"line":72,"column":11}},"16":{"start":{"line":71,"column":12},"end":{"line":71,"column":81}},"17":{"start":{"line":75,"column":10},"end":{"line":75,"column":125}},"18":{"start":{"line":76,"column":10},"end":{"line":76,"column":133}},"19":{"start":{"line":80,"column":8},"end":{"line":86,"column":10}},"20":{"start":{"line":88,"column":6},"end":{"line":88,"column":66}},"21":{"start":{"line":101,"column":34},"end":{"line":101,"column":66}},"22":{"start":{"line":104,"column":6},"end":{"line":114,"column":7}},"23":{"start":{"line":105,"column":44},"end":{"line":105,"column":152}},"24":{"start":{"line":105,"column":119},"end":{"line":105,"column":151}},"25":{"start":{"line":108,"column":8},"end":{"line":113,"column":9}},"26":{"start":{"line":109,"column":10},"end":{"line":109,"column":64}},"27":{"start":{"line":111,"column":10},"end":{"line":111,"column":73}},"28":{"start":{"line":112,"column":10},"end":{"line":112,"column":70}},"29":{"start":{"line":130,"column":34},"end":{"line":130,"column":66}},"30":{"start":{"line":133,"column":6},"end":{"line":168,"column":7}},"31":{"start":{"line":134,"column":44},"end":{"line":134,"column":184}},"32":{"start":{"line":134,"column":135},"end":{"line":134,"column":183}},"33":{"start":{"line":136,"column":8},"end":{"line":158,"column":9}},"34":{"start":{"line":137,"column":35},"end":{"line":137,"column":110}},"35":{"start":{"line":139,"column":10},"end":{"line":153,"column":11}},"36":{"start":{"line":140,"column":12},"end":{"line":140,"column":94}},"37":{"start":{"line":141,"column":12},"end":{"line":141,"column":58}},"38":{"start":{"line":142,"column":12},"end":{"line":142,"column":85}},"39":{"start":{"line":145,"column":12},"end":{"line":145,"column":94}},"40":{"start":{"line":146,"column":12},"end":{"line":146,"column":58}},"41":{"start":{"line":147,"column":12},"end":{"line":147,"column":74}},"42":{"start":{"line":150,"column":12},"end":{"line":152,"column":13}},"43":{"start":{"line":151,"column":14},"end":{"line":151,"column":240}},"44":{"start":{"line":151,"column":190},"end":{"line":151,"column":238}},"45":{"start":{"line":156,"column":10},"end":{"line":156,"column":92}},"46":{"start":{"line":157,"column":10},"end":{"line":157,"column":145}},"47":{"start":{"line":161,"column":8},"end":{"line":167,"column":10}},"48":{"start":{"line":169,"column":6},"end":{"line":169,"column":66}},"49":{"start":{"line":172,"column":30},"end":{"line":172,"column":64}},"50":{"start":{"line":173,"column":6},"end":{"line":173,"column":43}},"51":{"start":{"line":174,"column":6},"end":{"line":180,"column":7}},"52":{"start":{"line":175,"column":8},"end":{"line":179,"column":9}},"53":{"start":{"line":176,"column":10},"end":{"line":178,"column":11}},"54":{"start":{"line":177,"column":12},"end":{"line":177,"column":64}},"55":{"start":{"line":181,"column":6},"end":{"line":181,"column":25}},"56":{"start":{"line":182,"column":22},"end":{"line":182,"column":71}},"57":{"start":{"line":183,"column":23},"end":{"line":183,"column":72}},"58":{"start":{"line":184,"column":6},"end":{"line":184,"column":44}},"59":{"start":{"line":185,"column":6},"end":{"line":185,"column":22}},"60":{"start":{"line":186,"column":6},"end":{"line":186,"column":22}},"61":{"start":{"line":189,"column":6},"end":{"line":189,"column":44}}},"fnMap":{"0":{"name":"(anonymous_0)","decl":{"start":{"line":6,"column":25},"end":{"line":6,"column":26}},"loc":{"start":{"line":6,"column":51},"end":{"line":12,"column":1}},"line":6},"1":{"name":"(anonymous_1)","decl":{"start":{"line":13,"column":29},"end":{"line":13,"column":30}},"loc":{"start":{"line":13,"column":59},"end":{"line":19,"column":1}},"line":13},"2":{"name":"(anonymous_2)","decl":{"start":{"line":39,"column":34},"end":{"line":39,"column":35}},"loc":{"start":{"line":39,"column":66},"end":{"line":41,"column":5}},"line":39},"3":{"name":"(anonymous_3)","decl":{"start":{"line":42,"column":33},"end":{"line":42,"column":34}},"loc":{"start":{"line":42,"column":44},"end":{"line":44,"column":5}},"line":42},"4":{"name":"(anonymous_4)","decl":{"start":{"line":64,"column":126},"end":{"line":64,"column":127}},"loc":{"start":{"line":64,"column":131},"end":{"line":64,"column":175}},"line":64},"5":{"name":"(anonymous_5)","decl":{"start":{"line":69,"column":173},"end":{"line":69,"column":174}},"loc":{"start":{"line":69,"column":178},"end":{"line":69,"column":222}},"line":69},"6":{"name":"(anonymous_6)","decl":{"start":{"line":105,"column":114},"end":{"line":105,"column":115}},"loc":{"start":{"line":105,"column":119},"end":{"line":105,"column":151}},"line":105},"7":{"name":"(anonymous_7)","decl":{"start":{"line":134,"column":130},"end":{"line":134,"column":131}},"loc":{"start":{"line":134,"column":135},"end":{"line":134,"column":183}},"line":134},"8":{"name":"(anonymous_8)","decl":{"start":{"line":151,"column":185},"end":{"line":151,"column":186}},"loc":{"start":{"line":151,"column":190},"end":{"line":151,"column":238}},"line":151}},"branchMap":{"0":{"loc":{"start":{"line":63,"column":6},"end":{"line":87,"column":7}},"type":"if","locations":[{"start":{"line":63,"column":6},"end":{"line":87,"column":7}},{"start":{"line":63,"column":6},"end":{"line":87,"column":7}}],"line":63},"1":{"loc":{"start":{"line":67,"column":8},"end":{"line":77,"column":9}},"type":"if","locations":[{"start":{"line":67,"column":8},"end":{"line":77,"column":9}},{"start":{"line":67,"column":8},"end":{"line":77,"column":9}}],"line":67},"2":{"loc":{"start":{"line":70,"column":10},"end":{"line":72,"column":11}},"type":"if","locations":[{"start":{"line":70,"column":10},"end":{"line":72,"column":11}},{"start":{"line":70,"column":10},"end":{"line":72,"column":11}}],"line":70},"3":{"loc":{"start":{"line":104,"column":6},"end":{"line":114,"column":7}},"type":"if","locations":[{"start":{"line":104,"column":6},"end":{"line":114,"column":7}},{"start":{"line":104,"column":6},"end":{"line":114,"column":7}}],"line":104},"4":{"loc":{"start":{"line":108,"column":8},"end":{"line":113,"column":9}},"type":"if","locations":[{"start":{"line":108,"column":8},"end":{"line":113,"column":9}},{"start":{"line":108,"column":8},"end":{"line":113,"column":9}}],"line":108},"5":{"loc":{"start":{"line":133,"column":6},"end":{"line":168,"column":7}},"type":"if","locations":[{"start":{"line":133,"column":6},"end":{"line":168,"column":7}},{"start":{"line":133,"column":6},"end":{"line":168,"column":7}}],"line":133},"6":{"loc":{"start":{"line":136,"column":8},"end":{"line":158,"column":9}},"type":"if","locations":[{"start":{"line":136,"column":8},"end":{"line":158,"column":9}},{"start":{"line":136,"column":8},"end":{"line":158,"column":9}}],"line":136},"7":{"loc":{"start":{"line":139,"column":10},"end":{"line":153,"column":11}},"type":"if","locations":[{"start":{"line":139,"column":10},"end":{"line":153,"column":11}},{"start":{"line":139,"column":10},"end":{"line":153,"column":11}}],"line":139},"8":{"loc":{"start":{"line":150,"column":12},"end":{"line":152,"column":13}},"type":"if","locations":[{"start":{"line":150,"column":12},"end":{"line":152,"column":13}},{"start":{"line":150,"column":12},"end":{"line":152,"column":13}}],"line":150},"9":{"loc":{"start":{"line":175,"column":8},"end":{"line":179,"column":9}},"type":"if","locations":[{"start":{"line":175,"column":8},"end":{"line":179,"column":9}},{"start":{"line":175,"column":8},"end":{"line":179,"column":9}}],"line":175}},"s":{"0":32,"1":5,"2":32,"3":2,"4":32,"5":16,"6":6,"7":6,"8":6,"9":3,"10":3,"11":3,"12":1,"13":1,"14":2,"15":1,"16":0,"17":2,"18":2,"19":3,"20":6,"21":1,"22":1,"23":1,"24":1,"25":1,"26":1,"27":1,"28":1,"29":4,"30":4,"31":3,"32":3,"33":3,"34":2,"35":2,"36":1,"37":1,"38":1,"39":1,"40":1,"41":1,"42":1,"43":0,"44":0,"45":1,"46":1,"47":1,"48":4,"49":1,"50":1,"51":1,"52":2,"53":2,"54":4,"55":1,"56":1,"57":1,"58":1,"59":1,"60":1,"61":0},"f":{"0":5,"1":2,"2":16,"3":6,"4":3,"5":2,"6":1,"7":3,"8":0},"b":{"0":[3,3],"1":[1,2],"2":[0,1],"3":[1,0],"4":[1,0],"5":[3,1],"6":[2,1],"7":[1,1],"8":[0,1],"9":[2,0]},"_coverageSchema":"332fd63041d2c1bcb487cc26dd0d5f7d97098a6c","hash":"6ba578343ab3710617414492e049ca518e7f17ce"}
,"/home/spineor/Downloads/aelis4-web/vue-client/src/store/modules/warehouse/orderEntry.js": {"path":"/home/spineor/Downloads/aelis4-web/vue-client/src/store/modules/warehouse/orderEntry.js","statementMap":{"0":{"start":{"line":6,"column":22},"end":{"line":6,"column":40}},"1":{"start":{"line":8,"column":19},"end":{"line":300,"column":1}},"2":{"start":{"line":22,"column":8},"end":{"line":22,"column":66}},"3":{"start":{"line":56,"column":6},"end":{"line":56,"column":46}},"4":{"start":{"line":59,"column":6},"end":{"line":59,"column":52}},"5":{"start":{"line":62,"column":6},"end":{"line":62,"column":40}},"6":{"start":{"line":65,"column":6},"end":{"line":70,"column":7}},"7":{"start":{"line":66,"column":8},"end":{"line":69,"column":11}},"8":{"start":{"line":67,"column":10},"end":{"line":67,"column":29}},"9":{"start":{"line":68,"column":10},"end":{"line":68,"column":23}},"10":{"start":{"line":71,"column":6},"end":{"line":71,"column":36}},"11":{"start":{"line":72,"column":6},"end":{"line":72,"column":26}},"12":{"start":{"line":73,"column":6},"end":{"line":73,"column":42}},"13":{"start":{"line":76,"column":6},"end":{"line":76,"column":36}},"14":{"start":{"line":79,"column":6},"end":{"line":79,"column":42}},"15":{"start":{"line":82,"column":6},"end":{"line":82,"column":39}},"16":{"start":{"line":85,"column":6},"end":{"line":92,"column":7}},"17":{"start":{"line":86,"column":38},"end":{"line":86,"column":106}},"18":{"start":{"line":87,"column":8},"end":{"line":87,"column":93}},"19":{"start":{"line":88,"column":8},"end":{"line":88,"column":76}},"20":{"start":{"line":90,"column":8},"end":{"line":90,"column":41}},"21":{"start":{"line":91,"column":8},"end":{"line":91,"column":37}},"22":{"start":{"line":95,"column":6},"end":{"line":100,"column":7}},"23":{"start":{"line":96,"column":38},"end":{"line":96,"column":106}},"24":{"start":{"line":97,"column":8},"end":{"line":97,"column":104}},"25":{"start":{"line":99,"column":8},"end":{"line":99,"column":52}},"26":{"start":{"line":103,"column":6},"end":{"line":103,"column":32}},"27":{"start":{"line":104,"column":6},"end":{"line":104,"column":71}},"28":{"start":{"line":105,"column":6},"end":{"line":110,"column":8}},"29":{"start":{"line":107,"column":10},"end":{"line":108,"column":127}},"30":{"start":{"line":113,"column":6},"end":{"line":113,"column":41}},"31":{"start":{"line":114,"column":6},"end":{"line":114,"column":51}},"32":{"start":{"line":115,"column":6},"end":{"line":115,"column":53}},"33":{"start":{"line":118,"column":6},"end":{"line":118,"column":60}},"34":{"start":{"line":121,"column":6},"end":{"line":121,"column":54}},"35":{"start":{"line":126,"column":6},"end":{"line":126,"column":32}},"36":{"start":{"line":127,"column":6},"end":{"line":138,"column":9}},"37":{"start":{"line":128,"column":32},"end":{"line":128,"column":62}},"38":{"start":{"line":129,"column":8},"end":{"line":129,"column":127}},"39":{"start":{"line":130,"column":8},"end":{"line":130,"column":75}},"40":{"start":{"line":131,"column":8},"end":{"line":137,"column":11}},"41":{"start":{"line":132,"column":10},"end":{"line":132,"column":31}},"42":{"start":{"line":133,"column":10},"end":{"line":133,"column":28}},"43":{"start":{"line":135,"column":10},"end":{"line":135,"column":32}},"44":{"start":{"line":136,"column":10},"end":{"line":136,"column":24}},"45":{"start":{"line":141,"column":6},"end":{"line":141,"column":39}},"46":{"start":{"line":144,"column":6},"end":{"line":152,"column":9}},"47":{"start":{"line":145,"column":8},"end":{"line":151,"column":11}},"48":{"start":{"line":146,"column":10},"end":{"line":146,"column":37}},"49":{"start":{"line":147,"column":10},"end":{"line":147,"column":28}},"50":{"start":{"line":149,"column":10},"end":{"line":149,"column":38}},"51":{"start":{"line":150,"column":10},"end":{"line":150,"column":24}},"52":{"start":{"line":155,"column":29},"end":{"line":155,"column":72}},"53":{"start":{"line":156,"column":6},"end":{"line":156,"column":52}},"54":{"start":{"line":159,"column":6},"end":{"line":159,"column":34}},"55":{"start":{"line":160,"column":6},"end":{"line":160,"column":32}},"56":{"start":{"line":161,"column":29},"end":{"line":161,"column":72}},"57":{"start":{"line":162,"column":6},"end":{"line":175,"column":9}},"58":{"start":{"line":163,"column":8},"end":{"line":163,"column":107}},"59":{"start":{"line":164,"column":8},"end":{"line":164,"column":72}},"60":{"start":{"line":165,"column":8},"end":{"line":174,"column":11}},"61":{"start":{"line":166,"column":38},"end":{"line":166,"column":46}},"62":{"start":{"line":167,"column":10},"end":{"line":167,"column":96}},"63":{"start":{"line":168,"column":10},"end":{"line":168,"column":39}},"64":{"start":{"line":169,"column":10},"end":{"line":169,"column":24}},"65":{"start":{"line":171,"column":10},"end":{"line":171,"column":54}},"66":{"start":{"line":172,"column":10},"end":{"line":172,"column":39}},"67":{"start":{"line":173,"column":10},"end":{"line":173,"column":24}},"68":{"start":{"line":178,"column":6},"end":{"line":178,"column":32}},"69":{"start":{"line":179,"column":6},"end":{"line":179,"column":25}},"70":{"start":{"line":180,"column":6},"end":{"line":186,"column":9}},"71":{"start":{"line":181,"column":8},"end":{"line":185,"column":11}},"72":{"start":{"line":182,"column":10},"end":{"line":182,"column":28}},"73":{"start":{"line":184,"column":10},"end":{"line":184,"column":24}},"74":{"start":{"line":189,"column":6},"end":{"line":189,"column":32}},"75":{"start":{"line":190,"column":6},"end":{"line":197,"column":9}},"76":{"start":{"line":191,"column":34},"end":{"line":191,"column":110}},"77":{"start":{"line":192,"column":8},"end":{"line":196,"column":11}},"78":{"start":{"line":193,"column":10},"end":{"line":193,"column":28}},"79":{"start":{"line":195,"column":10},"end":{"line":195,"column":24}},"80":{"start":{"line":200,"column":6},"end":{"line":200,"column":32}},"81":{"start":{"line":201,"column":6},"end":{"line":201,"column":49}},"82":{"start":{"line":204,"column":6},"end":{"line":204,"column":44}},"83":{"start":{"line":207,"column":6},"end":{"line":217,"column":9}},"84":{"start":{"line":208,"column":25},"end":{"line":208,"column":196}},"85":{"start":{"line":209,"column":8},"end":{"line":216,"column":11}},"86":{"start":{"line":210,"column":27},"end":{"line":210,"column":35}},"87":{"start":{"line":211,"column":10},"end":{"line":211,"column":48}},"88":{"start":{"line":212,"column":10},"end":{"line":212,"column":28}},"89":{"start":{"line":214,"column":10},"end":{"line":214,"column":46}},"90":{"start":{"line":215,"column":10},"end":{"line":215,"column":24}},"91":{"start":{"line":220,"column":6},"end":{"line":230,"column":9}},"92":{"start":{"line":221,"column":34},"end":{"line":221,"column":100}},"93":{"start":{"line":222,"column":8},"end":{"line":229,"column":11}},"94":{"start":{"line":223,"column":27},"end":{"line":223,"column":35}},"95":{"start":{"line":224,"column":10},"end":{"line":224,"column":62}},"96":{"start":{"line":225,"column":10},"end":{"line":225,"column":28}},"97":{"start":{"line":227,"column":10},"end":{"line":227,"column":60}},"98":{"start":{"line":228,"column":10},"end":{"line":228,"column":24}},"99":{"start":{"line":233,"column":6},"end":{"line":242,"column":9}},"100":{"start":{"line":234,"column":8},"end":{"line":241,"column":11}},"101":{"start":{"line":235,"column":27},"end":{"line":235,"column":35}},"102":{"start":{"line":236,"column":10},"end":{"line":236,"column":39}},"103":{"start":{"line":237,"column":10},"end":{"line":237,"column":24}},"104":{"start":{"line":239,"column":10},"end":{"line":239,"column":37}},"105":{"start":{"line":240,"column":10},"end":{"line":240,"column":24}},"106":{"start":{"line":245,"column":6},"end":{"line":245,"column":34}},"107":{"start":{"line":246,"column":6},"end":{"line":260,"column":9}},"108":{"start":{"line":247,"column":30},"end":{"line":247,"column":78}},"109":{"start":{"line":248,"column":8},"end":{"line":259,"column":11}},"110":{"start":{"line":249,"column":27},"end":{"line":249,"column":35}},"111":{"start":{"line":250,"column":10},"end":{"line":250,"column":52}},"112":{"start":{"line":251,"column":10},"end":{"line":251,"column":55}},"113":{"start":{"line":252,"column":10},"end":{"line":252,"column":71}},"114":{"start":{"line":253,"column":10},"end":{"line":253,"column":39}},"115":{"start":{"line":254,"column":10},"end":{"line":254,"column":28}},"116":{"start":{"line":256,"column":10},"end":{"line":256,"column":64}},"117":{"start":{"line":257,"column":10},"end":{"line":257,"column":39}},"118":{"start":{"line":258,"column":10},"end":{"line":258,"column":24}},"119":{"start":{"line":263,"column":6},"end":{"line":263,"column":44}},"120":{"start":{"line":266,"column":22},"end":{"line":266,"column":69}},"121":{"start":{"line":267,"column":23},"end":{"line":267,"column":62}},"122":{"start":{"line":268,"column":6},"end":{"line":268,"column":22}},"123":{"start":{"line":269,"column":6},"end":{"line":269,"column":22}},"124":{"start":{"line":272,"column":22},"end":{"line":272,"column":69}},"125":{"start":{"line":273,"column":23},"end":{"line":273,"column":86}},"126":{"start":{"line":274,"column":6},"end":{"line":274,"column":22}},"127":{"start":{"line":275,"column":6},"end":{"line":275,"column":22}},"128":{"start":{"line":278,"column":6},"end":{"line":278,"column":32}},"129":{"start":{"line":279,"column":6},"end":{"line":279,"column":25}},"130":{"start":{"line":280,"column":22},"end":{"line":280,"column":69}},"131":{"start":{"line":281,"column":23},"end":{"line":281,"column":84}},"132":{"start":{"line":282,"column":6},"end":{"line":282,"column":22}},"133":{"start":{"line":283,"column":6},"end":{"line":283,"column":22}},"134":{"start":{"line":286,"column":6},"end":{"line":286,"column":32}},"135":{"start":{"line":287,"column":6},"end":{"line":287,"column":25}},"136":{"start":{"line":288,"column":22},"end":{"line":288,"column":81}},"137":{"start":{"line":289,"column":23},"end":{"line":289,"column":87}},"138":{"start":{"line":290,"column":6},"end":{"line":290,"column":22}},"139":{"start":{"line":291,"column":6},"end":{"line":291,"column":22}},"140":{"start":{"line":294,"column":6},"end":{"line":294,"column":70}},"141":{"start":{"line":297,"column":6},"end":{"line":297,"column":63}}},"fnMap":{"0":{"name":"(anonymous_0)","decl":{"start":{"line":55,"column":10},"end":{"line":55,"column":11}},"loc":{"start":{"line":55,"column":38},"end":{"line":57,"column":5}},"line":55},"1":{"name":"(anonymous_1)","decl":{"start":{"line":58,"column":16},"end":{"line":58,"column":17}},"loc":{"start":{"line":58,"column":47},"end":{"line":60,"column":5}},"line":58},"2":{"name":"(anonymous_2)","decl":{"start":{"line":61,"column":14},"end":{"line":61,"column":15}},"loc":{"start":{"line":61,"column":39},"end":{"line":63,"column":5}},"line":61},"3":{"name":"(anonymous_3)","decl":{"start":{"line":64,"column":16},"end":{"line":64,"column":17}},"loc":{"start":{"line":64,"column":59},"end":{"line":74,"column":5}},"line":64},"4":{"name":"(anonymous_4)","decl":{"start":{"line":66,"column":23},"end":{"line":66,"column":24}},"loc":{"start":{"line":66,"column":34},"end":{"line":69,"column":9}},"line":66},"5":{"name":"(anonymous_5)","decl":{"start":{"line":75,"column":25},"end":{"line":75,"column":26}},"loc":{"start":{"line":75,"column":45},"end":{"line":77,"column":5}},"line":75},"6":{"name":"(anonymous_6)","decl":{"start":{"line":78,"column":17},"end":{"line":78,"column":18}},"loc":{"start":{"line":78,"column":43},"end":{"line":80,"column":5}},"line":78},"7":{"name":"(anonymous_7)","decl":{"start":{"line":81,"column":23},"end":{"line":81,"column":24}},"loc":{"start":{"line":81,"column":44},"end":{"line":83,"column":5}},"line":81},"8":{"name":"(anonymous_8)","decl":{"start":{"line":84,"column":27},"end":{"line":84,"column":28}},"loc":{"start":{"line":84,"column":75},"end":{"line":93,"column":5}},"line":84},"9":{"name":"(anonymous_9)","decl":{"start":{"line":94,"column":41},"end":{"line":94,"column":42}},"loc":{"start":{"line":94,"column":89},"end":{"line":101,"column":5}},"line":94},"10":{"name":"(anonymous_10)","decl":{"start":{"line":102,"column":18},"end":{"line":102,"column":19}},"loc":{"start":{"line":102,"column":39},"end":{"line":111,"column":5}},"line":102},"11":{"name":"(anonymous_11)","decl":{"start":{"line":112,"column":22},"end":{"line":112,"column":23}},"loc":{"start":{"line":112,"column":52},"end":{"line":116,"column":5}},"line":112},"12":{"name":"(anonymous_12)","decl":{"start":{"line":117,"column":35},"end":{"line":117,"column":36}},"loc":{"start":{"line":117,"column":70},"end":{"line":119,"column":5}},"line":117},"13":{"name":"(anonymous_13)","decl":{"start":{"line":120,"column":31},"end":{"line":120,"column":32}},"loc":{"start":{"line":120,"column":63},"end":{"line":122,"column":5}},"line":120},"14":{"name":"(anonymous_14)","decl":{"start":{"line":127,"column":25},"end":{"line":127,"column":26}},"loc":{"start":{"line":127,"column":46},"end":{"line":138,"column":7}},"line":127},"15":{"name":"(anonymous_15)","decl":{"start":{"line":131,"column":51},"end":{"line":131,"column":52}},"loc":{"start":{"line":131,"column":65},"end":{"line":134,"column":9}},"line":131},"16":{"name":"(anonymous_16)","decl":{"start":{"line":134,"column":17},"end":{"line":134,"column":18}},"loc":{"start":{"line":134,"column":28},"end":{"line":137,"column":9}},"line":134},"17":{"name":"(anonymous_17)","decl":{"start":{"line":144,"column":25},"end":{"line":144,"column":26}},"loc":{"start":{"line":144,"column":46},"end":{"line":152,"column":7}},"line":144},"18":{"name":"(anonymous_18)","decl":{"start":{"line":145,"column":71},"end":{"line":145,"column":72}},"loc":{"start":{"line":145,"column":85},"end":{"line":148,"column":9}},"line":145},"19":{"name":"(anonymous_19)","decl":{"start":{"line":148,"column":17},"end":{"line":148,"column":18}},"loc":{"start":{"line":148,"column":28},"end":{"line":151,"column":9}},"line":148},"20":{"name":"(anonymous_20)","decl":{"start":{"line":162,"column":25},"end":{"line":162,"column":26}},"loc":{"start":{"line":162,"column":46},"end":{"line":175,"column":7}},"line":162},"21":{"name":"(anonymous_21)","decl":{"start":{"line":165,"column":52},"end":{"line":165,"column":53}},"loc":{"start":{"line":165,"column":66},"end":{"line":170,"column":9}},"line":165},"22":{"name":"(anonymous_22)","decl":{"start":{"line":170,"column":17},"end":{"line":170,"column":18}},"loc":{"start":{"line":170,"column":28},"end":{"line":174,"column":9}},"line":170},"23":{"name":"(anonymous_23)","decl":{"start":{"line":180,"column":25},"end":{"line":180,"column":26}},"loc":{"start":{"line":180,"column":46},"end":{"line":186,"column":7}},"line":180},"24":{"name":"(anonymous_24)","decl":{"start":{"line":181,"column":68},"end":{"line":181,"column":69}},"loc":{"start":{"line":181,"column":82},"end":{"line":183,"column":9}},"line":181},"25":{"name":"(anonymous_25)","decl":{"start":{"line":183,"column":17},"end":{"line":183,"column":18}},"loc":{"start":{"line":183,"column":28},"end":{"line":185,"column":9}},"line":183},"26":{"name":"(anonymous_26)","decl":{"start":{"line":190,"column":25},"end":{"line":190,"column":26}},"loc":{"start":{"line":190,"column":46},"end":{"line":197,"column":7}},"line":190},"27":{"name":"(anonymous_27)","decl":{"start":{"line":192,"column":84},"end":{"line":192,"column":85}},"loc":{"start":{"line":192,"column":98},"end":{"line":194,"column":9}},"line":192},"28":{"name":"(anonymous_28)","decl":{"start":{"line":194,"column":17},"end":{"line":194,"column":18}},"loc":{"start":{"line":194,"column":28},"end":{"line":196,"column":9}},"line":194},"29":{"name":"(anonymous_29)","decl":{"start":{"line":207,"column":25},"end":{"line":207,"column":26}},"loc":{"start":{"line":207,"column":46},"end":{"line":217,"column":7}},"line":207},"30":{"name":"(anonymous_30)","decl":{"start":{"line":209,"column":96},"end":{"line":209,"column":97}},"loc":{"start":{"line":209,"column":110},"end":{"line":213,"column":9}},"line":209},"31":{"name":"(anonymous_31)","decl":{"start":{"line":213,"column":17},"end":{"line":213,"column":18}},"loc":{"start":{"line":213,"column":28},"end":{"line":216,"column":9}},"line":213},"32":{"name":"(anonymous_32)","decl":{"start":{"line":220,"column":25},"end":{"line":220,"column":26}},"loc":{"start":{"line":220,"column":46},"end":{"line":230,"column":7}},"line":220},"33":{"name":"(anonymous_33)","decl":{"start":{"line":222,"column":105},"end":{"line":222,"column":106}},"loc":{"start":{"line":222,"column":119},"end":{"line":226,"column":9}},"line":222},"34":{"name":"(anonymous_34)","decl":{"start":{"line":226,"column":17},"end":{"line":226,"column":18}},"loc":{"start":{"line":226,"column":28},"end":{"line":229,"column":9}},"line":226},"35":{"name":"(anonymous_35)","decl":{"start":{"line":233,"column":25},"end":{"line":233,"column":26}},"loc":{"start":{"line":233,"column":46},"end":{"line":242,"column":7}},"line":233},"36":{"name":"(anonymous_36)","decl":{"start":{"line":234,"column":80},"end":{"line":234,"column":81}},"loc":{"start":{"line":234,"column":94},"end":{"line":238,"column":9}},"line":234},"37":{"name":"(anonymous_37)","decl":{"start":{"line":238,"column":17},"end":{"line":238,"column":18}},"loc":{"start":{"line":238,"column":28},"end":{"line":241,"column":9}},"line":238},"38":{"name":"(anonymous_38)","decl":{"start":{"line":246,"column":25},"end":{"line":246,"column":26}},"loc":{"start":{"line":246,"column":46},"end":{"line":260,"column":7}},"line":246},"39":{"name":"(anonymous_39)","decl":{"start":{"line":248,"column":54},"end":{"line":248,"column":55}},"loc":{"start":{"line":248,"column":68},"end":{"line":255,"column":9}},"line":248},"40":{"name":"(anonymous_40)","decl":{"start":{"line":255,"column":17},"end":{"line":255,"column":18}},"loc":{"start":{"line":255,"column":28},"end":{"line":259,"column":9}},"line":255}},"branchMap":{"0":{"loc":{"start":{"line":65,"column":6},"end":{"line":70,"column":7}},"type":"if","locations":[{"start":{"line":65,"column":6},"end":{"line":70,"column":7}},{"start":{"line":65,"column":6},"end":{"line":70,"column":7}}],"line":65},"1":{"loc":{"start":{"line":71,"column":19},"end":{"line":71,"column":35}},"type":"binary-expr","locations":[{"start":{"line":71,"column":19},"end":{"line":71,"column":29}},{"start":{"line":71,"column":33},"end":{"line":71,"column":35}}],"line":71},"2":{"loc":{"start":{"line":73,"column":28},"end":{"line":73,"column":41}},"type":"binary-expr","locations":[{"start":{"line":73,"column":28},"end":{"line":73,"column":35}},{"start":{"line":73,"column":39},"end":{"line":73,"column":41}}],"line":73},"3":{"loc":{"start":{"line":85,"column":6},"end":{"line":92,"column":7}},"type":"if","locations":[{"start":{"line":85,"column":6},"end":{"line":92,"column":7}},{"start":{"line":85,"column":6},"end":{"line":92,"column":7}}],"line":85},"4":{"loc":{"start":{"line":87,"column":39},"end":{"line":87,"column":92}},"type":"cond-expr","locations":[{"start":{"line":87,"column":67},"end":{"line":87,"column":88}},{"start":{"line":87,"column":91},"end":{"line":87,"column":92}}],"line":87},"5":{"loc":{"start":{"line":88,"column":32},"end":{"line":88,"column":75}},"type":"binary-expr","locations":[{"start":{"line":88,"column":32},"end":{"line":88,"column":66}},{"start":{"line":88,"column":70},"end":{"line":88,"column":75}}],"line":88},"6":{"loc":{"start":{"line":95,"column":6},"end":{"line":100,"column":7}},"type":"if","locations":[{"start":{"line":95,"column":6},"end":{"line":100,"column":7}},{"start":{"line":95,"column":6},"end":{"line":100,"column":7}}],"line":95},"7":{"loc":{"start":{"line":97,"column":50},"end":{"line":97,"column":103}},"type":"cond-expr","locations":[{"start":{"line":97,"column":78},"end":{"line":97,"column":99}},{"start":{"line":97,"column":102},"end":{"line":97,"column":103}}],"line":97},"8":{"loc":{"start":{"line":107,"column":17},"end":{"line":108,"column":126}},"type":"binary-expr","locations":[{"start":{"line":107,"column":17},"end":{"line":107,"column":67}},{"start":{"line":108,"column":13},"end":{"line":108,"column":126}}],"line":107},"9":{"loc":{"start":{"line":108,"column":57},"end":{"line":108,"column":109}},"type":"binary-expr","locations":[{"start":{"line":108,"column":57},"end":{"line":108,"column":104}},{"start":{"line":108,"column":108},"end":{"line":108,"column":109}}],"line":108},"10":{"loc":{"start":{"line":163,"column":37},"end":{"line":163,"column":106}},"type":"cond-expr","locations":[{"start":{"line":163,"column":66},"end":{"line":163,"column":99}},{"start":{"line":163,"column":102},"end":{"line":163,"column":106}}],"line":163},"11":{"loc":{"start":{"line":164,"column":34},"end":{"line":164,"column":71}},"type":"binary-expr","locations":[{"start":{"line":164,"column":34},"end":{"line":164,"column":57}},{"start":{"line":164,"column":61},"end":{"line":164,"column":71}}],"line":164},"12":{"loc":{"start":{"line":208,"column":25},"end":{"line":208,"column":196}},"type":"cond-expr","locations":[{"start":{"line":208,"column":72},"end":{"line":208,"column":165}},{"start":{"line":208,"column":168},"end":{"line":208,"column":196}}],"line":208}},"s":{"0":32,"1":32,"2":0,"3":5,"4":2,"5":15,"6":16,"7":15,"8":25,"9":25,"10":16,"11":16,"12":16,"13":11,"14":12,"15":9,"16":3,"17":1,"18":1,"19":1,"20":2,"21":2,"22":3,"23":2,"24":2,"25":1,"26":8,"27":8,"28":8,"29":0,"30":5,"31":5,"32":5,"33":6,"34":2,"35":2,"36":2,"37":2,"38":2,"39":2,"40":2,"41":1,"42":1,"43":1,"44":1,"45":0,"46":2,"47":2,"48":2,"49":2,"50":0,"51":0,"52":7,"53":7,"54":7,"55":7,"56":7,"57":7,"58":7,"59":7,"60":7,"61":1,"62":1,"63":1,"64":1,"65":1,"66":1,"67":1,"68":2,"69":2,"70":2,"71":2,"72":1,"73":1,"74":1,"75":1,"76":1,"77":1,"78":1,"79":0,"80":1,"81":1,"82":8,"83":5,"84":5,"85":5,"86":3,"87":3,"88":3,"89":0,"90":0,"91":3,"92":3,"93":3,"94":3,"95":3,"96":3,"97":0,"98":0,"99":2,"100":2,"101":1,"102":1,"103":1,"104":0,"105":0,"106":2,"107":2,"108":2,"109":2,"110":1,"111":1,"112":1,"113":1,"114":1,"115":1,"116":0,"117":0,"118":0,"119":1,"120":1,"121":1,"122":1,"123":1,"124":1,"125":1,"126":1,"127":1,"128":1,"129":1,"130":1,"131":1,"132":1,"133":1,"134":1,"135":1,"136":1,"137":1,"138":1,"139":1,"140":6,"141":0},"f":{"0":5,"1":2,"2":15,"3":16,"4":25,"5":11,"6":12,"7":9,"8":3,"9":3,"10":8,"11":5,"12":6,"13":2,"14":2,"15":1,"16":1,"17":2,"18":2,"19":0,"20":7,"21":1,"22":1,"23":2,"24":1,"25":1,"26":1,"27":1,"28":0,"29":5,"30":3,"31":0,"32":3,"33":3,"34":0,"35":2,"36":1,"37":0,"38":2,"39":1,"40":0},"b":{"0":[15,1],"1":[16,1],"2":[16,14],"3":[1,2],"4":[1,0],"5":[1,1],"6":[2,1],"7":[1,1],"8":[0,0],"9":[0,0],"10":[0,7],"11":[7,5],"12":[2,3]},"_coverageSchema":"332fd63041d2c1bcb487cc26dd0d5f7d97098a6c","hash":"4c09e58e0f7518499a1e2b0b8259042963baf6c7"}
,"/home/spineor/Downloads/aelis4-web/vue-client/src/store/modules/warehouse/uploadXml.js": {"path":"/home/spineor/Downloads/aelis4-web/vue-client/src/store/modules/warehouse/uploadXml.js","statementMap":{"0":{"start":{"line":1,"column":27},"end":{"line":1,"column":60}},"1":{"start":{"line":2,"column":18},"end":{"line":40,"column":1}},"2":{"start":{"line":12,"column":6},"end":{"line":24,"column":7}},"3":{"start":{"line":13,"column":8},"end":{"line":13,"column":63}},"4":{"start":{"line":14,"column":8},"end":{"line":14,"column":59}},"5":{"start":{"line":15,"column":8},"end":{"line":15,"column":80}},"6":{"start":{"line":16,"column":8},"end":{"line":16,"column":74}},"7":{"start":{"line":17,"column":8},"end":{"line":17,"column":72}},"8":{"start":{"line":18,"column":8},"end":{"line":18,"column":99}},"9":{"start":{"line":19,"column":8},"end":{"line":19,"column":99}},"10":{"start":{"line":20,"column":8},"end":{"line":20,"column":105}},"11":{"start":{"line":21,"column":8},"end":{"line":21,"column":107}},"12":{"start":{"line":22,"column":8},"end":{"line":22,"column":82}},"13":{"start":{"line":23,"column":8},"end":{"line":23,"column":60}},"14":{"start":{"line":27,"column":6},"end":{"line":27,"column":34}},"15":{"start":{"line":28,"column":6},"end":{"line":28,"column":33}},"16":{"start":{"line":29,"column":6},"end":{"line":29,"column":40}},"17":{"start":{"line":34,"column":6},"end":{"line":34,"column":43}},"18":{"start":{"line":37,"column":6},"end":{"line":37,"column":35}}},"fnMap":{"0":{"name":"(anonymous_0)","decl":{"start":{"line":11,"column":22},"end":{"line":11,"column":23}},"loc":{"start":{"line":11,"column":43},"end":{"line":25,"column":5}},"line":11},"1":{"name":"(anonymous_1)","decl":{"start":{"line":26,"column":24},"end":{"line":26,"column":25}},"loc":{"start":{"line":26,"column":35},"end":{"line":30,"column":5}},"line":26},"2":{"name":"(anonymous_2)","decl":{"start":{"line":33,"column":26},"end":{"line":33,"column":27}},"loc":{"start":{"line":33,"column":52},"end":{"line":35,"column":5}},"line":33},"3":{"name":"(anonymous_3)","decl":{"start":{"line":36,"column":22},"end":{"line":36,"column":23}},"loc":{"start":{"line":36,"column":38},"end":{"line":38,"column":5}},"line":36}},"branchMap":{"0":{"loc":{"start":{"line":12,"column":6},"end":{"line":24,"column":7}},"type":"if","locations":[{"start":{"line":12,"column":6},"end":{"line":24,"column":7}},{"start":{"line":12,"column":6},"end":{"line":24,"column":7}}],"line":12},"1":{"loc":{"start":{"line":13,"column":33},"end":{"line":13,"column":62}},"type":"binary-expr","locations":[{"start":{"line":13,"column":33},"end":{"line":13,"column":56}},{"start":{"line":13,"column":60},"end":{"line":13,"column":62}}],"line":13},"2":{"loc":{"start":{"line":18,"column":49},"end":{"line":18,"column":98}},"type":"binary-expr","locations":[{"start":{"line":18,"column":49},"end":{"line":18,"column":89}},{"start":{"line":18,"column":93},"end":{"line":18,"column":98}}],"line":18},"3":{"loc":{"start":{"line":19,"column":50},"end":{"line":19,"column":98}},"type":"binary-expr","locations":[{"start":{"line":19,"column":50},"end":{"line":19,"column":91}},{"start":{"line":19,"column":95},"end":{"line":19,"column":98}}],"line":19},"4":{"loc":{"start":{"line":20,"column":53},"end":{"line":20,"column":104}},"type":"binary-expr","locations":[{"start":{"line":20,"column":53},"end":{"line":20,"column":97}},{"start":{"line":20,"column":101},"end":{"line":20,"column":104}}],"line":20},"5":{"loc":{"start":{"line":21,"column":54},"end":{"line":21,"column":106}},"type":"binary-expr","locations":[{"start":{"line":21,"column":54},"end":{"line":21,"column":99}},{"start":{"line":21,"column":103},"end":{"line":21,"column":106}}],"line":21}},"s":{"0":33,"1":33,"2":1,"3":1,"4":1,"5":1,"6":1,"7":1,"8":1,"9":1,"10":1,"11":1,"12":1,"13":1,"14":1,"15":1,"16":1,"17":1,"18":1},"f":{"0":1,"1":1,"2":1,"3":1},"b":{"0":[1,0],"1":[1,0],"2":[1,0],"3":[1,0],"4":[1,0],"5":[1,0]},"_coverageSchema":"332fd63041d2c1bcb487cc26dd0d5f7d97098a6c","hash":"632630b0a31aca631b19edfed952050239637806"}
,"/home/spineor/Downloads/aelis4-web/vue-client/src/utils/apiConstants.js": {"path":"/home/spineor/Downloads/aelis4-web/vue-client/src/utils/apiConstants.js","statementMap":{"0":{"start":{"line":1,"column":21},"end":{"line":32,"column":1}}},"fnMap":{},"branchMap":{},"s":{"0":33},"f":{},"b":{},"_coverageSchema":"332fd63041d2c1bcb487cc26dd0d5f7d97098a6c","hash":"dc1575178c41f33a797770bbeda9508681993756"}
[...]
{"start":{"line":188,"column":0},"end":{"line":192,"column":0}},"12":{"start":{"line":189,"column":0},"end":{"line":191,"column":0}},"13":{"start":{"line":190,"column":0},"end":{"line":null,"column":-1}},"14":{"start":{"line":195,"column":0},"end":{"line":197,"column":0}},"15":{"start":{"line":196,"column":0},"end":{"line":null,"column":-1}},"16":{"start":{"line":200,"column":0},"end":{"line":218,"column":0}},"17":{"start":{"line":201,"column":0},"end":{"line":217,"column":0}},"18":{"start":{"line":202,"column":0},"end":{"line":null,"column":-1}},"19":{"start":{"line":203,"column":0},"end":{"line":215,"column":0}},"20":{"start":{"line":204,"column":0},"end":{"line":211,"column":0}},"21":{"start":{"line":205,"column":0},"end":{"line":210,"column":0}},"22":{"start":{"line":206,"column":0},"end":{"line":null,"column":-1}},"23":{"start":{"line":207,"column":0},"end":{"line":209,"column":0}},"24":{"start":{"line":208,"column":0},"end":{"line":null,"column":-1}},"25":{"start":{"line":212,"column":0},"end":{"line":214,"column":0}},"26":{"start":{"line":213,"column":0},"end":{"line":null,"column":-1}},"27":{"start":{"line":216,"column":0},"end":{"line":null,"column":-1}},"28":{"start":{"line":221,"column":0},"end":{"line":null,"column":-1}},"29":{"start":{"line":222,"column":0},"end":{"line":244,"column":0}},"30":{"start":{"line":223,"column":0},"end":{"line":null,"column":-1}},"31":{"start":{"line":224,"column":0},"end":{"line":243,"column":0}},"32":{"start":{"line":225,"column":0},"end":{"line":null,"column":-1}},"33":{"start":{"line":226,"column":0},"end":{"line":242,"column":0}},"34":{"start":{"line":227,"column":0},"end":{"line":null,"column":-1}},"35":{"start":{"line":228,"column":0},"end":{"line":null,"column":-1}},"36":{"start":{"line":229,"column":0},"end":{"line":null,"column":-1}},"37":{"start":{"line":238,"column":0},"end":{"line":null,"column":-1}},"38":{"start":{"line":239,"column":0},"end":{"line":null,"column":-1}}},"fnMap":{"0":{"name":"(anonymous_1)","decl":{"start":{"line":195,"column":0},"end":{"line":null,"column":-1}},"loc":{"start":{"line":195,"column":0},"end":{"line":197,"column":0}}},"1":{"name":"(anonymous_2)","decl":{"start":{"line":200,"column":0},"end":{"line":null,"column":-1}},"loc":{"start":{"line":200,"column":0},"end":{"line":218,"column":0}}},"2":{"name":"(anonymous_3)","decl":{"start":{"line":201,"column":0},"end":{"line":null,"column":-1}},"loc":{"start":{"line":201,"column":0},"end":{"line":217,"column":0}}},"3":{"name":"(anonymous_4)","decl":{"start":{"line":223,"column":0},"end":{"line":null,"column":-1}},"loc":{"start":{"line":223,"column":0},"end":{"line":null,"column":-1}}},"4":{"name":"(anonymous_5)","decl":{"start":{"line":225,"column":0},"end":{"line":null,"column":-1}},"loc":{"start":{"line":225,"column":0},"end":{"line":null,"column":-1}}}},"branchMap":{"0":{"loc":{"start":{"line":183,"column":0},"end":{"line":null,"column":-1}},"type":"cond-expr","locations":[{"start":{"line":183,"column":0},"end":{"line":null,"column":-1}},{"start":{"line":183,"column":0},"end":{"line":null,"column":-1}}]},"1":{"loc":{"start":{"line":189,"column":0},"end":{"line":191,"column":0}},"type":"if","locations":[{"start":{"line":189,"column":0},"end":{"line":191,"column":0}},{"start":{"line":189,"column":0},"end":{"line":191,"column":0}}]},"2":{"loc":{"start":{"line":203,"column":0},"end":{"line":215,"column":0}},"type":"if","locations":[{"start":{"line":203,"column":0},"end":{"line":215,"column":0}},{"start":{"line":203,"column":0},"end":{"line":215,"column":0}}]},"3":{"loc":{"start":{"line":205,"column":0},"end":{"line":210,"column":0}},"type":"if","locations":[{"start":{"line":205,"column":0},"end":{"line":210,"column":0}},{"start":{"line":205,"column":0},"end":{"line":210,"column":0}}]},"4":{"loc":{"start":{"line":207,"column":0},"end":{"line":209,"column":0}},"type":"if","locations":[{"start":{"line":207,"column":0},"end":{"line":209,"column":0}},{"start":{"line":207,"column":0},"end":{"line":209,"column":0}}]},"5":{"loc":{"start":{"line":212,"column":0},"end":{"line":214,"column":0}},"type":"if","locations":[{"start":{"line":212,"column":0},"end":{"line":214,"column":0}},{"start":{"line":212,"column":0},"end":{"line":214,"column":0}}]},"6":{"loc":{"start":{"line":216,"column":0},"end":{"line":null,"column":-1}},"type":"binary-expr","locations":[{"start":{"line":216,"column":0},"end":{"line":null,"column":-1}},{"start":{"line":216,"column":0},"end":{"line":null,"column":-1}}]},"7":{"loc":{"start":{"line":222,"column":0},"end":{"line":244,"column":0}},"type":"if","locations":[{"start":{"line":222,"column":0},"end":{"line":244,"column":0}},{"start":{"line":222,"column":0},"end":{"line":244,"column":0}}]},"8":{"loc":{"start":{"line":224,"column":0},"end":{"line":243,"column":0}},"type":"if","locations":[{"start":{"line":224,"column":0},"end":{"line":243,"column":0}},{"start":{"line":224,"column":0},"end":{"line":243,"column":0}}]},"9":{"loc":{"start":{"line":226,"column":0},"end":{"line":242,"column":0}},"type":"if","locations":[{"start":{"line":226,"column":0},"end":{"line":242,"column":0}},{"start":{"line":226,"column":0},"end":{"line":242,"column":0}}]}},"s":{"0":3,"1":3,"2":10,"3":1,"4":2,"5":2,"6":2,"7":2,"8":2,"9":2,"10":2,"11":2,"12":1,"13":1,"14":2,"15":2,"16":1,"17":1,"18":1,"19":1,"20":1,"21":1,"22":1,"23":1,"24":1,"25":1,"26":0,"27":1,"28":1,"29":1,"30":1,"31":1,"32":1,"33":1,"34":1,"35":1,"36":1,"37":1,"38":1},"f":{"0":2,"1":1,"2":1,"3":0,"4":0},"b":{"0":[0,2],"1":[1,0],"2":[1,0],"3":[1,0],"4":[1,0],"5":[0,1],"6":[1,1],"7":[1,0],"8":[1,0],"9":[1,0]}}
,"/home/spineor/Downloads/aelis4-web/vue-client/src/views/warehouse/orderEntry/components/tableSummary/PrintUnitConsolidateLabel.vue": {"path":"/home/spineor/Downloads/aelis4-web/vue-client/src/views/warehouse/orderEntry/components/tableSummary/PrintUnitConsolidateLabel.vue","statementMap":{"0":{"start":{"line":10,"column":0},"end":{"line":null,"column":-1}},"1":{"start":{"line":24,"column":0},"end":{"line":null,"column":-1}},"2":{"start":{"line":25,"column":0},"end":{"line":null,"column":-1}}},"fnMap":{},"branchMap":{},"s":{"0":2,"1":1,"2":1},"f":{},"b":{}}
,"/home/spineor/Downloads/aelis4-web/vue-client/src/views/warehouse/orderEntry/components/unitsDetail/PrintUnitLabel.vue": {"path":"/home/spineor/Downloads/aelis4-web/vue-client/src/views/warehouse/orderEntry/components/unitsDetail/PrintUnitLabel.vue","statementMap":{"0":{"start":{"line":10,"column":0},"end":{"line":null,"column":-1}},"1":{"start":{"line":24,"column":0},"end":{"line":null,"column":-1}},"2":{"start":{"line":25,"column":0},"end":{"line":null,"column":-1}}},"fnMap":{},"branchMap":{},"s":{"0":2,"1":1,"2":1},"f":{},"b":{}}
,"/home/spineor/Downloads/aelis4-web/vue-client/src/views/warehouse/orderEntry/components/unitsDetail/UnitsDetailDialog.vue": {"path":"/home/spineor/Downloads/aelis4-web/vue-client/src/views/warehouse/orderEntry/components/unitsDetail/UnitsDetailDialog.vue","statementMap":{"0":{"start":{"line":176,"column":0},"end":{"line":null,"column":-1}},"1":{"start":{"line":177,"column":0},"end":{"line":null,"column":-1}},"2":{"start":{"line":178,"column":0},"end":{"line":null,"column":-1}},"3":{"start":{"line":199,"column":0},"end":{"line":null,"column":-1}},"4":{"start":{"line":207,"column":0},"end":{"line":null,"column":-1}},"5":{"start":{"line":208,"column":0},"end":{"line":null,"column":-1}},"6":{"start":{"line":211,"column":0},"end":{"line":null,"column":-1}},"7":{"start":{"line":212,"column":0},"end":{"line":null,"column":-1}},"8":{"start":{"line":215,"column":0},"end":{"line":null,"column":-1}},"9":{"start":{"line":218,"column":0},"end":{"line":null,"column":-1}},"10":{"start":{"line":221,"column":0},"end":{"line":null,"column":-1}},"11":{"start":{"line":222,"column":0},"end":{"line":239,"column":0}},"12":{"start":{"line":225,"column":0},"end":{"line":null,"column":-1}},"13":{"start":{"line":228,"column":0},"end":{"line":230,"column":0}},"14":{"start":{"line":229,"column":0},"end":{"line":null,"column":-1}},"15":{"start":{"line":232,"column":0},"end":{"line":null,"column":-1}},"16":{"start":{"line":238,"column":0},"end":{"line":null,"column":-1}},"17":{"start":{"line":242,"column":0},"end":{"line":null,"column":-1}},"18":{"start":{"line":243,"column":0},"end":{"line":260,"column":0}},"19":{"start":{"line":244,"column":0},"end":{"line":null,"column":-1}},"20":{"start":{"line":245,"column":0},"end":{"line":null,"column":-1}},"21":{"start":{"line":246,"column":0},"end":{"line":null,"column":-1}},"22":{"start":{"line":247,"column":0},"end":{"line":251,"column":0}},"23":{"start":{"line":248,"column":0},"end":{"line":null,"column":-1}},"24":{"start":{"line":250,"column":0},"end":{"line":null,"column":-1}},"25":{"start":{"line":253,"column":0},"end":{"line":null,"column":-1}},"26":{"start":{"line":254,"column":0},"end":{"line":null,"column":-1}},"27":{"start":{"line":263,"column":0},"end":{"line":null,"column":-1}},"28":{"start":{"line":264,"column":0},"end":{"line":null,"column":-1}},"29":{"start":{"line":266,"column":0},"end":{"line":272,"column":0}},"30":{"start":{"line":267,"column":0},"end":{"line":270,"column":0}},"31":{"start":{"line":269,"column":0},"end":{"line":null,"column":-1}},"32":{"start":{"line":273,"column":0},"end":{"line":276,"column":0}},"33":{"start":{"line":275,"column":0},"end":{"line":null,"column":-1}},"34":{"start":{"line":279,"column":0},"end":{"line":null,"column":-1}},"35":{"start":{"line":283,"column":0},"end":{"line":null,"column":-1}},"36":{"start":{"line":286,"column":0},"end":{"line":289,"column":0}},"37":{"start":{"line":287,"column":0},"end":{"line":null,"column":-1}},"38":{"start":{"line":288,"column":0},"end":{"line":null,"column":-1}},"39":{"start":{"line":290,"column":0},"end":{"line":null,"column":-1}},"40":{"start":{"line":293,"column":0},"end":{"line":null,"column":-1}},"41":{"start":{"line":294,"column":0},"end":{"line":299,"column":0}},"42":{"start":{"line":295,"column":0},"end":{"line":null,"column":-1}},"43":{"start":{"line":296,"column":0},"end":{"line":298,"column":0}},"44":{"start":{"line":297,"column":0},"end":{"line":null,"column":-1}},"45":{"start":{"line":300,"column":0},"end":{"line":null,"column":-1}},"46":{"start":{"line":303,"column":0},"end":{"line":null,"column":-1}},"47":{"start":{"line":304,"column":0},"end":{"line":310,"column":0}},"48":{"start":{"line":305,"column":0},"end":{"line":null,"column":-1}},"49":{"start":{"line":306,"column":0},"end":{"line":308,"column":0}},"50":{"start":{"line":307,"column":0},"end":{"line":null,"column":-1}},"51":{"start":{"line":309,"column":0},"end":{"line":null,"column":-1}},"52":{"start":{"line":311,"column":0},"end":{"line":null,"column":-1}},"53":{"start":{"line":314,"column":0},"end":{"line":null,"column":-1}},"54":{"start":{"line":321,"column":0},"end":{"line":null,"column":-1}}},"fnMap":{"0":{"name":"(anonymous_1)","decl":{"start":{"line":222,"column":0},"end":{"line":null,"column":-1}},"loc":{"start":{"line":224,"column":0},"end":{"line":231,"column":0}}},"1":{"name":"(anonymous_2)","decl":{"start":{"line":231,"column":0},"end":{"line":null,"column":-1}},"loc":{"start":{"line":231,"column":0},"end":{"line":239,"column":0}}},"2":{"name":"(anonymous_3)","decl":{"start":{"line":243,"column":0},"end":{"line":null,"column":-1}},"loc":{"start":{"line":243,"column":0},"end":{"line":252,"column":0}}},"3":{"name":"(anonymous_4)","decl":{"start":{"line":252,"column":0},"end":{"line":null,"column":-1}},"loc":{"start":{"line":252,"column":0},"end":{"line":260,"column":0}}},"4":{"name":"(anonymous_5)","decl":{"start":{"line":267,"column":0},"end":{"line":null,"column":-1}},"loc":{"start":{"line":267,"column":0},"end":{"line":270,"column":0}}},"5":{"name":"(anonymous_6)","decl":{"start":{"line":270,"column":0},"end":{"line":null,"column":-1}},"loc":{"start":{"line":270,"column":0},"end":{"line":null,"column":-1}}},"6":{"name":"(anonymous_7)","decl":{"start":{"line":273,"column":0},"end":{"line":null,"column":-1}},"loc":{"start":{"line":273,"column":0},"end":{"line":276,"column":0}}},"7":{"name":"(anonymous_8)","decl":{"start":{"line":287,"column":0},"end":{"line":null,"column":-1}},"loc":{"start":{"line":287,"column":0},"end":{"line":null,"column":-1}}},"8":{"name":"(anonymous_9)","decl":{"start":{"line":305,"column":0},"end":{"line":null,"column":-1}},"loc":{"start":{"line":305,"column":0},"end":{"line":null,"column":-1}}}},"branchMap":{"0":{"loc":{"start":{"line":228,"column":0},"end":{"line":230,"column":0}},"type":"if","locations":[{"start":{"line":228,"column":0},"end":{"line":230,"column":0}},{"start":{"line":228,"column":0},"end":{"line":230,"column":0}}]},"1":{"loc":{"start":{"line":228,"column":0},"end":{"line":null,"column":-1}},"type":"binary-expr","locations":[{"start":{"line":228,"column":0},"end":{"line":null,"column":-1}},{"start":{"line":228,"column":0},"end":{"line":null,"column":-1}}]},"2":{"loc":{"start":{"line":247,"column":0},"end":{"line":251,"column":0}},"type":"if","locations":[{"start":{"line":247,"column":0},"end":{"line":251,"column":0}},{"start":{"line":247,"column":0},"end":{"line":251,"column":0}}]},"3":{"loc":{"start":{"line":266,"column":0},"end":{"line":272,"column":0}},"type":"if","locations":[{"start":{"line":266,"column":0},"end":{"line":272,"column":0}},{"start":{"line":266,"column":0},"end":{"line":272,"column":0}}]},"4":{"loc":{"start":{"line":279,"column":0},"end":{"line":null,"column":-1}},"type":"binary-expr","locations":[{"start":{"line":279,"column":0},"end":{"line":null,"column":-1}},{"start":{"line":279,"column":0},"end":{"line":null,"column":-1}},{"start":{"line":279,"column":0},"end":{"line":null,"column":-1}},{"start":{"line":279,"column":0},"end":{"line":null,"column":-1}}]},"5":{"loc":{"start":{"line":286,"column":0},"end":{"line":289,"column":0}},"type":"if","locations":[{"start":{"line":286,"column":0},"end":{"line":289,"column":0}},{"start":{"line":286,"column":0},"end":{"line":289,"column":0}}]},"6":{"loc":{"start":{"line":294,"column":0},"end":{"line":299,"column":0}},"type":"if","locations":[{"start":{"line":294,"column":0},"end":{"line":299,"column":0}},{"start":{"line":294,"column":0},"end":{"line":299,"column":0}}]},"7":{"loc":{"start":{"line":296,"column":0},"end":{"line":298,"column":0}},"type":"if","locations":[{"start":{"line":296,"column":0},"end":{"line":298,"column":0}},{"start":{"line":296,"column":0},"end":{"line":298,"column":0}}]},"8":{"loc":{"start":{"line":304,"column":0},"end":{"line":310,"column":0}},"type":"if","locations":[{"start":{"line":304,"column":0},"end":{"line":310,"column":0}},{"start":{"line":304,"column":0},"end":{"line":310,"column":0}}]},"9":{"loc":{"start":{"line":306,"column":0},"end":{"line":308,"column":0}},"type":"if","locations":[{"start":{"line":306,"column":0},"end":{"line":308,"column":0}},{"start":{"line":306,"column":0},"end":{"line":308,"column":0}}]}},"s":{"0":3,"1":3,"2":3,"3":12,"4":1,"5":1,"6":1,"7":1,"8":1,"9":0,"10":3,"11":3,"12":1,"13":1,"14":1,"15":1,"16":1,"17":3,"18":3,"19":2,"20":2,"21":2,"22":2,"23":1,"24":1,"25":1,"26":1,"27":3,"28":3,"29":3,"30":1,"31":1,"32":2,"33":2,"34":1,"35":1,"36":3,"37":6,"38":3,"39":0,"40":3,"41":3,"42":1,"43":1,"44":1,"45":3,"46":2,"47":2,"48":4,"49":2,"50":1,"51":1,"52":0,"53":1,"54":1},"f":{"0":1,"1":1,"2":2,"3":1,"4":1,"5":0,"6":2,"7":3,"8":2},"b":{"0":[1,0],"1":[1,1],"2":[1,1],"3":[1,2],"4":[1,1,1,0],"5":[3,0],"6":[1,2],"7":[1,0],"8":[2,0],"9":[1,1]}}
,"/home/spineor/Downloads/aelis4-web/vue-client/src/views/warehouse/uploadXml/UploadDrop.vue": {"path":"/home/spineor/Downloads/aelis4-web/vue-client/src/views/warehouse/uploadXml/UploadDrop.vue","statementMap":{"0":{"start":{"line":41,"column":0},"end":{"line":null,"column":-1}},"1":{"start":{"line":42,"column":0},"end":{"line":null,"column":-1}},"2":{"start":{"line":52,"column":0},"end":{"line":null,"column":-1}},"3":{"start":{"line":63,"column":0},"end":{"line":null,"column":-1}},"4":{"start":{"line":64,"column":0},"end":{"line":null,"column":-1}},"5":{"start":{"line":65,"column":0},"end":{"line":null,"column":-1}},"6":{"start":{"line":69,"column":0},"end":{"line":null,"column":-1}},"7":{"start":{"line":70,"column":0},"end":{"line":null,"column":-1}},"8":{"start":{"line":71,"column":0},"end":{"line":null,"column":-1}},"9":{"start":{"line":72,"column":0},"end":{"line":null,"column":-1}},"10":{"start":{"line":73,"column":0},"end":{"line":null,"column":-1}},"11":{"start":{"line":76,"column":0},"end":{"line":null,"column":-1}},"12":{"start":{"line":77,"column":0},"end":{"line":null,"column":-1}},"13":{"start":{"line":80,"column":0},"end":{"line":null,"column":-1}},"14":{"start":{"line":83,"column":0},"end":{"line":85,"column":0}},"15":{"start":{"line":84,"column":0},"end":{"line":null,"column":-1}},"16":{"start":{"line":86,"column":0},"end":{"line":null,"column":-1}},"17":{"start":{"line":89,"column":0},"end":{"line":null,"column":-1}},"18":{"start":{"line":90,"column":0},"end":{"line":null,"column":-1}},"19":{"start":{"line":91,"column":0},"end":{"line":null,"column":-1}},"20":{"start":{"line":94,"column":0},"end":{"line":null,"column":-1}},"21":{"start":{"line":95,"column":0},"end":{"line":null,"column":-1}},"22":{"start":{"line":96,"column":0},"end":{"line":98,"column":0}},"23":{"start":{"line":97,"column":0},"end":{"line":null,"column":-1}},"24":{"start":{"line":99,"column":0},"end":{"line":101,"column":0}},"25":{"start":{"line":100,"column":0},"end":{"line":null,"column":-1}},"26":{"start":{"line":102,"column":0},"end":{"line":null,"column":-1}}},"fnMap":{},"branchMap":{"0":{"loc":{"start":{"line":83,"column":0},"end":{"line":85,"column":0}},"type":"if","locations":[{"start":{"line":83,"column":0},"end":{"line":85,"column":0}},{"start":{"line":83,"column":0},"end":{"line":85,"column":0}}]},"1":{"loc":{"start":{"line":91,"column":0},"end":{"line":null,"column":-1}},"type":"binary-expr","locations":[{"start":{"line":91,"column":0},"end":{"line":null,"column":-1}},{"start":{"line":91,"column":0},"end":{"line":null,"column":-1}}]},"2":{"loc":{"start":{"line":96,"column":0},"end":{"line":98,"column":0}},"type":"if","locations":[{"start":{"line":96,"column":0},"end":{"line":98,"column":0}},{"start":{"line":96,"column":0},"end":{"line":98,"column":0}}]},"3":{"loc":{"start":{"line":99,"column":0},"end":{"line":101,"column":0}},"type":"if","locations":[{"start":{"line":99,"column":0},"end":{"line":101,"column":0}},{"start":{"line":99,"column":0},"end":{"line":101,"column":0}}]},"4":{"loc":{"start":{"line":102,"column":0},"end":{"line":null,"column":-1}},"type":"binary-expr","locations":[{"start":{"line":102,"column":0},"end":{"line":null,"column":-1}},{"start":{"line":102,"column":0},"end":{"line":null,"column":-1}}]}},"s":{"0":2,"1":2,"2":2,"3":2,"4":2,"5":2,"6":1,"7":1,"8":1,"9":1,"10":1,"11":1,"12":1,"13":1,"14":1,"15":1,"16":1,"17":1,"18":1,"19":1,"20":3,"21":3,"22":3,"23":1,"24":3,"25":1,"26":3},"f":{},"b":{"0":[1,0],"1":[1,0],"2":[1,2],"3":[1,2],"4":[3,2]}}
,"/home/spineor/Downloads/aelis4-web/vue-client/src/views/warehouse/uploadXml/UploadResponse.vue": {"path":"/home/spineor/Downloads/aelis4-web/vue-client/src/views/warehouse/uploadXml/UploadResponse.vue","statementMap":{"0":{"start":{"line":74,"column":0},"end":{"line":null,"column":-1}},"1":{"start":{"line":84,"column":0},"end":{"line":null,"column":-1}},"2":{"start":{"line":87,"column":0},"end":{"line":null,"column":-1}}},"fnMap":{},"branchMap":{},"s":{"0":2,"1":3,"2":1},"f":{},"b":{}}
,"/home/spineor/Downloads/aelis4-web/vue-client/src/views/warehouse/uploadXml/index.vue": {"path":"/home/spineor/Downloads/aelis4-web/vue-client/src/views/warehouse/uploadXml/index.vue","statementMap":{"0":{"start":{"line":28,"column":0},"end":{"line":null,"column":-1}},"1":{"start":{"line":29,"column":0},"end":{"line":null,"column":-1}},"2":{"start":{"line":30,"column":0},"end":{"line":null,"column":-1}},"3":{"start":{"line":36,"column":0},"end":{"line":null,"column":-1}}},"fnMap":{},"branchMap":{},"s":{"0":1,"1":1,"2":1,"3":1},"f":{},"b":{}}
}
