TN:
SF:/home/spineor/Downloads/aelis4-web/vue-client/src/components/Autocomplete/index.vue
FN:133,(anonymous_1)
FN:135,(anonymous_2)
FN:171,(anonymous_3)
FNF:3
FNH:3
FNDA:2,(anonymous_1)
FNDA:1,(anonymous_2)
FNDA:10,(anonymous_3)
DA:26,7
DA:27,7
DA:32,16
DA:125,2
DA:126,0
DA:132,2
DA:133,2
DA:134,2
DA:135,1
DA:137,1
DA:138,1
DA:140,1
DA:142,1
DA:146,0
DA:149,1
DA:150,1
DA:151,1
DA:153,1
DA:154,1
DA:158,1
DA:159,1
DA:163,1
DA:165,1
DA:166,1
DA:171,12
DA:173,2
DA:174,1
DA:177,2
DA:178,1
DA:182,1
DA:185,1
DA:188,5
LF:32
LH:30
BRDA:125,0,0,0
BRDA:125,0,1,2
BRDA:132,1,0,2
BRDA:132,1,1,0
BRDA:132,2,0,2
BRDA:132,2,1,2
BRDA:132,2,2,2
BRDA:134,3,0,1
BRDA:134,3,1,1
BRDA:134,4,0,2
BRDA:134,4,1,2
BRDA:134,4,2,2
BRDA:138,5,0,0
BRDA:138,5,1,1
BRDA:150,6,0,1
BRDA:150,6,1,0
BRDA:153,7,0,1
BRDA:153,7,1,0
BRDA:158,8,0,1
BRDA:158,8,1,0
BRDA:165,9,0,1
BRDA:165,9,1,0
BRDA:173,10,0,1
BRDA:173,10,1,1
BRDA:173,11,0,2
BRDA:173,11,1,1
BRDA:173,11,2,1
BRDA:177,12,0,1
BRDA:177,12,1,1
BRDA:177,13,0,2
BRDA:177,13,1,1
BRF:31
BRH:24
end_of_record
TN:
SF:/home/spineor/Downloads/aelis4-web/vue-client/src/components/Callback/index.vue
FNF:0
FNH:0
DA:13,1
DA:14,1
DA:18,3
LF:3
LH:3
BRDA:14,0,0,1
BRDA:14,0,1,0
BRF:2
BRH:1
end_of_record
TN:
SF:/home/spineor/Downloads/aelis4-web/vue-client/src/components/Hamburger/index.vue
FNF:0
FNH:0
DA:43,5
LF:1
LH:1
BRF:0
BRH:0
end_of_record
TN:
SF:/home/spineor/Downloads/aelis4-web/vue-client/src/components/ShipperList/index.vue
FN:106,(anonymous_1)
FN:139,(anonymous_2)
FNF:2
FNH:1
FNDA:1,(anonymous_1)
FNDA:0,(anonymous_2)
DA:55,3
DA:56,3
DA:57,3
DA:69,7
DA:81,1
DA:84,1
DA:90,8
DA:91,8
DA:93,8
DA:96,2
DA:97,2
DA:98,2
DA:99,1
DA:100,1
DA:103,1
DA:105,1
DA:106,1
DA:107,1
DA:112,3
DA:113,3
DA:114,3
DA:120,7
DA:121,7
DA:122,1
DA:124,1
DA:126,6
DA:127,6
DA:128,1
DA:131,1
DA:132,1
DA:134,1
DA:138,2
DA:139,0
DA:140,0
LF:34
LH:32
BRDA:84,0,0,1
BRDA:84,0,1,0
BRDA:90,1,0,8
BRDA:90,1,1,0
BRDA:90,2,0,8
BRDA:90,2,1,4
BRDA:105,3,0,1
BRDA:105,3,1,0
BRDA:112,4,0,3
BRDA:112,4,1,0
BRDA:121,5,0,1
BRDA:121,5,1,6
BRDA:128,6,0,1
BRDA:128,6,1,1
BRDA:131,7,0,1
BRDA:131,7,1,0
BRDA:131,8,0,1
BRDA:131,8,1,1
BRDA:138,9,0,0
BRDA:138,9,1,2
BRF:20
BRH:14
end_of_record
TN:
SF:/home/spineor/Downloads/aelis4-web/vue-client/src/directives/alphanumericValidation.js
FN:6,(anonymous_0)
FN:18,(anonymous_1)
FNF:2
FNH:1
FNDA:0,(anonymous_0)
FNDA:27,(anonymous_1)
DA:4,9
DA:6,9
DA:7,0
DA:9,0
DA:10,0
DA:12,0
DA:13,0
DA:14,0
DA:18,9
DA:19,27
LF:10
LH:4
BRDA:12,0,0,0
BRDA:12,0,1,0
BRDA:12,1,0,0
BRDA:12,1,1,0
BRDA:12,1,2,0
BRF:5
BRH:0
end_of_record
TN:
SF:/home/spineor/Downloads/aelis4-web/vue-client/src/directives/numericValidation.js
FN:6,(anonymous_0)
FN:17,(anonymous_1)
FN:21,(anonymous_2)
FNF:3
FNH:0
FNDA:0,(anonymous_0)
FNDA:0,(anonymous_1)
FNDA:0,(anonymous_2)
DA:4,4
DA:6,4
DA:7,0
DA:9,0
DA:11,0
DA:12,0
DA:13,0
DA:17,4
DA:18,0
DA:21,4
DA:22,0
DA:23,0
DA:24,0
LF:13
LH:4
BRDA:11,0,0,0
BRDA:11,0,1,0
BRDA:11,1,0,0
BRDA:11,1,1,0
BRF:4
BRH:0
end_of_record
TN:
SF:/home/spineor/Downloads/aelis4-web/vue-client/src/plugins/auth.js
FNF:0
FNH:0
DA:5,10
DA:7,10
DA:9,64
DA:10,7
DA:15,3
DA:16,1
LF:6
LH:6
BRDA:9,0,0,7
BRDA:9,0,1,57
BRDA:15,1,0,1
BRDA:15,1,1,2
BRF:4
BRH:4
end_of_record
TN:
SF:/home/spineor/Downloads/aelis4-web/vue-client/src/plugins/permissions.js
FN:21,(anonymous_0)
FN:34,(anonymous_1)
FNF:2
FNH:2
FNDA:36,(anonymous_0)
FNDA:3,(anonymous_1)
DA:4,6
DA:5,6
DA:21,6
DA:22,36
DA:23,29
DA:25,7
DA:26,0
DA:28,7
DA:34,6
DA:38,31
DA:40,684
DA:47,110
DA:48,1
DA:52,109
DA:53,109
DA:54,109
DA:55,67
DA:60,42
DA:61,36
DA:66,42
DA:67,3
DA:70,42
LF:22
LH:21
BRDA:22,0,0,29
BRDA:22,0,1,7
BRDA:22,1,0,36
BRDA:22,1,1,29
BRDA:25,2,0,0
BRDA:25,2,1,7
BRDA:25,3,0,7
BRDA:25,3,1,7
BRDA:47,4,0,1
BRDA:47,4,1,109
BRDA:54,5,0,67
BRDA:54,5,1,42
BRDA:60,6,0,36
BRDA:60,6,1,6
BRDA:66,7,0,3
BRDA:66,7,1,39
BRDA:70,8,0,42
BRDA:70,8,1,35
BRF:18
BRH:17
end_of_record
TN:
SF:/home/spineor/Downloads/aelis4-web/vue-client/src/store/getters.js
FN:2,(anonymous_0)
FN:3,(anonymous_1)
FN:4,(anonymous_2)
FN:5,(anonymous_3)
FN:6,(anonymous_4)
FN:7,(anonymous_5)
FN:8,(anonymous_6)
FN:9,(anonymous_7)
FN:10,(anonymous_8)
FNF:9
FNH:8
FNDA:2,(anonymous_0)
FNDA:0,(anonymous_1)
FNDA:2,(anonymous_2)
FNDA:15,(anonymous_3)
FNDA:10,(anonymous_4)
FNDA:3,(anonymous_5)
FNDA:3,(anonymous_6)
FNDA:1,(anonymous_7)
FNDA:4,(anonymous_8)
DA:1,32
DA:2,2
DA:3,0
DA:4,2
DA:5,15
DA:6,10
DA:7,3
DA:8,3
DA:9,1
DA:10,4
LF:10
LH:9
BRDA:10,0,0,4
BRDA:10,0,1,4
BRF:2
BRH:2
end_of_record
TN:
SF:/home/spineor/Downloads/aelis4-web/vue-client/src/store/index.js
FNF:0
FNH:0
DA:12,32
DA:14,32
LF:2
LH:2
BRF:0
BRH:0
end_of_record
TN:
SF:/home/spineor/Downloads/aelis4-web/vue-client/src/store/modules/app.js
FN:12,(anonymous_0)
FN:21,(anonymous_1)
FN:26,(anonymous_2)
FN:31,(anonymous_3)
FNF:4
FNH:4
FNDA:2,(anonymous_0)
FNDA:2,(anonymous_1)
FNDA:4,(anonymous_2)
FNDA:1,(anonymous_3)
DA:3,33
DA:13,2
DA:14,2
DA:16,0
DA:18,2
DA:19,2
DA:22,2
DA:23,2
DA:24,2
DA:27,4
DA:32,1
DA:35,1
DA:38,3
LF:13
LH:12
BRDA:13,0,0,2
BRDA:13,0,1,0
BRF:2
BRH:1
end_of_record
TN:
SF:/home/spineor/Downloads/aelis4-web/vue-client/src/store/modules/user.js
FN:22,(anonymous_0)
FN:25,(anonymous_1)
FN:28,(anonymous_2)
FN:31,(anonymous_3)
FN:34,(anonymous_4)
FN:37,(anonymous_5)
FN:40,(anonymous_6)
FN:43,(anonymous_7)
FN:48,(anonymous_8)
FN:67,(anonymous_9)
FN:70,(anonymous_10)
FN:75,(anonymous_11)
FNF:12
FNH:12
FNDA:2,(anonymous_0)
FNDA:2,(anonymous_1)
FNDA:2,(anonymous_2)
FNDA:5,(anonymous_3)
FNDA:30,(anonymous_4)
FNDA:3,(anonymous_5)
FNDA:3,(anonymous_6)
FNDA:3,(anonymous_7)
FNDA:2,(anonymous_8)
FNDA:2,(anonymous_9)
FNDA:1,(anonymous_10)
FNDA:1,(anonymous_11)
DA:7,33
DA:23,2
DA:26,2
DA:29,2
DA:32,5
DA:35,30
DA:38,3
DA:41,3
DA:44,3
DA:45,3
DA:46,3
DA:49,2
DA:55,2
DA:56,2
DA:57,2
DA:58,2
DA:59,2
DA:60,2
DA:61,2
DA:64,2
DA:67,2
DA:68,2
DA:69,2
DA:70,2
DA:71,1
DA:72,1
DA:73,1
DA:74,1
DA:76,1
DA:77,1
DA:78,1
LF:31
LH:31
BRF:0
BRH:0
end_of_record
TN:
SF:/home/spineor/Downloads/aelis4-web/vue-client/src/store/modules/warehouse/account.js
FN:4,(anonymous_0)
FN:23,(anonymous_1)
FN:32,(anonymous_2)
FN:35,(anonymous_3)
FN:44,(anonymous_4)
FN:45,(anonymous_5)
FN:47,(anonymous_6)
FNF:7
FNH:7
FNDA:38,(anonymous_0)
FNDA:3,(anonymous_1)
FNDA:7,(anonymous_2)
FNDA:6,(anonymous_3)
FNDA:2,(anonymous_4)
FNDA:1,(anonymous_5)
FNDA:1,(anonymous_6)
DA:4,38
DA:17,32
DA:24,3
DA:25,3
DA:27,3
DA:28,3
DA:30,3
DA:33,7
DA:37,6
DA:38,6
DA:39,6
DA:44,2
DA:45,2
DA:46,1
DA:48,1
DA:53,6
DA:54,6
DA:55,6
DA:56,1
DA:57,1
DA:58,1
DA:61,6
LF:22
LH:22
BRDA:27,0,0,3
BRDA:27,0,1,0
BRF:2
BRH:1
end_of_record
TN:
SF:/home/spineor/Downloads/aelis4-web/vue-client/src/store/modules/warehouse/extensionRequest.js
FN:36,(anonymous_0)
FN:41,(anonymous_1)
FN:50,(anonymous_2)
FN:53,(anonymous_3)
FN:58,(anonymous_4)
FN:67,(anonymous_5)
FN:69,(anonymous_6)
FN:75,(anonymous_7)
FN:84,(anonymous_8)
FNF:9
FNH:0
FNDA:0,(anonymous_0)
FNDA:0,(anonymous_1)
FNDA:0,(anonymous_2)
FNDA:0,(anonymous_3)
FNDA:0,(anonymous_4)
FNDA:0,(anonymous_5)
FNDA:0,(anonymous_6)
FNDA:0,(anonymous_7)
FNDA:0,(anonymous_8)
DA:5,32
DA:7,32
DA:22,0
DA:37,0
DA:38,0
DA:39,0
DA:42,0
DA:47,0
DA:48,0
DA:49,0
DA:50,0
DA:51,0
DA:52,0
DA:53,0
DA:54,0
DA:55,0
DA:56,0
DA:57,0
DA:59,0
DA:60,0
DA:61,0
DA:66,0
DA:67,0
DA:68,0
DA:69,0
DA:70,0
DA:71,0
DA:72,0
DA:73,0
DA:74,0
DA:76,0
DA:77,0
DA:78,0
DA:84,0
LF:34
LH:2
BRDA:51,0,0,0
BRDA:51,0,1,0
BRDA:52,1,0,0
BRDA:52,1,1,0
BRF:4
BRH:0
end_of_record
TN:
SF:/home/spineor/Downloads/aelis4-web/vue-client/src/store/modules/warehouse/extensions.js
FN:6,(anonymous_0)
FN:13,(anonymous_1)
FN:39,(anonymous_2)
FN:42,(anonymous_3)
FN:64,(anonymous_4)
FN:69,(anonymous_5)
FN:105,(anonymous_6)
FN:134,(anonymous_7)
FN:151,(anonymous_8)
FNF:9
FNH:8
FNDA:5,(anonymous_0)
FNDA:2,(anonymous_1)
FNDA:16,(anonymous_2)
FNDA:6,(anonymous_3)
FNDA:3,(anonymous_4)
FNDA:2,(anonymous_5)
FNDA:1,(anonymous_6)
FNDA:3,(anonymous_7)
FNDA:0,(anonymous_8)
DA:6,32
DA:13,32
DA:21,32
DA:40,16
DA:43,6
DA:60,6
DA:63,6
DA:64,3
DA:67,3
DA:68,1
DA:69,2
DA:70,1
DA:71,0
DA:75,2
DA:76,2
DA:80,3
DA:88,6
DA:101,1
DA:104,1
DA:105,1
DA:108,1
DA:109,1
DA:111,1
DA:112,1
DA:130,4
DA:133,4
DA:134,3
DA:136,3
DA:137,2
DA:139,2
DA:140,1
DA:141,1
DA:142,1
DA:145,1
DA:146,1
DA:147,1
DA:150,1
DA:151,0
DA:156,1
DA:157,1
DA:161,1
DA:169,4
DA:172,1
DA:173,1
DA:174,1
DA:175,2
DA:176,2
DA:177,4
DA:181,1
DA:182,1
DA:183,1
DA:184,1
DA:185,1
DA:186,1
DA:189,0
LF:55
LH:52
BRDA:63,0,0,3
BRDA:63,0,1,3
BRDA:67,1,0,1
BRDA:67,1,1,2
BRDA:70,2,0,0
BRDA:70,2,1,1
BRDA:104,3,0,1
BRDA:104,3,1,0
BRDA:108,4,0,1
BRDA:108,4,1,0
BRDA:133,5,0,3
BRDA:133,5,1,1
BRDA:136,6,0,2
BRDA:136,6,1,1
BRDA:139,7,0,1
BRDA:139,7,1,1
BRDA:150,8,0,0
BRDA:150,8,1,1
BRDA:175,9,0,2
BRDA:175,9,1,0
BRF:20
BRH:15
end_of_record
TN:
SF:/home/spineor/Downloads/aelis4-web/vue-client/src/store/modules/warehouse/orderEntry.js
FN:55,(anonymous_0)
FN:58,(anonymous_1)
FN:61,(anonymous_2)
FN:64,(anonymous_3)
FN:66,(anonymous_4)
FN:75,(anonymous_5)
FN:78,(anonymous_6)
FN:81,(anonymous_7)
FN:84,(anonymous_8)
FN:94,(anonymous_9)
FN:102,(anonymous_10)
FN:112,(anonymous_11)
FN:117,(anonymous_12)
FN:120,(anonymous_13)
FN:127,(anonymous_14)
FN:131,(anonymous_15)
FN:134,(anonymous_16)
FN:144,(anonymous_17)
FN:145,(anonymous_18)
FN:148,(anonymous_19)
FN:162,(anonymous_20)
FN:165,(anonymous_21)
FN:170,(anonymous_22)
FN:180,(anonymous_23)
FN:181,(anonymous_24)
FN:183,(anonymous_25)
FN:190,(anonymous_26)
FN:192,(anonymous_27)
FN:194,(anonymous_28)
FN:207,(anonymous_29)
FN:209,(anonymous_30)
FN:213,(anonymous_31)
FN:220,(anonymous_32)
FN:222,(anonymous_33)
FN:226,(anonymous_34)
FN:233,(anonymous_35)
FN:234,(anonymous_36)
FN:238,(anonymous_37)
FN:246,(anonymous_38)
FN:248,(anonymous_39)
FN:255,(anonymous_40)
FNF:41
FNH:35
FNDA:5,(anonymous_0)
FNDA:2,(anonymous_1)
FNDA:15,(anonymous_2)
FNDA:16,(anonymous_3)
FNDA:25,(anonymous_4)
FNDA:11,(anonymous_5)
FNDA:12,(anonymous_6)
FNDA:9,(anonymous_7)
FNDA:3,(anonymous_8)
FNDA:3,(anonymous_9)
FNDA:8,(anonymous_10)
FNDA:5,(anonymous_11)
FNDA:6,(anonymous_12)
FNDA:2,(anonymous_13)
FNDA:2,(anonymous_14)
FNDA:1,(anonymous_15)
FNDA:1,(anonymous_16)
FNDA:2,(anonymous_17)
FNDA:2,(anonymous_18)
FNDA:0,(anonymous_19)
FNDA:7,(anonymous_20)
FNDA:1,(anonymous_21)
FNDA:1,(anonymous_22)
FNDA:2,(anonymous_23)
FNDA:1,(anonymous_24)
FNDA:1,(anonymous_25)
FNDA:1,(anonymous_26)
FNDA:1,(anonymous_27)
FNDA:0,(anonymous_28)
FNDA:5,(anonymous_29)
FNDA:3,(anonymous_30)
FNDA:0,(anonymous_31)
FNDA:3,(anonymous_32)
FNDA:3,(anonymous_33)
FNDA:0,(anonymous_34)
FNDA:2,(anonymous_35)
FNDA:1,(anonymous_36)
FNDA:0,(anonymous_37)
FNDA:2,(anonymous_38)
FNDA:1,(anonymous_39)
FNDA:0,(anonymous_40)
DA:6,32
DA:8,32
DA:22,0
DA:56,5
DA:59,2
DA:62,15
DA:65,16
DA:66,15
DA:67,25
DA:68,25
DA:71,16
DA:72,16
DA:73,16
DA:76,11
DA:79,12
DA:82,9
DA:85,3
DA:86,1
DA:87,1
DA:88,1
DA:90,2
DA:91,2
DA:95,3
DA:96,2
DA:97,2
DA:99,1
DA:103,8
DA:104,8
DA:105,8
DA:107,0
DA:113,5
DA:114,5
DA:115,5
DA:118,6
DA:121,2
DA:126,2
DA:127,2
DA:128,2
DA:129,2
DA:130,2
DA:131,2
DA:132,1
DA:133,1
DA:135,1
DA:136,1
DA:141,0
DA:144,2
DA:145,2
DA:146,2
DA:147,2
DA:149,0
DA:150,0
DA:155,7
DA:156,7
DA:159,7
DA:160,7
DA:161,7
DA:162,7
DA:163,7
DA:164,7
DA:165,7
DA:166,1
DA:167,1
DA:168,1
DA:169,1
DA:171,1
DA:172,1
DA:173,1
DA:178,2
DA:179,2
DA:180,2
DA:181,2
DA:182,1
DA:184,1
DA:189,1
DA:190,1
DA:191,1
DA:192,1
DA:193,1
DA:195,0
DA:200,1
DA:201,1
DA:204,8
DA:207,5
DA:208,5
DA:209,5
DA:210,3
DA:211,3
DA:212,3
DA:214,0
DA:215,0
DA:220,3
DA:221,3
DA:222,3
DA:223,3
DA:224,3
DA:225,3
DA:227,0
DA:228,0
DA:233,2
DA:234,2
DA:235,1
DA:236,1
DA:237,1
DA:239,0
DA:240,0
DA:245,2
DA:246,2
DA:247,2
DA:248,2
DA:249,1
DA:250,1
DA:251,1
DA:252,1
DA:253,1
DA:254,1
DA:256,0
DA:257,0
DA:258,0
DA:263,1
DA:266,1
DA:267,1
DA:268,1
DA:269,1
DA:272,1
DA:273,1
DA:274,1
DA:275,1
DA:278,1
DA:279,1
DA:280,1
DA:281,1
DA:282,1
DA:283,1
DA:286,1
DA:287,1
DA:288,1
DA:289,1
DA:290,1
DA:291,1
DA:294,6
DA:297,0
LF:142
LH:126
BRDA:65,0,0,15
BRDA:65,0,1,1
BRDA:71,1,0,16
BRDA:71,1,1,1
BRDA:73,2,0,16
BRDA:73,2,1,14
BRDA:85,3,0,1
BRDA:85,3,1,2
BRDA:87,4,0,1
BRDA:87,4,1,0
BRDA:88,5,0,1
BRDA:88,5,1,1
BRDA:95,6,0,2
BRDA:95,6,1,1
BRDA:97,7,0,1
BRDA:97,7,1,1
BRDA:107,8,0,0
BRDA:107,8,1,0
BRDA:108,9,0,0
BRDA:108,9,1,0
BRDA:163,10,0,0
BRDA:163,10,1,7
BRDA:164,11,0,7
BRDA:164,11,1,5
BRDA:208,12,0,2
BRDA:208,12,1,3
BRF:26
BRH:20
end_of_record
TN:
SF:/home/spineor/Downloads/aelis4-web/vue-client/src/store/modules/warehouse/uploadXml.js
FN:11,(anonymous_0)
FN:26,(anonymous_1)
FN:33,(anonymous_2)
FN:36,(anonymous_3)
FNF:4
FNH:4
FNDA:1,(anonymous_0)
FNDA:1,(anonymous_1)
FNDA:1,(anonymous_2)
FNDA:1,(anonymous_3)
DA:1,33
DA:2,33
DA:12,1
DA:13,1
DA:14,1
DA:15,1
DA:16,1
DA:17,1
DA:18,1
DA:19,1
DA:20,1
DA:21,1
DA:22,1
DA:23,1
DA:27,1
DA:28,1
DA:29,1
DA:34,1
DA:37,1
LF:19
LH:19
BRDA:12,0,0,1
BRDA:12,0,1,0
BRDA:13,1,0,1
BRDA:13,1,1,0
BRDA:18,2,0,1
BRDA:18,2,1,0
BRDA:19,3,0,1
BRDA:19,3,1,0
BRDA:20,4,0,1
BRDA:20,4,1,0
BRDA:21,5,0,1
BRDA:21,5,1,0
BRF:12
BRH:6
end_of_record
TN:
SF:/home/spineor/Downloads/aelis4-web/vue-client/src/utils/apiConstants.js
FNF:0
FNH:0
DA:1,33
LF:1
LH:1
BRF:0
BRH:0
end_of_record
TN:
SF:/home/spineor/Downloads/aelis4-web/vue-client/src/utils/constants.js
FNF:0
FNH:0
DA:1,34
DA:2,34
DA:5,34
LF:3
LH:3
BRF:0
BRH:0
end_of_record
TN:
SF:/home/spineor/Downloads/aelis4-web/vue-client/src/utils/auth/auth0Service.js
FN:33,(anonymous_0)
FN:41,(anonymous_1)
FN:54,(anonymous_2)
FN:59,(anonymous_3)
FN:60,(anonymous_4)
FN:61,(anonymous_5)
FN:74,(anonymous_6)
FN:81,(anonymous_7)
FN:89,(anonymous_8)
FN:97,(anonymous_9)
FN:98,(anonymous_10)
FN:102,(anonymous_11)
FN:111,(anonymous_12)
FN:112,(anonymous_13)
FN:116,(anonymous_14)
FN:123,(anonymous_15)
FN:146,(anonymous_16)
FN:147,(anonymous_17)
FN:152,(anonymous_18)
FN:163,(anonymous_19)
FN:164,(anonymous_20)
FN:168,(anonymous_21)
FNF:22
FNH:20
FNDA:1,(anonymous_0)
FNDA:2,(anonymous_1)
FNDA:0,(anonymous_2)
FNDA:5,(anonymous_3)
FNDA:5,(anonymous_4)
FNDA:5,(anonymous_5)
FNDA:1,(anonymous_6)
FNDA:2,(anonymous_7)
FNDA:2,(anonymous_8)
FNDA:2,(anonymous_9)
FNDA:2,(anonymous_10)
FNDA:0,(anonymous_11)
FNDA:2,(anonymous_12)
FNDA:2,(anonymous_13)
FNDA:1,(anonymous_14)
FNDA:7,(anonymous_15)
FNDA:3,(anonymous_16)
FNDA:3,(anonymous_17)
FNDA:3,(anonymous_18)
FNDA:2,(anonymous_19)
FNDA:2,(anonymous_20)
FNDA:2,(anonymous_21)
DA:5,35
DA:15,35
DA:16,35
DA:34,1
DA:38,1
DA:42,2
DA:44,2
DA:45,2
DA:46,2
DA:47,2
DA:48,2
DA:50,2
DA:54,2
DA:55,0
DA:60,5
DA:61,5
DA:62,5
DA:63,1
DA:64,1
DA:65,1
DA:67,4
DA:68,1
DA:75,1
DA:82,2
DA:90,2
DA:98,2
DA:99,2
DA:100,1
DA:101,1
DA:102,0
DA:103,0
DA:106,1
DA:112,2
DA:113,2
DA:114,1
DA:116,1
DA:117,1
DA:124,7
DA:125,4
DA:127,4
DA:131,4
DA:135,4
DA:137,4
DA:139,4
DA:147,3
DA:148,3
DA:149,0
DA:152,3
DA:153,3
DA:154,1
DA:156,2
DA:157,2
DA:164,2
DA:165,2
DA:169,2
DA:170,1
DA:172,1
DA:179,35
DA:180,35
LF:59
LH:55
BRDA:8,0,0,35
BRDA:8,0,1,0
BRDA:11,1,0,35
BRDA:11,1,1,0
BRDA:35,2,0,1
BRDA:35,2,1,1
BRDA:62,3,0,1
BRDA:62,3,1,4
BRDA:63,4,0,0
BRDA:63,4,1,1
BRDA:76,5,0,1
BRDA:76,5,1,0
BRDA:83,6,0,2
BRDA:83,6,1,2
BRDA:83,6,2,1
BRDA:91,7,0,2
BRDA:91,7,1,2
BRDA:91,7,2,1
BRDA:99,8,0,1
BRDA:99,8,1,1
BRDA:101,9,0,0
BRDA:101,9,1,1
BRDA:113,10,0,1
BRDA:113,10,1,1
BRDA:142,11,0,4
BRDA:142,11,1,4
BRDA:148,12,0,0
BRDA:148,12,1,3
BRDA:153,13,0,1
BRDA:153,13,1,2
BRDA:169,14,0,1
BRDA:169,14,1,1
BRF:32
BRH:26
end_of_record
TN:
SF:/home/spineor/Downloads/aelis4-web/vue-client/src/views/dashboard/index.vue
FNF:0
FNH:0
DA:9,1
LF:1
LH:1
BRF:0
BRH:0
end_of_record
TN:
SF:/home/spineor/Downloads/aelis4-web/vue-client/src/views/layout/Layout.vue
FNF:0
FNH:0
DA:13,1
DA:14,1
DA:26,1
DA:29,2
DA:32,2
DA:42,1
LF:6
LH:6
BRF:0
BRH:0
end_of_record
TN:
SF:/home/spineor/Downloads/aelis4-web/vue-client/src/views/layout/components/Navbar.vue
FN:53,(anonymous_1)
FN:55,(anonymous_2)
FNF:2
FNH:1
FNDA:0,(anonymous_1)
FNDA:1,(anonymous_2)
DA:26,2
DA:27,2
DA:28,2
DA:42,1
DA:43,1
DA:47,1
DA:50,1
DA:53,1
DA:54,1
DA:55,1
DA:56,1
LF:11
LH:11
BRDA:42,0,0,1
BRDA:42,0,1,0
BRDA:54,1,0,1
BRDA:54,1,1,0
BRF:4
BRH:2
end_of_record
TN:
SF:/home/spineor/Downloads/aelis4-web/vue-client/src/views/layout/components/index.js
FNF:0
FNH:0
LF:0
LH:0
BRF:0
BRH:0
end_of_record
TN:
SF:/home/spineor/Downloads/aelis4-web/vue-client/src/views/layout/components/Sidebar/Item.vue
FNF:0
FNH:0
DA:16,1
DA:17,1
DA:19,1
DA:20,1
DA:23,1
DA:24,1
DA:26,1
LF:7
LH:7
BRDA:19,0,0,1
BRDA:19,0,1,0
BRDA:23,1,0,1
BRDA:23,1,1,0
BRF:4
BRH:2
end_of_record
TN:
SF:/home/spineor/Downloads/aelis4-web/vue-client/src/views/layout/components/Sidebar/Link.vue
FNF:0
FNH:0
DA:10,4
DA:21,2
DA:24,2
DA:25,1
DA:32,1
LF:5
LH:5
BRDA:24,0,0,1
BRDA:24,0,1,1
BRF:2
BRH:2
end_of_record
TN:
SF:/home/spineor/Downloads/aelis4-web/vue-client/src/views/layout/components/Sidebar/SidebarItem.vue
FN:66,(anonymous_1)
FN:76,(anonymous_2)
FN:109,(anonymous_3)
FNF:3
FNH:2
FNDA:0,(anonymous_1)
FNDA:5,(anonymous_2)
FNDA:1,(anonymous_3)
DA:37,3
DA:38,3
DA:39,3
DA:40,3
DA:41,3
DA:66,0
DA:70,2
DA:76,4
DA:77,5
DA:78,1
DA:81,4
DA:82,4
DA:86,4
DA:87,2
DA:91,2
DA:92,1
DA:93,1
DA:96,1
DA:99,2
DA:100,0
DA:102,2
DA:105,2
DA:108,2
DA:109,3
DA:112,2
LF:25
LH:23
BRDA:77,0,0,1
BRDA:77,0,1,4
BRDA:86,1,0,2
BRDA:86,1,1,2
BRDA:91,2,0,1
BRDA:91,2,1,1
BRDA:99,3,0,0
BRDA:99,3,1,2
BRDA:108,4,0,4
BRDA:108,4,1,2
BRDA:109,5,0,2
BRDA:109,5,1,1
BRDA:112,6,0,2
BRDA:112,6,1,2
BRDA:112,6,2,2
BRF:15
BRH:14
end_of_record
TN:
SF:/home/spineor/Downloads/aelis4-web/vue-client/src/views/layout/components/Sidebar/index.vue
FNF:0
FNH:0
DA:23,2
DA:24,2
DA:25,2
DA:34,1
DA:37,1
DA:42,1
LF:6
LH:6
BRF:0
BRH:0
end_of_record
TN:
SF:/home/spineor/Downloads/aelis4-web/vue-client/src/views/layout/mixin/ResizeHandler.js
FNF:0
FNH:0
DA:3,1
DA:4,1
DA:5,1
DA:10,0
DA:11,0
DA:16,1
DA:19,1
DA:20,1
DA:21,1
DA:22,1
DA:27,2
DA:28,2
DA:31,1
DA:32,1
DA:33,1
DA:35,1
DA:36,1
LF:17
LH:15
BRDA:10,0,0,0
BRDA:10,0,1,0
BRDA:10,1,0,0
BRDA:10,1,1,0
BRDA:20,2,0,1
BRDA:20,2,1,0
BRDA:31,3,0,1
BRDA:31,3,1,0
BRDA:33,4,0,1
BRDA:33,4,1,0
BRDA:35,5,0,1
BRDA:35,5,1,0
BRF:12
BRH:4
end_of_record
TN:
SF:/home/spineor/Downloads/aelis4-web/vue-client/src/views/noUserConfig/index.vue
FNF:0
FNH:0
DA:24,1
LF:1
LH:1
BRF:0
BRH:0
end_of_record
TN:
SF:/home/spineor/Downloads/aelis4-web/vue-client/src/views/signUp/SignUp.vue
FN:85,(anonymous_1)
FN:97,(anonymous_2)
FN:149,(anonymous_3)
FN:155,(anonymous_4)
FN:156,(anonymous_5)
FNF:5
FNH:5
FNDA:4,(anonymous_1)
FNDA:4,(anonymous_2)
FNDA:2,(anonymous_3)
FNDA:1,(anonymous_4)
FNDA:1,(anonymous_5)
DA:73,1
DA:84,2
DA:85,2
DA:86,4
DA:87,1
DA:88,3
DA:89,1
DA:91,2
DA:92,1
DA:94,2
DA:97,2
DA:98,4
DA:99,1
DA:100,3
DA:101,1
DA:103,2
DA:106,2
DA:140,2
DA:141,2
DA:142,2
DA:143,2
DA:144,2
DA:146,2
DA:147,2
DA:149,2
DA:150,2
DA:155,1
DA:156,1
DA:157,1
DA:158,1
DA:159,1
DA:160,1
DA:162,0
DA:165,0
LF:34
LH:32
BRDA:86,0,0,1
BRDA:86,0,1,3
BRDA:88,1,0,1
BRDA:88,1,1,2
BRDA:91,2,0,1
BRDA:91,2,1,1
BRDA:98,3,0,1
BRDA:98,3,1,3
BRDA:100,4,0,1
BRDA:100,4,1,2
BRDA:140,5,0,2
BRDA:140,5,1,0
BRDA:142,6,0,2
BRDA:142,6,1,0
BRDA:157,7,0,1
BRDA:157,7,1,0
BRF:16
BRH:13
end_of_record
TN:
SF:/home/spineor/Downloads/aelis4-web/vue-client/src/views/warehouse/extensionRequest/SearchFilters.vue
FN:161,(anonymous_1)
FN:163,(anonymous_2)
FN:183,(anonymous_3)
FNF:3
FNH:1
FNDA:2,(anonymous_1)
FNDA:0,(anonymous_2)
FNDA:0,(anonymous_3)
DA:127,1
DA:128,1
DA:129,1
DA:130,1
DA:131,1
DA:142,3
DA:160,2
DA:161,2
DA:162,2
DA:163,2
DA:164,0
DA:172,0
DA:178,1
DA:179,1
DA:183,3
DA:184,0
DA:185,0
LF:17
LH:13
BRF:0
BRH:0
end_of_record
TN:
SF:/home/spineor/Downloads/aelis4-web/vue-client/src/views/warehouse/extensionRequest/SearchSummary.vue
FNF:0
FNH:0
DA:110,1
DA:111,1
DA:112,1
DA:123,0
DA:136,0
DA:137,0
DA:138,0
DA:139,0
LF:8
LH:3
BRDA:138,0,0,0
BRDA:138,0,1,0
BRF:2
BRH:0
end_of_record
TN:
SF:/home/spineor/Downloads/aelis4-web/vue-client/src/views/warehouse/extensionRequest/extensionDetailsDialog.vue
FN:190,(anonymous_1)
FN:198,(anonymous_2)
FNF:2
FNH:0
FNDA:0,(anonymous_1)
FNDA:0,(anonymous_2)
DA:132,1
DA:133,1
DA:148,0
DA:168,0
DA:169,0
DA:172,0
DA:175,0
DA:178,0
DA:180,0
DA:183,0
DA:184,0
DA:186,0
DA:188,0
DA:189,0
DA:190,0
DA:191,0
DA:193,0
DA:194,0
DA:195,0
DA:199,0
DA:205,0
DA:206,0
LF:22
LH:2
BRF:0
BRH:0
end_of_record
TN:
SF:/home/spineor/Downloads/aelis4-web/vue-client/src/views/warehouse/extensionRequest/index.vue
FNF:0
FNH:0
DA:40,0
DA:41,0
DA:42,0
DA:57,0
DA:60,0
DA:64,0
LF:6
LH:0
BRF:0
BRH:0
end_of_record
TN:
SF:/home/spineor/Downloads/aelis4-web/vue-client/src/views/warehouse/orderEntry/CountdownCutoff.vue
FNF:0
FNH:0
DA:36,2
DA:46,6
DA:52,7
DA:53,7
DA:56,7
LF:5
LH:5
BRF:0
BRH:0
end_of_record
TN:
SF:/home/spineor/Downloads/aelis4-web/vue-client/src/views/warehouse/orderEntry/SearchFilters.vue
FN:129,(anonymous_1)
FN:140,(anonymous_2)
FNF:2
FNH:1
FNDA:2,(anonymous_1)
FNDA:0,(anonymous_2)
DA:90,2
DA:91,2
DA:92,2
DA:93,2
DA:94,2
DA:95,2
DA:110,6
DA:128,2
DA:129,2
DA:130,2
DA:135,1
DA:136,1
DA:140,6
DA:141,6
DA:142,6
DA:144,0
DA:147,6
LF:17
LH:16
BRDA:142,0,0,0
BRDA:142,0,1,6
BRF:2
BRH:1
end_of_record
TN:
SF:/home/spineor/Downloads/aelis4-web/vue-client/src/views/warehouse/orderEntry/TableSummary.vue
FN:367,(anonymous_1)
FN:442,(anonymous_2)
FN:485,(anonymous_3)
FN:489,(anonymous_4)
FN:493,(anonymous_5)
FN:496,(anonymous_6)
FN:514,(anonymous_7)
FN:519,(anonymous_8)
FN:528,(anonymous_9)
FN:534,(anonymous_10)
FN:535,(anonymous_11)
FNF:11
FNH:0
FNDA:0,(anonymous_1)
FNDA:0,(anonymous_2)
FNDA:0,(anonymous_3)
FNDA:0,(anonymous_4)
FNDA:0,(anonymous_5)
FNDA:0,(anonymous_6)
FNDA:0,(anonymous_7)
FNDA:0,(anonymous_8)
FNDA:0,(anonymous_9)
FNDA:0,(anonymous_10)
FNDA:0,(anonymous_11)
DA:348,2
DA:349,2
DA:350,2
DA:351,2
DA:352,2
DA:353,2
DA:354,2
DA:355,2
DA:367,0
DA:371,3
DA:413,0
DA:416,0
DA:419,0
DA:420,0
DA:421,0
DA:422,0
DA:425,0
DA:426,0
DA:427,0
DA:428,0
DA:429,0
DA:430,0
DA:431,0
DA:432,0
DA:433,0
DA:434,0
DA:435,0
DA:436,0
DA:437,0
DA:438,0
DA:439,0
DA:440,0
DA:441,0
DA:442,0
DA:443,0
DA:444,0
DA:445,0
DA:446,0
DA:447,0
DA:452,0
DA:453,0
DA:454,0
DA:455,0
DA:456,0
DA:457,0
DA:458,0
DA:460,0
DA:461,0
DA:462,0
DA:463,0
DA:464,0
DA:465,0
DA:466,0
DA:468,0
DA:471,0
DA:472,0
DA:473,0
DA:474,0
DA:475,0
DA:478,0
DA:479,0
DA:482,0
DA:483,0
DA:484,0
DA:485,0
DA:487,0
DA:488,0
DA:489,0
DA:490,0
DA:491,0
DA:492,0
DA:494,0
DA:500,6
DA:504,6
DA:507,6
DA:511,6
DA:514,0
DA:515,0
DA:516,0
DA:517,0
DA:518,0
DA:524,0
DA:525,0
DA:526,0
DA:527,0
DA:530,0
DA:533,0
DA:534,0
DA:535,0
DA:536,0
DA:539,0
LF:91
LH:13
BRDA:421,0,0,0
BRDA:421,0,1,0
BRDA:446,1,0,0
BRDA:446,1,1,0
BRDA:455,2,0,0
BRDA:455,2,1,0
BRDA:461,3,0,0
BRDA:461,3,1,0
BRDA:465,4,0,0
BRDA:465,4,1,0
BRDA:500,5,0,6
BRDA:500,5,1,6
BRDA:500,5,2,6
BRDA:500,5,3,6
BRDA:504,6,0,6
BRDA:504,6,1,6
BRDA:507,7,0,6
BRDA:507,7,1,6
BRDA:507,7,2,6
BRDA:507,7,3,6
BRDA:515,8,0,0
BRDA:515,8,1,0
BRF:22
BRH:10
end_of_record
TN:
SF:/home/spineor/Downloads/aelis4-web/vue-client/src/views/warehouse/orderEntry/TableSummaryExtensions.vue
FN:195,(anonymous_1)
FN:205,(anonymous_2)
FN:223,(anonymous_3)
FNF:3
FNH:2
FNDA:3,(anonymous_1)
FNDA:2,(anonymous_2)
FNDA:0,(anonymous_3)
DA:151,2
DA:152,2
DA:153,2
DA:165,9
DA:174,1
DA:177,1
DA:180,0
DA:181,0
DA:182,0
DA:183,0
DA:188,8
DA:189,8
DA:190,8
DA:191,8
DA:194,3
DA:195,5
DA:196,2
DA:197,1
DA:199,1
DA:201,1
DA:204,3
DA:205,4
DA:206,2
DA:207,1
DA:209,1
DA:211,1
DA:214,1
DA:220,1
DA:223,0
DA:224,0
DA:225,0
DA:226,0
DA:227,0
DA:232,9
LF:34
LH:25
BRDA:182,0,0,0
BRDA:182,0,1,0
BRDA:190,1,0,8
BRDA:190,1,1,8
BRDA:190,1,2,0
BRDA:191,2,0,8
BRDA:191,2,1,8
BRDA:191,2,2,0
BRDA:194,3,0,2
BRDA:194,3,1,1
BRDA:196,4,0,1
BRDA:196,4,1,1
BRDA:196,5,0,2
BRDA:196,5,1,1
BRDA:204,6,0,2
BRDA:204,6,1,1
BRDA:206,7,0,1
BRDA:206,7,1,1
BRDA:206,8,0,2
BRDA:206,8,1,1
BRDA:224,9,0,0
BRDA:224,9,1,0
BRF:22
BRH:16
end_of_record
TN:
SF:/home/spineor/Downloads/aelis4-web/vue-client/src/views/warehouse/orderEntry/index.vue
FNF:0
FNH:0
DA:43,1
DA:44,1
DA:45,1
DA:46,1
DA:47,1
DA:48,1
DA:49,1
DA:50,1
DA:51,1
DA:52,1
DA:53,1
DA:54,1
DA:55,1
DA:78,4
DA:84,1
DA:88,25
LF:16
LH:16
BRDA:88,0,0,25
BRDA:88,0,1,25
BRDA:88,0,2,25
BRDA:88,0,3,9
BRF:4
BRH:4
end_of_record
TN:
SF:/home/spineor/Downloads/aelis4-web/vue-client/src/views/warehouse/orderEntry/components/AddConsigneeShipperButton.vue
FN:129,(anonymous_1)
FN:134,(anonymous_2)
FNF:2
FNH:0
FNDA:0,(anonymous_1)
FNDA:0,(anonymous_2)
DA:100,3
DA:101,3
DA:102,3
DA:103,3
DA:104,3
DA:115,11
DA:125,1
DA:126,1
DA:129,0
DA:130,0
DA:134,2
DA:135,2
DA:136,2
DA:137,2
DA:139,2
DA:140,2
DA:141,1
DA:142,1
DA:143,1
DA:145,1
DA:147,2
DA:149,1
DA:152,1
DA:153,1
DA:154,1
DA:157,2
DA:158,2
DA:159,2
DA:162,3
DA:163,3
LF:30
LH:28
BRDA:135,0,0,0
BRDA:135,0,1,2
BRDA:153,1,0,1
BRDA:153,1,1,0
BRDA:153,1,2,0
BRDA:153,1,3,0
BRDA:153,1,4,0
BRDA:153,1,5,0
BRDA:153,1,6,0
BRF:9
BRH:2
end_of_record
TN:
SF:/home/spineor/Downloads/aelis4-web/vue-client/src/views/warehouse/orderEntry/components/AddDialog.vue
FN:256,(anonymous_1)
FN:298,(anonymous_2)
FN:312,(anonymous_3)
FN:313,(anonymous_4)
FN:317,(anonymous_5)
FN:326,(anonymous_6)
FNF:6
FNH:5
FNDA:1,(anonymous_1)
FNDA:2,(anonymous_2)
FNDA:2,(anonymous_3)
FNDA:2,(anonymous_4)
FNDA:0,(anonymous_5)
FNDA:1,(anonymous_6)
DA:190,2
DA:191,2
DA:192,2
DA:193,2
DA:194,2
DA:195,2
DA:197,2
DA:207,10
DA:255,1
DA:256,1
DA:257,1
DA:258,1
DA:259,0
DA:263,1
DA:264,1
DA:267,1
DA:269,1
DA:271,1
DA:272,0
DA:273,0
DA:274,0
DA:277,1
DA:278,1
DA:279,1
DA:280,1
DA:281,0
DA:282,0
DA:283,0
DA:285,0
DA:287,0
DA:290,2
DA:291,2
DA:292,2
DA:293,2
DA:294,2
DA:295,2
DA:296,2
DA:297,2
DA:298,2
DA:299,2
DA:300,2
DA:302,2
DA:306,1
DA:309,26
DA:312,2
DA:313,2
DA:314,2
DA:315,1
DA:316,1
DA:317,1
DA:320,0
DA:321,0
DA:322,0
DA:323,0
DA:324,0
DA:325,0
DA:328,1
DA:329,1
DA:332,1
LF:59
LH:44
BRDA:271,0,0,0
BRDA:271,0,1,1
BRDA:278,1,0,1
BRDA:278,1,1,0
BRDA:282,2,0,0
BRDA:282,2,1,0
BRDA:309,3,0,26
BRDA:309,3,1,3
BRDA:314,4,0,1
BRDA:314,4,1,1
BRF:10
BRH:6
end_of_record
TN:
SF:/home/spineor/Downloads/aelis4-web/vue-client/src/views/warehouse/orderEntry/components/ChangeShipDateButton.vue
FN:78,(anonymous_1)
FN:97,(anonymous_2)
FN:102,(anonymous_3)
FN:103,(anonymous_4)
FNF:4
FNH:3
FNDA:1,(anonymous_1)
FNDA:0,(anonymous_2)
FNDA:2,(anonymous_3)
FNDA:2,(anonymous_4)
DA:36,2
DA:37,2
DA:38,2
DA:39,2
DA:49,8
DA:64,1
DA:67,1
DA:68,1
DA:69,1
DA:70,1
DA:72,0
DA:73,0
DA:78,1
DA:79,1
DA:83,2
DA:84,2
DA:85,2
DA:86,2
DA:89,2
DA:90,2
DA:91,0
DA:93,0
DA:96,2
DA:97,2
DA:99,2
DA:102,2
DA:103,2
DA:104,2
DA:106,2
DA:107,2
DA:109,2
DA:110,2
DA:112,2
DA:113,2
DA:114,1
DA:121,1
DA:122,1
DA:123,1
DA:125,1
DA:127,2
DA:130,0
DA:136,9
DA:137,9
LF:43
LH:38
BRDA:73,0,0,0
BRDA:73,0,1,0
BRDA:73,0,2,0
BRDA:73,1,0,0
BRDA:73,1,1,0
BRDA:89,2,0,2
BRDA:89,2,1,0
BRDA:91,3,0,0
BRDA:91,3,1,0
BRDA:96,4,0,2
BRDA:96,4,1,0
BRDA:104,5,0,2
BRDA:104,5,1,0
BRDA:107,6,0,0
BRDA:107,6,1,2
BRDA:137,7,0,9
BRDA:137,7,1,9
BRF:17
BRH:6
end_of_record
TN:
SF:/home/spineor/Downloads/aelis4-web/vue-client/src/views/warehouse/orderEntry/components/FinalizeShipmentsButton.vue
FNF:0
FNH:0
DA:8,2
DA:9,2
DA:18,6
DA:22,1
DA:23,1
DA:24,1
DA:25,1
DA:26,1
DA:27,1
DA:28,1
DA:30,1
DA:35,10
DA:36,10
DA:37,10
LF:14
LH:14
BRDA:23,0,0,1
BRDA:23,0,1,0
BRDA:35,1,0,10
BRDA:35,1,1,10
BRDA:36,2,0,10
BRDA:36,2,1,10
BRDA:37,3,0,10
BRDA:37,3,1,10
BRF:8
BRH:7
end_of_record
TN:
SF:/home/spineor/Downloads/aelis4-web/vue-client/src/views/warehouse/orderEntry/components/PrintMassiveButton.vue
FNF:0
FNH:0
DA:8,2
DA:17,5
DA:21,1
DA:22,1
LF:4
LH:4
BRF:0
BRH:0
end_of_record
TN:
SF:/home/spineor/Downloads/aelis4-web/vue-client/src/views/warehouse/orderEntry/components/PrintShippingManifest.vue
FNF:0
FNH:0
DA:8,2
DA:19,1
DA:20,1
LF:3
LH:3
BRF:0
BRH:0
end_of_record
TN:
SF:/home/spineor/Downloads/aelis4-web/vue-client/src/views/warehouse/orderEntry/components/extensions/SubmitExtensionButton.vue
FN:195,(anonymous_1)
FN:200,(anonymous_2)
FN:201,(anonymous_3)
FN:223,(anonymous_4)
FN:225,(anonymous_5)
FNF:5
FNH:3
FNDA:2,(anonymous_1)
FNDA:1,(anonymous_2)
FNDA:1,(anonymous_3)
FNDA:0,(anonymous_4)
FNDA:0,(anonymous_5)
DA:130,3
DA:131,3
DA:143,10
DA:176,1
DA:179,2
DA:180,2
DA:181,2
DA:182,2
DA:183,2
DA:184,2
DA:187,2
DA:188,2
DA:189,1
DA:190,1
DA:195,2
DA:196,2
DA:200,1
DA:201,1
DA:202,1
DA:203,1
DA:204,1
DA:205,1
DA:206,1
DA:207,1
DA:208,1
DA:212,1
DA:213,0
DA:216,1
DA:221,1
DA:222,1
DA:223,1
DA:224,1
DA:225,1
DA:226,1
DA:227,1
DA:228,1
DA:229,1
DA:238,1
DA:239,1
LF:39
LH:38
BRDA:183,0,0,0
BRDA:183,0,1,2
BRDA:189,1,0,1
BRDA:189,1,1,0
BRDA:203,2,0,1
BRDA:203,2,1,0
BRDA:205,3,0,1
BRDA:205,3,1,0
BRDA:207,4,0,1
BRDA:207,4,1,0
BRDA:212,5,0,0
BRDA:212,5,1,1
BRDA:216,6,0,1
BRDA:216,6,1,1
BRDA:222,7,0,1
BRDA:222,7,1,0
BRDA:224,8,0,1
BRDA:224,8,1,0
BRDA:226,9,0,1
BRDA:226,9,1,0
BRF:20
BRH:11
end_of_record
TN:
SF:/home/spineor/Downloads/aelis4-web/vue-client/src/views/warehouse/orderEntry/components/tableSummary/PrintUnitConsolidateLabel.vue
FNF:0
FNH:0
DA:10,2
DA:24,1
DA:25,1
LF:3
LH:3
BRF:0
BRH:0
end_of_record
TN:
SF:/home/spineor/Downloads/aelis4-web/vue-client/src/views/warehouse/orderEntry/components/unitsDetail/PrintUnitLabel.vue
FNF:0
FNH:0
DA:10,2
DA:24,1
DA:25,1
LF:3
LH:3
BRF:0
BRH:0
end_of_record
TN:
SF:/home/spineor/Downloads/aelis4-web/vue-client/src/views/warehouse/orderEntry/components/unitsDetail/UnitsDetailDialog.vue
FN:222,(anonymous_1)
FN:231,(anonymous_2)
FN:243,(anonymous_3)
FN:252,(anonymous_4)
FN:267,(anonymous_5)
FN:270,(anonymous_6)
FN:273,(anonymous_7)
FN:287,(anonymous_8)
FN:305,(anonymous_9)
FNF:9
FNH:8
FNDA:1,(anonymous_1)
FNDA:1,(anonymous_2)
FNDA:2,(anonymous_3)
FNDA:1,(anonymous_4)
FNDA:1,(anonymous_5)
FNDA:0,(anonymous_6)
FNDA:2,(anonymous_7)
FNDA:3,(anonymous_8)
FNDA:2,(anonymous_9)
DA:176,3
DA:177,3
DA:178,3
DA:199,12
DA:207,1
DA:208,1
DA:211,1
DA:212,1
DA:215,1
DA:218,0
DA:221,3
DA:222,3
DA:225,1
DA:228,1
DA:229,1
DA:232,1
DA:238,1
DA:242,3
DA:243,3
DA:244,2
DA:245,2
DA:246,2
DA:247,2
DA:248,1
DA:250,1
DA:253,1
DA:254,1
DA:263,3
DA:264,3
DA:266,3
DA:267,1
DA:269,1
DA:273,2
DA:275,2
DA:279,1
DA:283,1
DA:286,3
DA:287,6
DA:288,3
DA:290,0
DA:293,3
DA:294,3
DA:295,1
DA:296,1
DA:297,1
DA:300,3
DA:303,2
DA:304,2
DA:305,4
DA:306,2
DA:307,1
DA:309,1
DA:311,0
DA:314,1
DA:321,1
LF:55
LH:52
BRDA:228,0,0,1
BRDA:228,0,1,0
BRDA:228,1,0,1
BRDA:228,1,1,1
BRDA:247,2,0,1
BRDA:247,2,1,1
BRDA:266,3,0,1
BRDA:266,3,1,2
BRDA:279,4,0,1
BRDA:279,4,1,1
BRDA:279,4,2,1
BRDA:279,4,3,0
BRDA:286,5,0,3
BRDA:286,5,1,0
BRDA:294,6,0,1
BRDA:294,6,1,2
BRDA:296,7,0,1
BRDA:296,7,1,0
BRDA:304,8,0,2
BRDA:304,8,1,0
BRDA:306,9,0,1
BRDA:306,9,1,1
BRF:22
BRH:17
end_of_record
TN:
SF:/home/spineor/Downloads/aelis4-web/vue-client/src/views/warehouse/uploadXml/UploadDrop.vue
FNF:0
FNH:0
DA:41,2
DA:42,2
DA:52,2
DA:63,2
DA:64,2
DA:65,2
DA:69,1
DA:70,1
DA:71,1
DA:72,1
DA:73,1
DA:76,1
DA:77,1
DA:80,1
DA:83,1
DA:84,1
DA:86,1
DA:89,1
DA:90,1
DA:91,1
DA:94,3
DA:95,3
DA:96,3
DA:97,1
DA:99,3
DA:100,1
DA:102,3
LF:27
LH:27
BRDA:83,0,0,1
BRDA:83,0,1,0
BRDA:91,1,0,1
BRDA:91,1,1,0
BRDA:96,2,0,1
BRDA:96,2,1,2
BRDA:99,3,0,1
BRDA:99,3,1,2
BRDA:102,4,0,3
BRDA:102,4,1,2
BRF:10
BRH:8
end_of_record
TN:
SF:/home/spineor/Downloads/aelis4-web/vue-client/src/views/warehouse/uploadXml/UploadResponse.vue
FNF:0
FNH:0
DA:74,2
DA:84,3
DA:87,1
LF:3
LH:3
BRF:0
BRH:0
end_of_record
TN:
SF:/home/spineor/Downloads/aelis4-web/vue-client/src/views/warehouse/uploadXml/index.vue
FNF:0
FNH:0
DA:28,1
DA:29,1
DA:30,1
DA:36,1
LF:4
LH:4
BRF:0
BRH:0
end_of_record
