TN:
SF:/home/spineor/Downloads/aelis4-web/vue-client/src/components/Autocomplete/index.vue
FN:133,(anonymous_1)
FN:135,(anonymous_2)
FN:171,(anonymous_3)
FNF:3
FNH:3
FNDA:2,(anonymous_1)
FNDA:1,(anonymous_2)
FNDA:10,(anonymous_3)
DA:26,6
DA:27,6
DA:32,8
DA:125,1
DA:126,0
DA:132,2
DA:133,2
DA:134,2
DA:135,1
DA:137,1
DA:138,1
DA:140,1
DA:142,1
DA:146,0
DA:149,1
DA:150,1
DA:151,1
DA:153,1
DA:154,1
DA:158,1
DA:159,0
DA:163,0
DA:165,0
DA:166,0
DA:171,12
DA:173,2
DA:174,1
DA:177,2
DA:178,1
DA:182,1
DA:185,0
DA:188,2
LF:32
LH:25
BRDA:125,0,0,0
BRDA:125,0,1,1
BRDA:132,1,0,2
BRDA:132,1,1,0
BRDA:132,2,0,2
BRDA:132,2,1,2
BRDA:132,2,2,2
BRDA:134,3,0,1
BRDA:134,3,1,1
BRDA:134,4,0,2
BRDA:134,4,1,2
BRDA:134,4,2,2
BRDA:138,5,0,0
BRDA:138,5,1,1
BRDA:150,6,0,1
BRDA:150,6,1,0
BRDA:153,7,0,1
BRDA:153,7,1,0
BRDA:158,8,0,0
BRDA:158,8,1,1
BRDA:165,9,0,0
BRDA:165,9,1,0
BRDA:173,10,0,1
BRDA:173,10,1,1
BRDA:173,11,0,2
BRDA:173,11,1,1
BRDA:173,11,2,1
BRDA:177,12,0,1
BRDA:177,12,1,1
BRDA:177,13,0,2
BRDA:177,13,1,1
BRF:31
BRH:23
end_of_record
TN:
SF:/home/spineor/Downloads/aelis4-web/vue-client/src/components/Callback/index.vue
FNF:0
FNH:0
DA:13,1
DA:14,1
DA:18,3
LF:3
LH:3
BRDA:14,0,0,1
BRDA:14,0,1,0
BRF:2
BRH:1
end_of_record
TN:
SF:/home/spineor/Downloads/aelis4-web/vue-client/src/components/Hamburger/index.vue
FNF:0
FNH:0
DA:43,4
LF:1
LH:1
BRF:0
BRH:0
end_of_record
TN:
SF:/home/spineor/Downloads/aelis4-web/vue-client/src/components/ShipperList/index.vue
FN:114,(anonymous_1)
FN:153,(anonymous_2)
FNF:2
FNH:1
FNDA:1,(anonymous_1)
FNDA:0,(anonymous_2)
DA:63,3
DA:64,3
DA:65,3
DA:77,4
DA:89,1
DA:92,1
DA:98,5
DA:99,5
DA:101,5
DA:104,2
DA:105,2
DA:106,2
DA:107,0
DA:108,0
DA:111,1
DA:113,1
DA:114,1
DA:115,1
DA:120,3
DA:121,3
DA:122,3
DA:123,3
DA:124,2
DA:127,0
DA:134,4
DA:135,4
DA:136,1
DA:138,1
DA:140,3
DA:141,3
DA:142,1
DA:145,1
DA:146,1
DA:148,1
DA:152,2
DA:153,0
DA:154,0
LF:37
LH:32
BRDA:92,0,0,1
BRDA:92,0,1,0
BRDA:98,1,0,5
BRDA:98,1,1,0
BRDA:98,2,0,5
BRDA:98,2,1,2
BRDA:113,3,0,1
BRDA:113,3,1,0
BRDA:120,4,0,3
BRDA:120,4,1,0
BRDA:122,5,0,3
BRDA:122,5,1,0
BRDA:135,6,0,1
BRDA:135,6,1,3
BRDA:142,7,0,1
BRDA:142,7,1,1
BRDA:145,8,0,1
BRDA:145,8,1,0
BRDA:145,9,0,1
BRDA:145,9,1,1
BRDA:152,10,0,0
BRDA:152,10,1,2
BRF:22
BRH:15
end_of_record
TN:
SF:/home/spineor/Downloads/aelis4-web/vue-client/src/directives/alphanumericValidation.js
FN:6,(anonymous_0)
FN:18,(anonymous_1)
FNF:2
FNH:1
FNDA:0,(anonymous_0)
FNDA:12,(anonymous_1)
DA:4,6
DA:6,6
DA:7,0
DA:9,0
DA:10,0
DA:12,0
DA:13,0
DA:14,0
DA:18,6
DA:19,12
LF:10
LH:4
BRDA:12,0,0,0
BRDA:12,0,1,0
BRDA:12,1,0,0
BRDA:12,1,1,0
BRDA:12,1,2,0
BRF:5
BRH:0
end_of_record
TN:
SF:/home/spineor/Downloads/aelis4-web/vue-client/src/directives/circularTabNavigationDialog.js
FN:5,(anonymous_0)
FN:7,(anonymous_1)
FNF:2
FNH:0
FNDA:0,(anonymous_0)
FNDA:0,(anonymous_1)
DA:3,1
DA:5,1
DA:6,0
DA:7,0
DA:8,0
DA:9,0
LF:6
LH:2
BRDA:8,0,0,0
BRDA:8,0,1,0
BRF:2
BRH:0
end_of_record
TN:
SF:/home/spineor/Downloads/aelis4-web/vue-client/src/directives/numericValidation.js
FN:6,(anonymous_0)
FN:17,(anonymous_1)
FN:21,(anonymous_2)
FNF:3
FNH:0
FNDA:0,(anonymous_0)
FNDA:0,(anonymous_1)
FNDA:0,(anonymous_2)
DA:4,3
DA:6,3
DA:7,0
DA:9,0
DA:11,0
DA:12,0
DA:13,0
DA:17,3
DA:18,0
DA:21,3
DA:22,0
DA:23,0
DA:24,0
LF:13
LH:4
BRDA:11,0,0,0
BRDA:11,0,1,0
BRDA:11,1,0,0
BRDA:11,1,1,0
BRF:4
BRH:0
end_of_record
TN:
SF:/home/spineor/Downloads/aelis4-web/vue-client/src/plugins/auth.js
FNF:0
FNH:0
DA:5,9
DA:7,9
DA:9,47
DA:10,6
DA:15,3
DA:16,1
LF:6
LH:6
BRDA:9,0,0,6
BRDA:9,0,1,41
BRDA:15,1,0,1
BRDA:15,1,1,2
BRF:4
BRH:4
end_of_record
TN:
SF:/home/spineor/Downloads/aelis4-web/vue-client/src/plugins/permissions.js
FN:21,(anonymous_0)
FN:34,(anonymous_1)
FNF:2
FNH:2
FNDA:77,(anonymous_0)
FNDA:56,(anonymous_1)
DA:4,5
DA:5,5
DA:21,5
DA:22,77
DA:23,27
DA:25,50
DA:26,23
DA:28,27
DA:34,56
DA:38,35
DA:40,857
DA:47,88
DA:48,1
DA:52,87
DA:53,87
DA:54,87
DA:55,4
DA:60,83
DA:61,77
DA:66,83
DA:67,56
DA:70,83
LF:22
LH:22
BRDA:22,0,0,27
BRDA:22,0,1,50
BRDA:22,1,0,77
BRDA:22,1,1,27
BRDA:25,2,0,23
BRDA:25,2,1,27
BRDA:25,3,0,50
BRDA:25,3,1,50
BRDA:47,4,0,1
BRDA:47,4,1,87
BRDA:54,5,0,4
BRDA:54,5,1,83
BRDA:60,6,0,77
BRDA:60,6,1,6
BRDA:66,7,0,56
BRDA:66,7,1,27
BRDA:70,8,0,83
BRDA:70,8,1,56
BRF:18
BRH:18
end_of_record
TN:
SF:/home/spineor/Downloads/aelis4-web/vue-client/src/store/getters.js
FN:2,(anonymous_0)
FN:3,(anonymous_1)
FN:4,(anonymous_2)
FN:5,(anonymous_3)
FN:6,(anonymous_4)
FN:7,(anonymous_5)
FN:8,(anonymous_6)
FNF:7
FNH:5
FNDA:2,(anonymous_0)
FNDA:0,(anonymous_1)
FNDA:0,(anonymous_2)
FNDA:2,(anonymous_3)
FNDA:13,(anonymous_4)
FNDA:10,(anonymous_5)
FNDA:2,(anonymous_6)
DA:1,26
DA:2,2
DA:3,0
DA:4,0
DA:5,2
DA:6,13
DA:7,10
DA:8,2
LF:8
LH:6
BRF:0
BRH:0
end_of_record
TN:
SF:/home/spineor/Downloads/aelis4-web/vue-client/src/store/index.js
FNF:0
FNH:0
DA:10,26
DA:12,26
LF:2
LH:2
BRF:0
BRH:0
end_of_record
TN:
SF:/home/spineor/Downloads/aelis4-web/vue-client/src/store/modules/app.js
FN:12,(anonymous_0)
FN:21,(anonymous_1)
FN:26,(anonymous_2)
FN:31,(anonymous_3)
FNF:4
FNH:4
FNDA:2,(anonymous_0)
FNDA:2,(anonymous_1)
FNDA:3,(anonymous_2)
FNDA:1,(anonymous_3)
DA:3,27
DA:13,2
DA:14,2
DA:16,0
DA:18,2
DA:19,2
DA:22,2
DA:23,2
DA:24,2
DA:27,3
DA:32,1
DA:35,1
DA:38,2
LF:13
LH:12
BRDA:13,0,0,2
BRDA:13,0,1,0
BRF:2
BRH:1
end_of_record
TN:
SF:/home/spineor/Downloads/aelis4-web/vue-client/src/store/modules/user.js
FN:20,(anonymous_0)
FN:23,(anonymous_1)
FN:26,(anonymous_2)
FN:29,(anonymous_3)
FN:32,(anonymous_4)
FN:35,(anonymous_5)
FN:40,(anonymous_6)
FN:57,(anonymous_7)
FN:60,(anonymous_8)
FN:65,(anonymous_9)
FNF:10
FNH:10
FNDA:2,(anonymous_0)
FNDA:2,(anonymous_1)
FNDA:5,(anonymous_2)
FNDA:38,(anonymous_3)
FNDA:3,(anonymous_4)
FNDA:3,(anonymous_5)
FNDA:2,(anonymous_6)
FNDA:2,(anonymous_7)
FNDA:1,(anonymous_8)
FNDA:1,(anonymous_9)
DA:7,27
DA:21,2
DA:24,2
DA:27,5
DA:30,38
DA:33,3
DA:36,3
DA:37,3
DA:38,3
DA:41,2
DA:47,2
DA:48,2
DA:49,2
DA:50,2
DA:51,2
DA:54,2
DA:57,2
DA:58,2
DA:59,2
DA:60,2
DA:61,1
DA:62,1
DA:63,1
DA:64,1
DA:66,1
DA:67,1
DA:68,1
LF:27
LH:27
BRF:0
BRH:0
end_of_record
TN:
SF:/home/spineor/Downloads/aelis4-web/vue-client/src/store/modules/warehouse/account.js
FN:4,(anonymous_0)
FN:23,(anonymous_1)
FN:32,(anonymous_2)
FN:35,(anonymous_3)
FN:44,(anonymous_4)
FN:45,(anonymous_5)
FN:47,(anonymous_6)
FNF:7
FNH:7
FNDA:29,(anonymous_0)
FNDA:3,(anonymous_1)
FNDA:4,(anonymous_2)
FNDA:3,(anonymous_3)
FNDA:2,(anonymous_4)
FNDA:1,(anonymous_5)
FNDA:1,(anonymous_6)
DA:4,29
DA:17,26
DA:24,3
DA:25,3
DA:27,3
DA:28,3
DA:30,3
DA:33,4
DA:37,3
DA:38,3
DA:39,3
DA:44,2
DA:45,2
DA:46,1
DA:48,1
DA:53,3
DA:54,3
DA:55,3
DA:56,1
DA:57,1
DA:58,1
DA:61,3
LF:22
LH:22
BRDA:27,0,0,3
BRDA:27,0,1,0
BRF:2
BRH:1
end_of_record
TN:
SF:/home/spineor/Downloads/aelis4-web/vue-client/src/store/modules/warehouse/orderEntry.js
FN:54,(anonymous_0)
FN:57,(anonymous_1)
FN:60,(anonymous_2)
FN:63,(anonymous_3)
FN:65,(anonymous_4)
FN:74,(anonymous_5)
FN:77,(anonymous_6)
FN:80,(anonymous_7)
FN:83,(anonymous_8)
FN:93,(anonymous_9)
FN:101,(anonymous_10)
FN:111,(anonymous_11)
FN:120,(anonymous_12)
FN:124,(anonymous_13)
FN:127,(anonymous_14)
FN:137,(anonymous_15)
FN:138,(anonymous_16)
FN:141,(anonymous_17)
FN:155,(anonymous_18)
FN:158,(anonymous_19)
FN:163,(anonymous_20)
FN:173,(anonymous_21)
FN:174,(anonymous_22)
FN:176,(anonymous_23)
FN:183,(anonymous_24)
FN:185,(anonymous_25)
FN:187,(anonymous_26)
FN:200,(anonymous_27)
FN:202,(anonymous_28)
FN:206,(anonymous_29)
FN:213,(anonymous_30)
FN:215,(anonymous_31)
FN:219,(anonymous_32)
FN:226,(anonymous_33)
FN:227,(anonymous_34)
FN:231,(anonymous_35)
FN:239,(anonymous_36)
FN:241,(anonymous_37)
FN:246,(anonymous_38)
FNF:39
FNH:33
FNDA:5,(anonymous_0)
FNDA:2,(anonymous_1)
FNDA:14,(anonymous_2)
FNDA:12,(anonymous_3)
FNDA:15,(anonymous_4)
FNDA:4,(anonymous_5)
FNDA:11,(anonymous_6)
FNDA:6,(anonymous_7)
FNDA:3,(anonymous_8)
FNDA:3,(anonymous_9)
FNDA:1,(anonymous_10)
FNDA:5,(anonymous_11)
FNDA:2,(anonymous_12)
FNDA:1,(anonymous_13)
FNDA:1,(anonymous_14)
FNDA:2,(anonymous_15)
FNDA:2,(anonymous_16)
FNDA:0,(anonymous_17)
FNDA:6,(anonymous_18)
FNDA:1,(anonymous_19)
FNDA:1,(anonymous_20)
FNDA:2,(anonymous_21)
FNDA:1,(anonymous_22)
FNDA:1,(anonymous_23)
FNDA:1,(anonymous_24)
FNDA:1,(anonymous_25)
FNDA:0,(anonymous_26)
FNDA:5,(anonymous_27)
FNDA:3,(anonymous_28)
FNDA:0,(anonymous_29)
FNDA:3,(anonymous_30)
FNDA:3,(anonymous_31)
FNDA:0,(anonymous_32)
FNDA:2,(anonymous_33)
FNDA:1,(anonymous_34)
FNDA:0,(anonymous_35)
FNDA:2,(anonymous_36)
FNDA:1,(anonymous_37)
FNDA:0,(anonymous_38)
DA:6,26
DA:8,26
DA:40,0
DA:55,5
DA:58,2
DA:61,14
DA:64,12
DA:65,11
DA:66,15
DA:67,15
DA:70,12
DA:71,12
DA:72,12
DA:75,4
DA:78,11
DA:81,6
DA:84,3
DA:85,2
DA:86,2
DA:87,2
DA:89,1
DA:90,1
DA:94,3
DA:95,2
DA:96,2
DA:98,1
DA:102,1
DA:103,1
DA:104,1
DA:106,0
DA:112,5
DA:113,5
DA:114,5
DA:119,2
DA:120,2
DA:121,2
DA:122,2
DA:123,2
DA:124,2
DA:125,1
DA:126,1
DA:128,1
DA:129,1
DA:134,1
DA:137,2
DA:138,2
DA:139,2
DA:140,2
DA:142,0
DA:143,0
DA:148,4
DA:149,4
DA:152,6
DA:153,6
DA:154,6
DA:155,6
DA:156,6
DA:157,6
DA:158,6
DA:159,1
DA:160,1
DA:161,1
DA:162,1
DA:164,1
DA:165,1
DA:166,1
DA:171,2
DA:172,2
DA:173,2
DA:174,2
DA:175,1
DA:177,1
DA:182,1
DA:183,1
DA:184,1
DA:185,1
DA:186,1
DA:188,0
DA:193,1
DA:194,1
DA:197,5
DA:200,5
DA:201,5
DA:202,5
DA:203,3
DA:204,3
DA:205,3
DA:207,0
DA:208,0
DA:213,3
DA:214,3
DA:215,3
DA:216,3
DA:217,3
DA:218,3
DA:220,0
DA:221,0
DA:226,2
DA:227,2
DA:228,1
DA:229,1
DA:230,1
DA:232,0
DA:233,0
DA:238,2
DA:239,2
DA:240,2
DA:241,2
DA:242,1
DA:243,1
DA:244,1
DA:245,1
DA:247,0
DA:248,0
DA:249,0
DA:254,1
DA:257,1
DA:258,1
DA:259,1
DA:260,1
DA:263,1
DA:264,1
DA:265,1
DA:266,1
DA:269,1
DA:270,1
DA:271,1
DA:272,1
DA:273,1
DA:274,1
LF:130
LH:116
BRDA:64,0,0,11
BRDA:64,0,1,1
BRDA:70,1,0,12
BRDA:70,1,1,1
BRDA:72,2,0,12
BRDA:72,2,1,10
BRDA:84,3,0,2
BRDA:84,3,1,1
BRDA:86,4,0,1
BRDA:86,4,1,1
BRDA:87,5,0,2
BRDA:87,5,1,1
BRDA:94,6,0,2
BRDA:94,6,1,1
BRDA:96,7,0,1
BRDA:96,7,1,1
BRDA:106,8,0,0
BRDA:106,8,1,0
BRDA:107,9,0,0
BRDA:107,9,1,0
BRDA:156,10,0,0
BRDA:156,10,1,6
BRDA:157,11,0,6
BRDA:157,11,1,4
BRDA:201,12,0,2
BRDA:201,12,1,3
BRF:26
BRH:21
end_of_record
TN:
SF:/home/spineor/Downloads/aelis4-web/vue-client/src/store/modules/warehouse/uploadXml.js
FN:11,(anonymous_0)
FN:26,(anonymous_1)
FN:33,(anonymous_2)
FN:36,(anonymous_3)
FNF:4
FNH:4
FNDA:1,(anonymous_0)
FNDA:1,(anonymous_1)
FNDA:1,(anonymous_2)
FNDA:1,(anonymous_3)
DA:1,27
DA:2,27
DA:12,1
DA:13,1
DA:14,1
DA:15,1
DA:16,1
DA:17,1
DA:18,1
DA:19,1
DA:20,1
DA:21,1
DA:22,1
DA:23,1
DA:27,1
DA:28,1
DA:29,1
DA:34,1
DA:37,1
LF:19
LH:19
BRDA:12,0,0,1
BRDA:12,0,1,0
BRDA:13,1,0,1
BRDA:13,1,1,0
BRDA:18,2,0,1
BRDA:18,2,1,0
BRDA:19,3,0,1
BRDA:19,3,1,0
BRDA:20,4,0,1
BRDA:20,4,1,0
BRDA:21,5,0,1
BRDA:21,5,1,0
BRF:12
BRH:6
end_of_record
TN:
SF:/home/spineor/Downloads/aelis4-web/vue-client/src/utils/apiConstants.js
FNF:0
FNH:0
DA:1,27
LF:1
LH:1
BRF:0
BRH:0
end_of_record
TN:
SF:/home/spineor/Downloads/aelis4-web/vue-client/src/utils/constants.js
FNF:0
FNH:0
DA:1,28
LF:1
LH:1
BRF:0
BRH:0
end_of_record
TN:
SF:/home/spineor/Downloads/aelis4-web/vue-client/src/utils/auth/auth0Service.js
FN:33,(anonymous_0)
FN:40,(anonymous_1)
FN:53,(anonymous_2)
FN:58,(anonymous_3)
FN:59,(anonymous_4)
FN:60,(anonymous_5)
FN:73,(anonymous_6)
FN:80,(anonymous_7)
FN:88,(anonymous_8)
FN:96,(anonymous_9)
FN:97,(anonymous_10)
FN:101,(anonymous_11)
FN:110,(anonymous_12)
FN:111,(anonymous_13)
FN:115,(anonymous_14)
FN:122,(anonymous_15)
FN:145,(anonymous_16)
FN:146,(anonymous_17)
FN:151,(anonymous_18)
FNF:19
FNH:17
FNDA:2,(anonymous_0)
FNDA:1,(anonymous_1)
FNDA:0,(anonymous_2)
FNDA:5,(anonymous_3)
FNDA:5,(anonymous_4)
FNDA:5,(anonymous_5)
FNDA:1,(anonymous_6)
FNDA:2,(anonymous_7)
FNDA:2,(anonymous_8)
FNDA:2,(anonymous_9)
FNDA:2,(anonymous_10)
FNDA:0,(anonymous_11)
FNDA:2,(anonymous_12)
FNDA:2,(anonymous_13)
FNDA:1,(anonymous_14)
FNDA:7,(anonymous_15)
FNDA:3,(anonymous_16)
FNDA:3,(anonymous_17)
FNDA:3,(anonymous_18)
DA:5,29
DA:15,29
DA:16,29
DA:34,2
DA:41,1
DA:43,1
DA:44,1
DA:45,1
DA:46,1
DA:47,1
DA:49,1
DA:53,1
DA:54,0
DA:59,5
DA:60,5
DA:61,5
DA:62,1
DA:63,1
DA:64,1
DA:66,4
DA:67,1
DA:74,1
DA:81,2
DA:89,2
DA:97,2
DA:98,2
DA:99,1
DA:100,1
DA:101,0
DA:102,0
DA:105,1
DA:111,2
DA:112,2
DA:113,1
DA:115,1
DA:116,1
DA:123,7
DA:124,4
DA:126,4
DA:130,4
DA:134,4
DA:136,4
DA:138,4
DA:146,3
DA:147,3
DA:148,0
DA:151,3
DA:152,3
DA:153,1
DA:155,2
DA:156,2
DA:163,29
DA:164,29
LF:53
LH:49
BRDA:8,0,0,29
BRDA:8,0,1,0
BRDA:11,1,0,29
BRDA:11,1,1,0
BRDA:35,2,0,2
BRDA:35,2,1,2
BRDA:61,3,0,1
BRDA:61,3,1,4
BRDA:75,4,0,1
BRDA:75,4,1,0
BRDA:82,5,0,2
BRDA:82,5,1,2
BRDA:82,5,2,1
BRDA:90,6,0,2
BRDA:90,6,1,2
BRDA:90,6,2,1
BRDA:98,7,0,1
BRDA:98,7,1,1
BRDA:100,8,0,0
BRDA:100,8,1,1
BRDA:112,9,0,1
BRDA:112,9,1,1
BRDA:141,10,0,4
BRDA:141,10,1,4
BRDA:147,11,0,0
BRDA:147,11,1,3
BRDA:152,12,0,1
BRDA:152,12,1,2
BRF:28
BRH:23
end_of_record
TN:
SF:/home/spineor/Downloads/aelis4-web/vue-client/src/views/dashboard/index.vue
FNF:0
FNH:0
DA:9,1
LF:1
LH:1
BRF:0
BRH:0
end_of_record
TN:
SF:/home/spineor/Downloads/aelis4-web/vue-client/src/views/layout/Layout.vue
FNF:0
FNH:0
DA:13,1
DA:14,1
DA:26,1
DA:29,2
DA:32,2
DA:42,1
LF:6
LH:6
BRF:0
BRH:0
end_of_record
TN:
SF:/home/spineor/Downloads/aelis4-web/vue-client/src/views/layout/components/Navbar.vue
FNF:0
FNH:0
DA:20,2
DA:21,2
DA:35,1
DA:36,1
DA:40,1
DA:43,1
LF:6
LH:6
BRDA:35,0,0,1
BRDA:35,0,1,0
BRF:2
BRH:1
end_of_record
TN:
SF:/home/spineor/Downloads/aelis4-web/vue-client/src/views/layout/components/index.js
FNF:0
FNH:0
LF:0
LH:0
BRF:0
BRH:0
end_of_record
TN:
SF:/home/spineor/Downloads/aelis4-web/vue-client/src/views/layout/components/Sidebar/Item.vue
FNF:0
FNH:0
DA:16,1
DA:17,1
DA:19,1
DA:20,1
DA:23,1
DA:24,1
DA:26,1
LF:7
LH:7
BRDA:19,0,0,1
BRDA:19,0,1,0
BRDA:23,1,0,1
BRDA:23,1,1,0
BRF:4
BRH:2
end_of_record
TN:
SF:/home/spineor/Downloads/aelis4-web/vue-client/src/views/layout/components/Sidebar/Link.vue
FNF:0
FNH:0
DA:10,4
DA:21,2
DA:24,2
DA:25,1
DA:32,1
LF:5
LH:5
BRDA:24,0,0,1
BRDA:24,0,1,1
BRF:2
BRH:2
end_of_record
TN:
SF:/home/spineor/Downloads/aelis4-web/vue-client/src/views/layout/components/Sidebar/SidebarItem.vue
FN:66,(anonymous_1)
FN:76,(anonymous_2)
FN:109,(anonymous_3)
FNF:3
FNH:2
FNDA:0,(anonymous_1)
FNDA:5,(anonymous_2)
FNDA:1,(anonymous_3)
DA:37,3
DA:38,3
DA:39,3
DA:40,3
DA:41,3
DA:66,0
DA:70,2
DA:76,4
DA:77,5
DA:78,1
DA:81,4
DA:82,4
DA:86,4
DA:87,2
DA:91,2
DA:92,1
DA:93,1
DA:96,1
DA:99,2
DA:100,0
DA:102,2
DA:105,2
DA:108,2
DA:109,3
DA:112,2
LF:25
LH:23
BRDA:77,0,0,1
BRDA:77,0,1,4
BRDA:86,1,0,2
BRDA:86,1,1,2
BRDA:91,2,0,1
BRDA:91,2,1,1
BRDA:99,3,0,0
BRDA:99,3,1,2
BRDA:108,4,0,4
BRDA:108,4,1,2
BRDA:109,5,0,2
BRDA:109,5,1,1
BRDA:112,6,0,2
BRDA:112,6,1,2
BRDA:112,6,2,2
BRF:15
BRH:14
end_of_record
TN:
SF:/home/spineor/Downloads/aelis4-web/vue-client/src/views/layout/components/Sidebar/index.vue
FNF:0
FNH:0
DA:23,2
DA:24,2
DA:25,2
DA:34,1
DA:37,1
DA:42,1
LF:6
LH:6
BRF:0
BRH:0
end_of_record
TN:
SF:/home/spineor/Downloads/aelis4-web/vue-client/src/views/layout/mixin/ResizeHandler.js
FNF:0
FNH:0
DA:3,1
DA:4,1
DA:5,1
DA:10,0
DA:11,0
DA:16,1
DA:19,1
DA:20,1
DA:21,1
DA:22,1
DA:27,1
DA:28,1
DA:31,0
DA:32,0
DA:33,0
DA:35,0
DA:36,0
LF:17
LH:10
BRDA:10,0,0,0
BRDA:10,0,1,0
BRDA:10,1,0,0
BRDA:10,1,1,0
BRDA:20,2,0,1
BRDA:20,2,1,0
BRDA:31,3,0,0
BRDA:31,3,1,0
BRDA:33,4,0,0
BRDA:33,4,1,0
BRDA:35,5,0,0
BRDA:35,5,1,0
BRF:12
BRH:1
end_of_record
TN:
SF:/home/spineor/Downloads/aelis4-web/vue-client/src/views/noUserConfig/index.vue
FNF:0
FNH:0
DA:24,1
LF:1
LH:1
BRF:0
BRH:0
end_of_record
TN:
SF:/home/spineor/Downloads/aelis4-web/vue-client/src/views/signUp/SignUp.vue
FN:85,(anonymous_1)
FN:97,(anonymous_2)
FN:149,(anonymous_3)
FN:155,(anonymous_4)
FN:156,(anonymous_5)
FNF:5
FNH:5
FNDA:4,(anonymous_1)
FNDA:4,(anonymous_2)
FNDA:2,(anonymous_3)
FNDA:1,(anonymous_4)
FNDA:1,(anonymous_5)
DA:73,1
DA:84,2
DA:85,2
DA:86,4
DA:87,1
DA:88,3
DA:89,1
DA:91,2
DA:92,1
DA:94,2
DA:97,2
DA:98,4
DA:99,1
DA:100,3
DA:101,1
DA:103,2
DA:106,2
DA:140,2
DA:141,2
DA:142,2
DA:143,2
DA:144,2
DA:146,2
DA:147,2
DA:149,2
DA:150,2
DA:155,1
DA:156,1
DA:157,1
DA:158,1
DA:159,1
DA:160,1
DA:162,0
DA:165,0
LF:34
LH:32
BRDA:86,0,0,1
BRDA:86,0,1,3
BRDA:88,1,0,1
BRDA:88,1,1,2
BRDA:91,2,0,1
BRDA:91,2,1,1
BRDA:98,3,0,1
BRDA:98,3,1,3
BRDA:100,4,0,1
BRDA:100,4,1,2
BRDA:140,5,0,2
BRDA:140,5,1,0
BRDA:142,6,0,2
BRDA:142,6,1,0
BRDA:157,7,0,1
BRDA:157,7,1,0
BRF:16
BRH:13
end_of_record
TN:
SF:/home/spineor/Downloads/aelis4-web/vue-client/src/views/warehouse/orderEntry/CountdownCutoff.vue
FNF:0
FNH:0
DA:36,2
DA:46,3
DA:52,4
DA:53,4
DA:56,4
LF:5
LH:5
BRF:0
BRH:0
end_of_record
TN:
SF:/home/spineor/Downloads/aelis4-web/vue-client/src/views/warehouse/orderEntry/SearchFilters.vue
FN:125,(anonymous_1)
FN:136,(anonymous_2)
FNF:2
FNH:1
FNDA:2,(anonymous_1)
FNDA:0,(anonymous_2)
DA:89,2
DA:90,2
DA:91,2
DA:92,2
DA:93,2
DA:94,2
DA:106,3
DA:124,2
DA:125,2
DA:126,2
DA:131,1
DA:132,1
DA:136,3
DA:137,3
DA:138,3
DA:140,0
DA:142,3
LF:17
LH:16
BRDA:138,0,0,0
BRDA:138,0,1,3
BRF:2
BRH:1
end_of_record
TN:
SF:/home/spineor/Downloads/aelis4-web/vue-client/src/views/warehouse/orderEntry/TableSummary.vue
FN:422,(anonymous_1)
FN:519,(anonymous_2)
FN:581,(anonymous_3)
FN:587,(anonymous_4)
FN:593,(anonymous_5)
FN:597,(anonymous_6)
FN:631,(anonymous_7)
FN:636,(anonymous_8)
FN:645,(anonymous_9)
FN:651,(anonymous_10)
FN:652,(anonymous_11)
FNF:11
FNH:4
FNDA:0,(anonymous_1)
FNDA:0,(anonymous_2)
FNDA:1,(anonymous_3)
FNDA:0,(anonymous_4)
FNDA:0,(anonymous_5)
FNDA:1,(anonymous_6)
FNDA:1,(anonymous_7)
FNDA:1,(anonymous_8)
FNDA:0,(anonymous_9)
FNDA:0,(anonymous_10)
FNDA:0,(anonymous_11)
DA:405,2
DA:406,2
DA:407,2
DA:408,2
DA:409,2
DA:410,2
DA:411,2
DA:412,2
DA:422,0
DA:428,11
DA:484,1
DA:487,0
DA:493,1
DA:494,1
DA:495,1
DA:496,1
DA:502,0
DA:503,0
DA:504,0
DA:505,0
DA:506,0
DA:507,0
DA:508,0
DA:509,0
DA:510,0
DA:511,0
DA:512,0
DA:513,0
DA:514,0
DA:515,0
DA:516,0
DA:517,0
DA:518,0
DA:519,0
DA:520,0
DA:523,0
DA:524,0
DA:525,0
DA:532,0
DA:538,0
DA:539,0
DA:540,0
DA:541,0
DA:543,0
DA:544,0
DA:545,0
DA:547,0
DA:548,0
DA:549,0
DA:550,0
DA:551,0
DA:552,0
DA:553,0
DA:554,0
DA:555,0
DA:556,0
DA:557,0
DA:558,0
DA:560,0
DA:563,1
DA:564,1
DA:565,1
DA:566,1
DA:569,0
DA:570,0
DA:573,1
DA:574,1
DA:575,1
DA:581,1
DA:585,1
DA:586,1
DA:587,0
DA:590,0
DA:591,0
DA:592,0
DA:595,0
DA:601,16
DA:613,16
DA:616,17
DA:628,17
DA:631,1
DA:632,1
DA:633,1
DA:634,1
DA:635,1
DA:641,1
DA:642,1
DA:643,1
DA:644,1
DA:647,0
DA:650,0
DA:651,0
DA:652,0
DA:653,0
DA:656,0
LF:95
LH:37
BRDA:495,0,0,1
BRDA:495,0,1,1
BRDA:524,1,0,0
BRDA:524,1,1,0
BRDA:538,2,0,0
BRDA:538,2,1,0
BRDA:548,3,0,0
BRDA:548,3,1,0
BRDA:552,4,0,0
BRDA:552,4,1,0
BRDA:554,5,0,0
BRDA:554,5,1,0
BRDA:601,6,0,16
BRDA:601,6,1,5
BRDA:601,6,2,5
BRDA:601,6,3,0
BRDA:613,7,0,16
BRDA:613,7,1,16
BRDA:616,8,0,17
BRDA:616,8,1,5
BRDA:616,8,2,5
BRDA:616,8,3,0
BRDA:632,9,0,1
BRDA:632,9,1,0
BRF:24
BRH:11
end_of_record
TN:
SF:/home/spineor/Downloads/aelis4-web/vue-client/src/views/warehouse/orderEntry/index.vue
FNF:0
FNH:0
DA:33,1
DA:34,1
DA:35,1
DA:36,1
DA:37,1
DA:38,1
DA:39,1
DA:40,1
DA:55,1
LF:9
LH:9
BRF:0
BRH:0
end_of_record
TN:
SF:/home/spineor/Downloads/aelis4-web/vue-client/src/views/warehouse/orderEntry/components/AddConsigneeShipperButton.vue
FN:129,(anonymous_1)
FN:134,(anonymous_2)
FNF:2
FNH:0
FNDA:0,(anonymous_1)
FNDA:0,(anonymous_2)
DA:100,3
DA:101,3
DA:102,3
DA:103,3
DA:104,3
DA:115,8
DA:125,1
DA:126,1
DA:129,0
DA:130,0
DA:134,2
DA:135,2
DA:136,2
DA:137,2
DA:139,2
DA:140,2
DA:141,1
DA:142,1
DA:143,1
DA:145,1
DA:147,2
DA:149,1
DA:152,1
DA:153,1
DA:154,1
DA:157,2
DA:158,2
DA:159,2
DA:162,3
DA:163,3
LF:30
LH:28
BRDA:135,0,0,0
BRDA:135,0,1,2
BRDA:153,1,0,1
BRDA:153,1,1,0
BRDA:153,1,2,0
BRDA:153,1,3,0
BRDA:153,1,4,0
BRDA:153,1,5,0
BRDA:153,1,6,0
BRF:9
BRH:2
end_of_record
TN:
SF:/home/spineor/Downloads/aelis4-web/vue-client/src/views/warehouse/orderEntry/components/AddDialog.vue
FN:334,(anonymous_1)
FN:390,(anonymous_2)
FN:409,(anonymous_3)
FN:410,(anonymous_4)
FN:414,(anonymous_5)
FN:423,(anonymous_6)
FNF:6
FNH:5
FNDA:1,(anonymous_1)
FNDA:3,(anonymous_2)
FNDA:1,(anonymous_3)
FNDA:1,(anonymous_4)
FNDA:1,(anonymous_5)
FNDA:0,(anonymous_6)
DA:238,2
DA:239,2
DA:240,2
DA:241,2
DA:242,2
DA:243,2
DA:245,2
DA:253,7
DA:330,1
DA:334,1
DA:335,1
DA:336,1
DA:339,0
DA:343,1
DA:344,1
DA:347,1
DA:353,1
DA:354,0
DA:355,0
DA:356,0
DA:358,1
DA:359,0
DA:360,0
DA:362,0
DA:363,0
DA:364,0
DA:365,0
DA:366,0
DA:367,0
DA:368,0
DA:370,0
DA:371,0
DA:372,0
DA:373,0
DA:374,0
DA:375,0
DA:377,0
DA:380,3
DA:381,3
DA:382,3
DA:383,3
DA:384,3
DA:385,3
DA:386,3
DA:390,3
DA:391,3
DA:392,3
DA:396,3
DA:400,1
DA:403,11
DA:409,1
DA:410,1
DA:411,1
DA:412,1
DA:413,1
DA:414,1
DA:417,1
DA:418,1
DA:419,1
DA:420,1
DA:421,1
DA:422,1
DA:425,0
DA:426,0
DA:429,0
LF:65
LH:42
BRDA:353,0,0,0
BRDA:353,0,1,1
BRDA:363,1,0,0
BRDA:363,1,1,0
BRDA:367,2,0,0
BRDA:367,2,1,0
BRDA:371,3,0,0
BRDA:371,3,1,0
BRDA:403,4,0,11
BRDA:403,4,1,0
BRDA:411,5,0,1
BRDA:411,5,1,0
BRF:12
BRH:3
end_of_record
TN:
SF:/home/spineor/Downloads/aelis4-web/vue-client/src/views/warehouse/orderEntry/components/ChangeShipDateButton.vue
FN:70,(anonymous_1)
FN:89,(anonymous_2)
FN:94,(anonymous_3)
FN:95,(anonymous_4)
FNF:4
FNH:3
FNDA:1,(anonymous_1)
FNDA:0,(anonymous_2)
FNDA:2,(anonymous_3)
FNDA:2,(anonymous_4)
DA:32,2
DA:33,2
DA:34,2
DA:35,2
DA:44,5
DA:59,1
DA:62,1
DA:63,1
DA:64,1
DA:66,0
DA:70,1
DA:71,1
DA:75,2
DA:76,2
DA:77,2
DA:78,2
DA:81,2
DA:82,2
DA:83,0
DA:85,0
DA:88,2
DA:89,2
DA:91,2
DA:94,2
DA:95,2
DA:96,2
DA:98,2
DA:99,2
DA:101,2
DA:102,2
DA:104,2
DA:105,2
DA:106,1
DA:113,1
DA:114,1
DA:115,1
DA:117,1
DA:119,2
DA:122,0
DA:128,6
DA:129,6
DA:130,6
LF:42
LH:38
BRDA:66,0,0,0
BRDA:66,0,1,0
BRDA:81,1,0,2
BRDA:81,1,1,0
BRDA:83,2,0,0
BRDA:83,2,1,0
BRDA:88,3,0,2
BRDA:88,3,1,0
BRDA:96,4,0,2
BRDA:96,4,1,0
BRDA:99,5,0,0
BRDA:99,5,1,2
BRDA:128,6,0,6
BRDA:128,6,1,6
BRDA:130,7,0,6
BRDA:130,7,1,6
BRF:16
BRH:8
end_of_record
TN:
SF:/home/spineor/Downloads/aelis4-web/vue-client/src/views/warehouse/orderEntry/components/FinalizeShipmentsButton.vue
FNF:0
FNH:0
DA:8,2
DA:9,2
DA:18,3
DA:22,1
DA:23,1
DA:24,1
DA:25,1
DA:26,1
DA:27,1
DA:28,1
DA:30,1
DA:35,7
DA:36,7
DA:37,7
LF:14
LH:14
BRDA:23,0,0,1
BRDA:23,0,1,0
BRDA:35,1,0,7
BRDA:35,1,1,7
BRDA:36,2,0,7
BRDA:36,2,1,7
BRDA:37,3,0,7
BRDA:37,3,1,7
BRF:8
BRH:7
end_of_record
TN:
SF:/home/spineor/Downloads/aelis4-web/vue-client/src/views/warehouse/orderEntry/components/PrintMassiveButton.vue
FNF:0
FNH:0
DA:8,2
DA:17,2
DA:21,1
DA:22,1
LF:4
LH:4
BRF:0
BRH:0
end_of_record
TN:
SF:/home/spineor/Downloads/aelis4-web/vue-client/src/views/warehouse/orderEntry/components/tableSummary/PrintUnitConsolidateLabel.vue
FNF:0
FNH:0
DA:10,13
DA:24,1
DA:25,1
LF:3
LH:3
BRF:0
BRH:0
end_of_record
TN:
SF:/home/spineor/Downloads/aelis4-web/vue-client/src/views/warehouse/orderEntry/components/unitsDetail/PrintUnitLabel.vue
FNF:0
FNH:0
DA:10,2
DA:24,1
DA:25,1
LF:3
LH:3
BRF:0
BRH:0
end_of_record
TN:
SF:/home/spineor/Downloads/aelis4-web/vue-client/src/views/warehouse/orderEntry/components/unitsDetail/UnitsDetailDialog.vue
FN:209,(anonymous_1)
FN:211,(anonymous_2)
FN:223,(anonymous_3)
FN:232,(anonymous_4)
FN:247,(anonymous_5)
FN:250,(anonymous_6)
FN:253,(anonymous_7)
FNF:7
FNH:5
FNDA:0,(anonymous_1)
FNDA:1,(anonymous_2)
FNDA:2,(anonymous_3)
FNDA:1,(anonymous_4)
FNDA:1,(anonymous_5)
FNDA:0,(anonymous_6)
FNDA:2,(anonymous_7)
DA:168,3
DA:169,3
DA:170,3
DA:186,20
DA:194,1
DA:195,1
DA:198,1
DA:199,1
DA:202,1
DA:205,0
DA:208,2
DA:209,2
DA:210,0
DA:212,1
DA:218,1
DA:222,3
DA:223,3
DA:224,2
DA:225,2
DA:226,2
DA:227,2
DA:228,1
DA:230,1
DA:233,1
DA:234,1
DA:243,3
DA:244,3
DA:246,3
DA:247,1
DA:249,1
DA:253,2
DA:255,2
DA:259,1
DA:263,1
LF:34
LH:32
BRDA:227,0,0,1
BRDA:227,0,1,1
BRDA:246,1,0,1
BRDA:246,1,1,2
BRDA:259,2,0,1
BRDA:259,2,1,1
BRDA:259,2,2,1
BRDA:259,2,3,0
BRF:8
BRH:7
end_of_record
TN:
SF:/home/spineor/Downloads/aelis4-web/vue-client/src/views/warehouse/uploadXml/UploadDrop.vue
FNF:0
FNH:0
DA:40,2
DA:41,2
DA:51,2
DA:62,2
DA:63,2
DA:64,2
DA:65,2
DA:69,1
DA:70,1
DA:71,1
DA:72,1
DA:73,1
DA:76,1
DA:77,1
DA:80,1
DA:83,1
DA:84,1
DA:86,1
DA:89,1
DA:90,1
DA:93,3
DA:94,3
DA:95,3
DA:96,1
DA:98,3
DA:99,1
DA:101,3
LF:27
LH:27
BRDA:83,0,0,1
BRDA:83,0,1,0
BRDA:95,1,0,1
BRDA:95,1,1,2
BRDA:98,2,0,1
BRDA:98,2,1,2
BRDA:101,3,0,3
BRDA:101,3,1,2
BRF:8
BRH:7
end_of_record
TN:
SF:/home/spineor/Downloads/aelis4-web/vue-client/src/views/warehouse/uploadXml/UploadResponse.vue
FNF:0
FNH:0
DA:73,2
DA:83,3
DA:86,1
LF:3
LH:3
BRF:0
BRH:0
end_of_record
TN:
SF:/home/spineor/Downloads/aelis4-web/vue-client/src/views/warehouse/uploadXml/index.vue
FNF:0
FNH:0
DA:28,1
DA:29,1
DA:30,1
DA:36,1
LF:4
LH:4
BRF:0
BRH:0
end_of_record
